CRITICAL - 2023-04-07 18:53:25 --> view(): Argument #3 ($options) must be of type array, CodeIgniter\Session\Session given, called in C:\xampp\htdocs\miproyecto\app\Controllers\Principal.php on line 19
in SYSTEMPATH\Common.php on line 1172.
 1 APPPATH\Controllers\Principal.php(19): view('/principal/header', [...], Object(CodeIgniter\Session\Session))
 2 SYSTEMPATH\CodeIgniter.php(934): App\Controllers\Principal->index()
 3 SYSTEMPATH\CodeIgniter.php(499): CodeIgniter\CodeIgniter->runController(Object(App\Controllers\Principal))
 4 SYSTEMPATH\CodeIgniter.php(368): CodeIgniter\CodeIgniter->handleRequest(null, Object(Config\Cache), false)
 5 FCPATH\index.php(67): CodeIgniter\CodeIgniter->run()
CRITICAL - 2023-04-07 18:54:26 --> Undefined variable $session
in APPPATH\Views\principal\header.php on line 76.
 1 APPPATH\Views\principal\header.php(76): CodeIgniter\Debug\Exceptions->errorHandler(2, 'Undefined variable $session', 'APPPATH\\Views\\principal\\header.php', 76)
 2 SYSTEMPATH\View\View.php(213): include('APPPATH\\Views\\principal\\header.php')
 3 SYSTEMPATH\View\View.php(216): CodeIgniter\View\View->CodeIgniter\View\{closure}()
 4 SYSTEMPATH\Common.php(1184): CodeIgniter\View\View->render('/principal/header', [], true)
 5 APPPATH\Controllers\Usuarios.php(33): view('/principal/header', [...])
 6 SYSTEMPATH\CodeIgniter.php(934): App\Controllers\Usuarios->index()
 7 SYSTEMPATH\CodeIgniter.php(499): CodeIgniter\CodeIgniter->runController(Object(App\Controllers\Usuarios))
 8 SYSTEMPATH\CodeIgniter.php(368): CodeIgniter\CodeIgniter->handleRequest(null, Object(Config\Cache), false)
 9 FCPATH\index.php(67): CodeIgniter\CodeIgniter->run()
CRITICAL - 2023-04-07 18:54:50 --> Undefined variable $session
in APPPATH\Views\principal\header.php on line 76.
 1 APPPATH\Views\principal\header.php(76): CodeIgniter\Debug\Exceptions->errorHandler(2, 'Undefined variable $session', 'APPPATH\\Views\\principal\\header.php', 76)
 2 SYSTEMPATH\View\View.php(213): include('APPPATH\\Views\\principal\\header.php')
 3 SYSTEMPATH\View\View.php(216): CodeIgniter\View\View->CodeIgniter\View\{closure}()
 4 SYSTEMPATH\Common.php(1184): CodeIgniter\View\View->render('/principal/header', [], true)
 5 APPPATH\Controllers\Usuarios.php(33): view('/principal/header', [...])
 6 SYSTEMPATH\CodeIgniter.php(934): App\Controllers\Usuarios->index()
 7 SYSTEMPATH\CodeIgniter.php(499): CodeIgniter\CodeIgniter->runController(Object(App\Controllers\Usuarios))
 8 SYSTEMPATH\CodeIgniter.php(368): CodeIgniter\CodeIgniter->handleRequest(null, Object(Config\Cache), false)
 9 FCPATH\index.php(67): CodeIgniter\CodeIgniter->run()
CRITICAL - 2023-04-07 18:54:51 --> Undefined variable $session
in APPPATH\Views\principal\header.php on line 76.
 1 APPPATH\Views\principal\header.php(76): CodeIgniter\Debug\Exceptions->errorHandler(2, 'Undefined variable $session', 'APPPATH\\Views\\principal\\header.php', 76)
 2 SYSTEMPATH\View\View.php(213): include('APPPATH\\Views\\principal\\header.php')
 3 SYSTEMPATH\View\View.php(216): CodeIgniter\View\View->CodeIgniter\View\{closure}()
 4 SYSTEMPATH\Common.php(1184): CodeIgniter\View\View->render('/principal/header', [], true)
 5 APPPATH\Controllers\Usuarios.php(33): view('/principal/header', [...])
 6 SYSTEMPATH\CodeIgniter.php(934): App\Controllers\Usuarios->index()
 7 SYSTEMPATH\CodeIgniter.php(499): CodeIgniter\CodeIgniter->runController(Object(App\Controllers\Usuarios))
 8 SYSTEMPATH\CodeIgniter.php(368): CodeIgniter\CodeIgniter->handleRequest(null, Object(Config\Cache), false)
 9 FCPATH\index.php(67): CodeIgniter\CodeIgniter->run()
CRITICAL - 2023-04-07 18:55:14 --> Undefined variable $session
in APPPATH\Views\principal\header.php on line 76.
 1 APPPATH\Views\principal\header.php(76): CodeIgniter\Debug\Exceptions->errorHandler(2, 'Undefined variable $session', 'APPPATH\\Views\\principal\\header.php', 76)
 2 SYSTEMPATH\View\View.php(213): include('APPPATH\\Views\\principal\\header.php')
 3 SYSTEMPATH\View\View.php(216): CodeIgniter\View\View->CodeIgniter\View\{closure}()
 4 SYSTEMPATH\Common.php(1184): CodeIgniter\View\View->render('/principal/header', [], true)
 5 APPPATH\Controllers\Usuarios.php(33): view('/principal/header', [...])
 6 SYSTEMPATH\CodeIgniter.php(934): App\Controllers\Usuarios->index()
 7 SYSTEMPATH\CodeIgniter.php(499): CodeIgniter\CodeIgniter->runController(Object(App\Controllers\Usuarios))
 8 SYSTEMPATH\CodeIgniter.php(368): CodeIgniter\CodeIgniter->handleRequest(null, Object(Config\Cache), false)
 9 FCPATH\index.php(67): CodeIgniter\CodeIgniter->run()
CRITICAL - 2023-04-07 18:55:15 --> Undefined variable $session
in APPPATH\Views\principal\header.php on line 76.
 1 APPPATH\Views\principal\header.php(76): CodeIgniter\Debug\Exceptions->errorHandler(2, 'Undefined variable $session', 'APPPATH\\Views\\principal\\header.php', 76)
 2 SYSTEMPATH\View\View.php(213): include('APPPATH\\Views\\principal\\header.php')
 3 SYSTEMPATH\View\View.php(216): CodeIgniter\View\View->CodeIgniter\View\{closure}()
 4 SYSTEMPATH\Common.php(1184): CodeIgniter\View\View->render('/principal/header', [], true)
 5 APPPATH\Controllers\Usuarios.php(33): view('/principal/header', [...])
 6 SYSTEMPATH\CodeIgniter.php(934): App\Controllers\Usuarios->index()
 7 SYSTEMPATH\CodeIgniter.php(499): CodeIgniter\CodeIgniter->runController(Object(App\Controllers\Usuarios))
 8 SYSTEMPATH\CodeIgniter.php(368): CodeIgniter\CodeIgniter->handleRequest(null, Object(Config\Cache), false)
 9 FCPATH\index.php(67): CodeIgniter\CodeIgniter->run()
CRITICAL - 2023-04-07 18:55:19 --> Undefined variable $session
in APPPATH\Views\principal\header.php on line 76.
 1 APPPATH\Views\principal\header.php(76): CodeIgniter\Debug\Exceptions->errorHandler(2, 'Undefined variable $session', 'APPPATH\\Views\\principal\\header.php', 76)
 2 SYSTEMPATH\View\View.php(213): include('APPPATH\\Views\\principal\\header.php')
 3 SYSTEMPATH\View\View.php(216): CodeIgniter\View\View->CodeIgniter\View\{closure}()
 4 SYSTEMPATH\Common.php(1184): CodeIgniter\View\View->render('/principal/header', [], true)
 5 APPPATH\Controllers\Usuarios.php(33): view('/principal/header', [...])
 6 SYSTEMPATH\CodeIgniter.php(934): App\Controllers\Usuarios->index()
 7 SYSTEMPATH\CodeIgniter.php(499): CodeIgniter\CodeIgniter->runController(Object(App\Controllers\Usuarios))
 8 SYSTEMPATH\CodeIgniter.php(368): CodeIgniter\CodeIgniter->handleRequest(null, Object(Config\Cache), false)
 9 FCPATH\index.php(67): CodeIgniter\CodeIgniter->run()
CRITICAL - 2023-04-07 18:55:20 --> Undefined variable $session
in APPPATH\Views\principal\header.php on line 76.
 1 APPPATH\Views\principal\header.php(76): CodeIgniter\Debug\Exceptions->errorHandler(2, 'Undefined variable $session', 'APPPATH\\Views\\principal\\header.php', 76)
 2 SYSTEMPATH\View\View.php(213): include('APPPATH\\Views\\principal\\header.php')
 3 SYSTEMPATH\View\View.php(216): CodeIgniter\View\View->CodeIgniter\View\{closure}()
 4 SYSTEMPATH\Common.php(1184): CodeIgniter\View\View->render('/principal/header', [], true)
 5 APPPATH\Controllers\Usuarios.php(33): view('/principal/header', [...])
 6 SYSTEMPATH\CodeIgniter.php(934): App\Controllers\Usuarios->index()
 7 SYSTEMPATH\CodeIgniter.php(499): CodeIgniter\CodeIgniter->runController(Object(App\Controllers\Usuarios))
 8 SYSTEMPATH\CodeIgniter.php(368): CodeIgniter\CodeIgniter->handleRequest(null, Object(Config\Cache), false)
 9 FCPATH\index.php(67): CodeIgniter\CodeIgniter->run()
CRITICAL - 2023-04-07 18:55:32 --> Undefined variable $session
in APPPATH\Views\principal\header.php on line 77.
 1 APPPATH\Views\principal\header.php(77): CodeIgniter\Debug\Exceptions->errorHandler(2, 'Undefined variable $session', 'APPPATH\\Views\\principal\\header.php', 77)
 2 SYSTEMPATH\View\View.php(213): include('APPPATH\\Views\\principal\\header.php')
 3 SYSTEMPATH\View\View.php(216): CodeIgniter\View\View->CodeIgniter\View\{closure}()
 4 SYSTEMPATH\Common.php(1184): CodeIgniter\View\View->render('/principal/header', [], true)
 5 APPPATH\Controllers\Usuarios.php(33): view('/principal/header', [...])
 6 SYSTEMPATH\CodeIgniter.php(934): App\Controllers\Usuarios->index()
 7 SYSTEMPATH\CodeIgniter.php(499): CodeIgniter\CodeIgniter->runController(Object(App\Controllers\Usuarios))
 8 SYSTEMPATH\CodeIgniter.php(368): CodeIgniter\CodeIgniter->handleRequest(null, Object(Config\Cache), false)
 9 FCPATH\index.php(67): CodeIgniter\CodeIgniter->run()
CRITICAL - 2023-04-07 18:55:33 --> Undefined variable $session
in APPPATH\Views\principal\header.php on line 77.
 1 APPPATH\Views\principal\header.php(77): CodeIgniter\Debug\Exceptions->errorHandler(2, 'Undefined variable $session', 'APPPATH\\Views\\principal\\header.php', 77)
 2 SYSTEMPATH\View\View.php(213): include('APPPATH\\Views\\principal\\header.php')
 3 SYSTEMPATH\View\View.php(216): CodeIgniter\View\View->CodeIgniter\View\{closure}()
 4 SYSTEMPATH\Common.php(1184): CodeIgniter\View\View->render('/principal/header', [], true)
 5 APPPATH\Controllers\Usuarios.php(33): view('/principal/header', [...])
 6 SYSTEMPATH\CodeIgniter.php(934): App\Controllers\Usuarios->index()
 7 SYSTEMPATH\CodeIgniter.php(499): CodeIgniter\CodeIgniter->runController(Object(App\Controllers\Usuarios))
 8 SYSTEMPATH\CodeIgniter.php(368): CodeIgniter\CodeIgniter->handleRequest(null, Object(Config\Cache), false)
 9 FCPATH\index.php(67): CodeIgniter\CodeIgniter->run()
CRITICAL - 2023-04-07 18:56:58 --> Undefined variable $session
in APPPATH\Views\principal\header.php on line 77.
 1 APPPATH\Views\principal\header.php(77): CodeIgniter\Debug\Exceptions->errorHandler(2, 'Undefined variable $session', 'APPPATH\\Views\\principal\\header.php', 77)
 2 SYSTEMPATH\View\View.php(213): include('APPPATH\\Views\\principal\\header.php')
 3 SYSTEMPATH\View\View.php(216): CodeIgniter\View\View->CodeIgniter\View\{closure}()
 4 SYSTEMPATH\Common.php(1184): CodeIgniter\View\View->render('/principal/header', [], true)
 5 APPPATH\Controllers\Usuarios.php(33): view('/principal/header', [...])
 6 SYSTEMPATH\CodeIgniter.php(934): App\Controllers\Usuarios->index()
 7 SYSTEMPATH\CodeIgniter.php(499): CodeIgniter\CodeIgniter->runController(Object(App\Controllers\Usuarios))
 8 SYSTEMPATH\CodeIgniter.php(368): CodeIgniter\CodeIgniter->handleRequest(null, Object(Config\Cache), false)
 9 FCPATH\index.php(67): CodeIgniter\CodeIgniter->run()
CRITICAL - 2023-04-07 18:57:07 --> Undefined variable $session
in APPPATH\Views\principal\header.php on line 76.
 1 APPPATH\Views\principal\header.php(76): CodeIgniter\Debug\Exceptions->errorHandler(2, 'Undefined variable $session', 'APPPATH\\Views\\principal\\header.php', 76)
 2 SYSTEMPATH\View\View.php(213): include('APPPATH\\Views\\principal\\header.php')
 3 SYSTEMPATH\View\View.php(216): CodeIgniter\View\View->CodeIgniter\View\{closure}()
 4 SYSTEMPATH\Common.php(1184): CodeIgniter\View\View->render('/principal/header', [], true)
 5 APPPATH\Controllers\Usuarios.php(33): view('/principal/header', [...])
 6 SYSTEMPATH\CodeIgniter.php(934): App\Controllers\Usuarios->index()
 7 SYSTEMPATH\CodeIgniter.php(499): CodeIgniter\CodeIgniter->runController(Object(App\Controllers\Usuarios))
 8 SYSTEMPATH\CodeIgniter.php(368): CodeIgniter\CodeIgniter->handleRequest(null, Object(Config\Cache), false)
 9 FCPATH\index.php(67): CodeIgniter\CodeIgniter->run()
CRITICAL - 2023-04-07 18:57:08 --> Undefined variable $session
in APPPATH\Views\principal\header.php on line 76.
 1 APPPATH\Views\principal\header.php(76): CodeIgniter\Debug\Exceptions->errorHandler(2, 'Undefined variable $session', 'APPPATH\\Views\\principal\\header.php', 76)
 2 SYSTEMPATH\View\View.php(213): include('APPPATH\\Views\\principal\\header.php')
 3 SYSTEMPATH\View\View.php(216): CodeIgniter\View\View->CodeIgniter\View\{closure}()
 4 SYSTEMPATH\Common.php(1184): CodeIgniter\View\View->render('/principal/header', [], true)
 5 APPPATH\Controllers\Usuarios.php(33): view('/principal/header', [...])
 6 SYSTEMPATH\CodeIgniter.php(934): App\Controllers\Usuarios->index()
 7 SYSTEMPATH\CodeIgniter.php(499): CodeIgniter\CodeIgniter->runController(Object(App\Controllers\Usuarios))
 8 SYSTEMPATH\CodeIgniter.php(368): CodeIgniter\CodeIgniter->handleRequest(null, Object(Config\Cache), false)
 9 FCPATH\index.php(67): CodeIgniter\CodeIgniter->run()
CRITICAL - 2023-04-07 18:57:13 --> Undefined variable $session
in APPPATH\Views\principal\header.php on line 76.
 1 APPPATH\Views\principal\header.php(76): CodeIgniter\Debug\Exceptions->errorHandler(2, 'Undefined variable $session', 'APPPATH\\Views\\principal\\header.php', 76)
 2 SYSTEMPATH\View\View.php(213): include('APPPATH\\Views\\principal\\header.php')
 3 SYSTEMPATH\View\View.php(216): CodeIgniter\View\View->CodeIgniter\View\{closure}()
 4 SYSTEMPATH\Common.php(1184): CodeIgniter\View\View->render('/principal/header', [], true)
 5 APPPATH\Controllers\Usuarios.php(33): view('/principal/header', [...])
 6 SYSTEMPATH\CodeIgniter.php(934): App\Controllers\Usuarios->index()
 7 SYSTEMPATH\CodeIgniter.php(499): CodeIgniter\CodeIgniter->runController(Object(App\Controllers\Usuarios))
 8 SYSTEMPATH\CodeIgniter.php(368): CodeIgniter\CodeIgniter->handleRequest(null, Object(Config\Cache), false)
 9 FCPATH\index.php(67): CodeIgniter\CodeIgniter->run()
CRITICAL - 2023-04-07 18:57:14 --> Undefined variable $session
in APPPATH\Views\principal\header.php on line 76.
 1 APPPATH\Views\principal\header.php(76): CodeIgniter\Debug\Exceptions->errorHandler(2, 'Undefined variable $session', 'APPPATH\\Views\\principal\\header.php', 76)
 2 SYSTEMPATH\View\View.php(213): include('APPPATH\\Views\\principal\\header.php')
 3 SYSTEMPATH\View\View.php(216): CodeIgniter\View\View->CodeIgniter\View\{closure}()
 4 SYSTEMPATH\Common.php(1184): CodeIgniter\View\View->render('/principal/header', [], true)
 5 APPPATH\Controllers\Usuarios.php(33): view('/principal/header', [...])
 6 SYSTEMPATH\CodeIgniter.php(934): App\Controllers\Usuarios->index()
 7 SYSTEMPATH\CodeIgniter.php(499): CodeIgniter\CodeIgniter->runController(Object(App\Controllers\Usuarios))
 8 SYSTEMPATH\CodeIgniter.php(368): CodeIgniter\CodeIgniter->handleRequest(null, Object(Config\Cache), false)
 9 FCPATH\index.php(67): CodeIgniter\CodeIgniter->run()
CRITICAL - 2023-04-07 18:59:51 --> Undefined variable $dataUser
in APPPATH\Views\principal\header.php on line 76.
 1 APPPATH\Views\principal\header.php(76): CodeIgniter\Debug\Exceptions->errorHandler(2, 'Undefined variable $dataUser', 'APPPATH\\Views\\principal\\header.php', 76)
 2 SYSTEMPATH\View\View.php(213): include('APPPATH\\Views\\principal\\header.php')
 3 SYSTEMPATH\View\View.php(216): CodeIgniter\View\View->CodeIgniter\View\{closure}()
 4 SYSTEMPATH\Common.php(1184): CodeIgniter\View\View->render('/principal/header', [], true)
 5 APPPATH\Controllers\Usuarios.php(33): view('/principal/header', [...])
 6 SYSTEMPATH\CodeIgniter.php(934): App\Controllers\Usuarios->index()
 7 SYSTEMPATH\CodeIgniter.php(499): CodeIgniter\CodeIgniter->runController(Object(App\Controllers\Usuarios))
 8 SYSTEMPATH\CodeIgniter.php(368): CodeIgniter\CodeIgniter->handleRequest(null, Object(Config\Cache), false)
 9 FCPATH\index.php(67): CodeIgniter\CodeIgniter->run()
CRITICAL - 2023-04-07 18:59:52 --> Undefined variable $dataUser
in APPPATH\Views\principal\header.php on line 76.
 1 APPPATH\Views\principal\header.php(76): CodeIgniter\Debug\Exceptions->errorHandler(2, 'Undefined variable $dataUser', 'APPPATH\\Views\\principal\\header.php', 76)
 2 SYSTEMPATH\View\View.php(213): include('APPPATH\\Views\\principal\\header.php')
 3 SYSTEMPATH\View\View.php(216): CodeIgniter\View\View->CodeIgniter\View\{closure}()
 4 SYSTEMPATH\Common.php(1184): CodeIgniter\View\View->render('/principal/header', [], true)
 5 APPPATH\Controllers\Usuarios.php(33): view('/principal/header', [...])
 6 SYSTEMPATH\CodeIgniter.php(934): App\Controllers\Usuarios->index()
 7 SYSTEMPATH\CodeIgniter.php(499): CodeIgniter\CodeIgniter->runController(Object(App\Controllers\Usuarios))
 8 SYSTEMPATH\CodeIgniter.php(368): CodeIgniter\CodeIgniter->handleRequest(null, Object(Config\Cache), false)
 9 FCPATH\index.php(67): CodeIgniter\CodeIgniter->run()
CRITICAL - 2023-04-07 18:59:59 --> Undefined variable $dataUser
in APPPATH\Views\principal\header.php on line 76.
 1 APPPATH\Views\principal\header.php(76): CodeIgniter\Debug\Exceptions->errorHandler(2, 'Undefined variable $dataUser', 'APPPATH\\Views\\principal\\header.php', 76)
 2 SYSTEMPATH\View\View.php(213): include('APPPATH\\Views\\principal\\header.php')
 3 SYSTEMPATH\View\View.php(216): CodeIgniter\View\View->CodeIgniter\View\{closure}()
 4 SYSTEMPATH\Common.php(1184): CodeIgniter\View\View->render('/principal/header', [], true)
 5 APPPATH\Controllers\Usuarios.php(33): view('/principal/header', [...])
 6 SYSTEMPATH\CodeIgniter.php(934): App\Controllers\Usuarios->index()
 7 SYSTEMPATH\CodeIgniter.php(499): CodeIgniter\CodeIgniter->runController(Object(App\Controllers\Usuarios))
 8 SYSTEMPATH\CodeIgniter.php(368): CodeIgniter\CodeIgniter->handleRequest(null, Object(Config\Cache), false)
 9 FCPATH\index.php(67): CodeIgniter\CodeIgniter->run()
CRITICAL - 2023-04-07 19:00:00 --> Undefined variable $dataUser
in APPPATH\Views\principal\header.php on line 76.
 1 APPPATH\Views\principal\header.php(76): CodeIgniter\Debug\Exceptions->errorHandler(2, 'Undefined variable $dataUser', 'APPPATH\\Views\\principal\\header.php', 76)
 2 SYSTEMPATH\View\View.php(213): include('APPPATH\\Views\\principal\\header.php')
 3 SYSTEMPATH\View\View.php(216): CodeIgniter\View\View->CodeIgniter\View\{closure}()
 4 SYSTEMPATH\Common.php(1184): CodeIgniter\View\View->render('/principal/header', [], true)
 5 APPPATH\Controllers\Usuarios.php(33): view('/principal/header', [...])
 6 SYSTEMPATH\CodeIgniter.php(934): App\Controllers\Usuarios->index()
 7 SYSTEMPATH\CodeIgniter.php(499): CodeIgniter\CodeIgniter->runController(Object(App\Controllers\Usuarios))
 8 SYSTEMPATH\CodeIgniter.php(368): CodeIgniter\CodeIgniter->handleRequest(null, Object(Config\Cache), false)
 9 FCPATH\index.php(67): CodeIgniter\CodeIgniter->run()
CRITICAL - 2023-04-07 19:00:04 --> Undefined variable $dataUser
in APPPATH\Views\principal\header.php on line 76.
 1 APPPATH\Views\principal\header.php(76): CodeIgniter\Debug\Exceptions->errorHandler(2, 'Undefined variable $dataUser', 'APPPATH\\Views\\principal\\header.php', 76)
 2 SYSTEMPATH\View\View.php(213): include('APPPATH\\Views\\principal\\header.php')
 3 SYSTEMPATH\View\View.php(216): CodeIgniter\View\View->CodeIgniter\View\{closure}()
 4 SYSTEMPATH\Common.php(1184): CodeIgniter\View\View->render('/principal/header', [], true)
 5 APPPATH\Controllers\Usuarios.php(33): view('/principal/header', [...])
 6 SYSTEMPATH\CodeIgniter.php(934): App\Controllers\Usuarios->index()
 7 SYSTEMPATH\CodeIgniter.php(499): CodeIgniter\CodeIgniter->runController(Object(App\Controllers\Usuarios))
 8 SYSTEMPATH\CodeIgniter.php(368): CodeIgniter\CodeIgniter->handleRequest(null, Object(Config\Cache), false)
 9 FCPATH\index.php(67): CodeIgniter\CodeIgniter->run()
CRITICAL - 2023-04-07 19:00:27 --> Undefined variable $userData
in APPPATH\Views\principal\header.php on line 75.
 1 APPPATH\Views\principal\header.php(75): CodeIgniter\Debug\Exceptions->errorHandler(2, 'Undefined variable $userData', 'APPPATH\\Views\\principal\\header.php', 75)
 2 SYSTEMPATH\View\View.php(213): include('APPPATH\\Views\\principal\\header.php')
 3 SYSTEMPATH\View\View.php(216): CodeIgniter\View\View->CodeIgniter\View\{closure}()
 4 SYSTEMPATH\Common.php(1184): CodeIgniter\View\View->render('/principal/header', [], true)
 5 APPPATH\Controllers\Usuarios.php(33): view('/principal/header', [...])
 6 SYSTEMPATH\CodeIgniter.php(934): App\Controllers\Usuarios->index()
 7 SYSTEMPATH\CodeIgniter.php(499): CodeIgniter\CodeIgniter->runController(Object(App\Controllers\Usuarios))
 8 SYSTEMPATH\CodeIgniter.php(368): CodeIgniter\CodeIgniter->handleRequest(null, Object(Config\Cache), false)
 9 FCPATH\index.php(67): CodeIgniter\CodeIgniter->run()
CRITICAL - 2023-04-07 19:00:28 --> Undefined variable $userData
in APPPATH\Views\principal\header.php on line 75.
 1 APPPATH\Views\principal\header.php(75): CodeIgniter\Debug\Exceptions->errorHandler(2, 'Undefined variable $userData', 'APPPATH\\Views\\principal\\header.php', 75)
 2 SYSTEMPATH\View\View.php(213): include('APPPATH\\Views\\principal\\header.php')
 3 SYSTEMPATH\View\View.php(216): CodeIgniter\View\View->CodeIgniter\View\{closure}()
 4 SYSTEMPATH\Common.php(1184): CodeIgniter\View\View->render('/principal/header', [], true)
 5 APPPATH\Controllers\Usuarios.php(33): view('/principal/header', [...])
 6 SYSTEMPATH\CodeIgniter.php(934): App\Controllers\Usuarios->index()
 7 SYSTEMPATH\CodeIgniter.php(499): CodeIgniter\CodeIgniter->runController(Object(App\Controllers\Usuarios))
 8 SYSTEMPATH\CodeIgniter.php(368): CodeIgniter\CodeIgniter->handleRequest(null, Object(Config\Cache), false)
 9 FCPATH\index.php(67): CodeIgniter\CodeIgniter->run()
CRITICAL - 2023-04-07 19:00:36 --> Undefined variable $data
in APPPATH\Views\principal\header.php on line 75.
 1 APPPATH\Views\principal\header.php(75): CodeIgniter\Debug\Exceptions->errorHandler(2, 'Undefined variable $data', 'APPPATH\\Views\\principal\\header.php', 75)
 2 SYSTEMPATH\View\View.php(213): include('APPPATH\\Views\\principal\\header.php')
 3 SYSTEMPATH\View\View.php(216): CodeIgniter\View\View->CodeIgniter\View\{closure}()
 4 SYSTEMPATH\Common.php(1184): CodeIgniter\View\View->render('/principal/header', [], true)
 5 APPPATH\Controllers\Usuarios.php(33): view('/principal/header', [...])
 6 SYSTEMPATH\CodeIgniter.php(934): App\Controllers\Usuarios->index()
 7 SYSTEMPATH\CodeIgniter.php(499): CodeIgniter\CodeIgniter->runController(Object(App\Controllers\Usuarios))
 8 SYSTEMPATH\CodeIgniter.php(368): CodeIgniter\CodeIgniter->handleRequest(null, Object(Config\Cache), false)
 9 FCPATH\index.php(67): CodeIgniter\CodeIgniter->run()
CRITICAL - 2023-04-07 19:00:37 --> Undefined variable $data
in APPPATH\Views\principal\header.php on line 75.
 1 APPPATH\Views\principal\header.php(75): CodeIgniter\Debug\Exceptions->errorHandler(2, 'Undefined variable $data', 'APPPATH\\Views\\principal\\header.php', 75)
 2 SYSTEMPATH\View\View.php(213): include('APPPATH\\Views\\principal\\header.php')
 3 SYSTEMPATH\View\View.php(216): CodeIgniter\View\View->CodeIgniter\View\{closure}()
 4 SYSTEMPATH\Common.php(1184): CodeIgniter\View\View->render('/principal/header', [], true)
 5 APPPATH\Controllers\Usuarios.php(33): view('/principal/header', [...])
 6 SYSTEMPATH\CodeIgniter.php(934): App\Controllers\Usuarios->index()
 7 SYSTEMPATH\CodeIgniter.php(499): CodeIgniter\CodeIgniter->runController(Object(App\Controllers\Usuarios))
 8 SYSTEMPATH\CodeIgniter.php(368): CodeIgniter\CodeIgniter->handleRequest(null, Object(Config\Cache), false)
 9 FCPATH\index.php(67): CodeIgniter\CodeIgniter->run()
CRITICAL - 2023-04-07 19:00:55 --> Undefined variable $data
in APPPATH\Views\principal\header.php on line 75.
 1 APPPATH\Views\principal\header.php(75): CodeIgniter\Debug\Exceptions->errorHandler(2, 'Undefined variable $data', 'APPPATH\\Views\\principal\\header.php', 75)
 2 SYSTEMPATH\View\View.php(213): include('APPPATH\\Views\\principal\\header.php')
 3 SYSTEMPATH\View\View.php(216): CodeIgniter\View\View->CodeIgniter\View\{closure}()
 4 SYSTEMPATH\Common.php(1184): CodeIgniter\View\View->render('/principal/header', [...], true)
 5 APPPATH\Controllers\Principal.php(19): view('/principal/header', [...], [...])
 6 SYSTEMPATH\CodeIgniter.php(934): App\Controllers\Principal->index()
 7 SYSTEMPATH\CodeIgniter.php(499): CodeIgniter\CodeIgniter->runController(Object(App\Controllers\Principal))
 8 SYSTEMPATH\CodeIgniter.php(368): CodeIgniter\CodeIgniter->handleRequest(null, Object(Config\Cache), false)
 9 FCPATH\index.php(67): CodeIgniter\CodeIgniter->run()
CRITICAL - 2023-04-07 19:00:58 --> Undefined variable $data
in APPPATH\Views\principal\header.php on line 75.
 1 APPPATH\Views\principal\header.php(75): CodeIgniter\Debug\Exceptions->errorHandler(2, 'Undefined variable $data', 'APPPATH\\Views\\principal\\header.php', 75)
 2 SYSTEMPATH\View\View.php(213): include('APPPATH\\Views\\principal\\header.php')
 3 SYSTEMPATH\View\View.php(216): CodeIgniter\View\View->CodeIgniter\View\{closure}()
 4 SYSTEMPATH\Common.php(1184): CodeIgniter\View\View->render('/principal/header', [...], true)
 5 APPPATH\Controllers\Principal.php(19): view('/principal/header', [...], [...])
 6 SYSTEMPATH\CodeIgniter.php(934): App\Controllers\Principal->index()
 7 SYSTEMPATH\CodeIgniter.php(499): CodeIgniter\CodeIgniter->runController(Object(App\Controllers\Principal))
 8 SYSTEMPATH\CodeIgniter.php(368): CodeIgniter\CodeIgniter->handleRequest(null, Object(Config\Cache), false)
 9 FCPATH\index.php(67): CodeIgniter\CodeIgniter->run()
CRITICAL - 2023-04-07 19:01:17 --> Undefined variable $data
in APPPATH\Views\principal\header.php on line 75.
 1 APPPATH\Views\principal\header.php(75): CodeIgniter\Debug\Exceptions->errorHandler(2, 'Undefined variable $data', 'APPPATH\\Views\\principal\\header.php', 75)
 2 SYSTEMPATH\View\View.php(213): include('APPPATH\\Views\\principal\\header.php')
 3 SYSTEMPATH\View\View.php(216): CodeIgniter\View\View->CodeIgniter\View\{closure}()
 4 SYSTEMPATH\Common.php(1184): CodeIgniter\View\View->render('/principal/header', [...], true)
 5 APPPATH\Controllers\Principal.php(19): view('/principal/header', [...], [...])
 6 SYSTEMPATH\CodeIgniter.php(934): App\Controllers\Principal->index()
 7 SYSTEMPATH\CodeIgniter.php(499): CodeIgniter\CodeIgniter->runController(Object(App\Controllers\Principal))
 8 SYSTEMPATH\CodeIgniter.php(368): CodeIgniter\CodeIgniter->handleRequest(null, Object(Config\Cache), false)
 9 FCPATH\index.php(67): CodeIgniter\CodeIgniter->run()
CRITICAL - 2023-04-07 19:01:18 --> Undefined variable $data
in APPPATH\Views\principal\header.php on line 75.
 1 APPPATH\Views\principal\header.php(75): CodeIgniter\Debug\Exceptions->errorHandler(2, 'Undefined variable $data', 'APPPATH\\Views\\principal\\header.php', 75)
 2 SYSTEMPATH\View\View.php(213): include('APPPATH\\Views\\principal\\header.php')
 3 SYSTEMPATH\View\View.php(216): CodeIgniter\View\View->CodeIgniter\View\{closure}()
 4 SYSTEMPATH\Common.php(1184): CodeIgniter\View\View->render('/principal/header', [...], true)
 5 APPPATH\Controllers\Principal.php(19): view('/principal/header', [...], [...])
 6 SYSTEMPATH\CodeIgniter.php(934): App\Controllers\Principal->index()
 7 SYSTEMPATH\CodeIgniter.php(499): CodeIgniter\CodeIgniter->runController(Object(App\Controllers\Principal))
 8 SYSTEMPATH\CodeIgniter.php(368): CodeIgniter\CodeIgniter->handleRequest(null, Object(Config\Cache), false)
 9 FCPATH\index.php(67): CodeIgniter\CodeIgniter->run()
CRITICAL - 2023-04-07 19:01:19 --> Undefined variable $data
in APPPATH\Views\principal\header.php on line 75.
 1 APPPATH\Views\principal\header.php(75): CodeIgniter\Debug\Exceptions->errorHandler(2, 'Undefined variable $data', 'APPPATH\\Views\\principal\\header.php', 75)
 2 SYSTEMPATH\View\View.php(213): include('APPPATH\\Views\\principal\\header.php')
 3 SYSTEMPATH\View\View.php(216): CodeIgniter\View\View->CodeIgniter\View\{closure}()
 4 SYSTEMPATH\Common.php(1184): CodeIgniter\View\View->render('/principal/header', [...], true)
 5 APPPATH\Controllers\Principal.php(19): view('/principal/header', [...], [...])
 6 SYSTEMPATH\CodeIgniter.php(934): App\Controllers\Principal->index()
 7 SYSTEMPATH\CodeIgniter.php(499): CodeIgniter\CodeIgniter->runController(Object(App\Controllers\Principal))
 8 SYSTEMPATH\CodeIgniter.php(368): CodeIgniter\CodeIgniter->handleRequest(null, Object(Config\Cache), false)
 9 FCPATH\index.php(67): CodeIgniter\CodeIgniter->run()
CRITICAL - 2023-04-07 19:01:19 --> Undefined variable $data
in APPPATH\Views\principal\header.php on line 75.
 1 APPPATH\Views\principal\header.php(75): CodeIgniter\Debug\Exceptions->errorHandler(2, 'Undefined variable $data', 'APPPATH\\Views\\principal\\header.php', 75)
 2 SYSTEMPATH\View\View.php(213): include('APPPATH\\Views\\principal\\header.php')
 3 SYSTEMPATH\View\View.php(216): CodeIgniter\View\View->CodeIgniter\View\{closure}()
 4 SYSTEMPATH\Common.php(1184): CodeIgniter\View\View->render('/principal/header', [...], true)
 5 APPPATH\Controllers\Principal.php(19): view('/principal/header', [...], [...])
 6 SYSTEMPATH\CodeIgniter.php(934): App\Controllers\Principal->index()
 7 SYSTEMPATH\CodeIgniter.php(499): CodeIgniter\CodeIgniter->runController(Object(App\Controllers\Principal))
 8 SYSTEMPATH\CodeIgniter.php(368): CodeIgniter\CodeIgniter->handleRequest(null, Object(Config\Cache), false)
 9 FCPATH\index.php(67): CodeIgniter\CodeIgniter->run()
CRITICAL - 2023-04-07 19:02:08 --> Undefined variable $data
in APPPATH\Views\principal\header.php on line 75.
 1 APPPATH\Views\principal\header.php(75): CodeIgniter\Debug\Exceptions->errorHandler(2, 'Undefined variable $data', 'APPPATH\\Views\\principal\\header.php', 75)
 2 SYSTEMPATH\View\View.php(213): include('APPPATH\\Views\\principal\\header.php')
 3 SYSTEMPATH\View\View.php(216): CodeIgniter\View\View->CodeIgniter\View\{closure}()
 4 SYSTEMPATH\Common.php(1184): CodeIgniter\View\View->render('/principal/header', [...], true)
 5 APPPATH\Controllers\Principal.php(19): view('/principal/header', [...], [...])
 6 SYSTEMPATH\CodeIgniter.php(934): App\Controllers\Principal->index()
 7 SYSTEMPATH\CodeIgniter.php(499): CodeIgniter\CodeIgniter->runController(Object(App\Controllers\Principal))
 8 SYSTEMPATH\CodeIgniter.php(368): CodeIgniter\CodeIgniter->handleRequest(null, Object(Config\Cache), false)
 9 FCPATH\index.php(67): CodeIgniter\CodeIgniter->run()
CRITICAL - 2023-04-07 19:02:09 --> Undefined variable $data
in APPPATH\Views\principal\header.php on line 75.
 1 APPPATH\Views\principal\header.php(75): CodeIgniter\Debug\Exceptions->errorHandler(2, 'Undefined variable $data', 'APPPATH\\Views\\principal\\header.php', 75)
 2 SYSTEMPATH\View\View.php(213): include('APPPATH\\Views\\principal\\header.php')
 3 SYSTEMPATH\View\View.php(216): CodeIgniter\View\View->CodeIgniter\View\{closure}()
 4 SYSTEMPATH\Common.php(1184): CodeIgniter\View\View->render('/principal/header', [...], true)
 5 APPPATH\Controllers\Principal.php(19): view('/principal/header', [...], [...])
 6 SYSTEMPATH\CodeIgniter.php(934): App\Controllers\Principal->index()
 7 SYSTEMPATH\CodeIgniter.php(499): CodeIgniter\CodeIgniter->runController(Object(App\Controllers\Principal))
 8 SYSTEMPATH\CodeIgniter.php(368): CodeIgniter\CodeIgniter->handleRequest(null, Object(Config\Cache), false)
 9 FCPATH\index.php(67): CodeIgniter\CodeIgniter->run()
CRITICAL - 2023-04-07 19:08:59 --> Undefined variable $rol
in APPPATH\Views\principal\header.php on line 77.
 1 APPPATH\Views\principal\header.php(77): CodeIgniter\Debug\Exceptions->errorHandler(2, 'Undefined variable $rol', 'APPPATH\\Views\\principal\\header.php', 77)
 2 SYSTEMPATH\View\View.php(213): include('APPPATH\\Views\\principal\\header.php')
 3 SYSTEMPATH\View\View.php(216): CodeIgniter\View\View->CodeIgniter\View\{closure}()
 4 SYSTEMPATH\Common.php(1184): CodeIgniter\View\View->render('/principal/header', [], true)
 5 APPPATH\Controllers\Usuarios.php(33): view('/principal/header', [...])
 6 SYSTEMPATH\CodeIgniter.php(934): App\Controllers\Usuarios->index()
 7 SYSTEMPATH\CodeIgniter.php(499): CodeIgniter\CodeIgniter->runController(Object(App\Controllers\Usuarios))
 8 SYSTEMPATH\CodeIgniter.php(368): CodeIgniter\CodeIgniter->handleRequest(null, Object(Config\Cache), false)
 9 FCPATH\index.php(67): CodeIgniter\CodeIgniter->run()
CRITICAL - 2023-04-07 19:08:59 --> Undefined variable $rol
in APPPATH\Views\principal\header.php on line 77.
 1 APPPATH\Views\principal\header.php(77): CodeIgniter\Debug\Exceptions->errorHandler(2, 'Undefined variable $rol', 'APPPATH\\Views\\principal\\header.php', 77)
 2 SYSTEMPATH\View\View.php(213): include('APPPATH\\Views\\principal\\header.php')
 3 SYSTEMPATH\View\View.php(216): CodeIgniter\View\View->CodeIgniter\View\{closure}()
 4 SYSTEMPATH\Common.php(1184): CodeIgniter\View\View->render('/principal/header', [], true)
 5 APPPATH\Controllers\Usuarios.php(33): view('/principal/header', [...])
 6 SYSTEMPATH\CodeIgniter.php(934): App\Controllers\Usuarios->index()
 7 SYSTEMPATH\CodeIgniter.php(499): CodeIgniter\CodeIgniter->runController(Object(App\Controllers\Usuarios))
 8 SYSTEMPATH\CodeIgniter.php(368): CodeIgniter\CodeIgniter->handleRequest(null, Object(Config\Cache), false)
 9 FCPATH\index.php(67): CodeIgniter\CodeIgniter->run()
CRITICAL - 2023-04-07 19:09:06 --> Undefined variable $rol
in APPPATH\Views\principal\header.php on line 77.
 1 APPPATH\Views\principal\header.php(77): CodeIgniter\Debug\Exceptions->errorHandler(2, 'Undefined variable $rol', 'APPPATH\\Views\\principal\\header.php', 77)
 2 SYSTEMPATH\View\View.php(213): include('APPPATH\\Views\\principal\\header.php')
 3 SYSTEMPATH\View\View.php(216): CodeIgniter\View\View->CodeIgniter\View\{closure}()
 4 SYSTEMPATH\Common.php(1184): CodeIgniter\View\View->render('/principal/header', [], true)
 5 APPPATH\Controllers\Usuarios.php(33): view('/principal/header', [...])
 6 SYSTEMPATH\CodeIgniter.php(934): App\Controllers\Usuarios->index()
 7 SYSTEMPATH\CodeIgniter.php(499): CodeIgniter\CodeIgniter->runController(Object(App\Controllers\Usuarios))
 8 SYSTEMPATH\CodeIgniter.php(368): CodeIgniter\CodeIgniter->handleRequest(null, Object(Config\Cache), false)
 9 FCPATH\index.php(67): CodeIgniter\CodeIgniter->run()
CRITICAL - 2023-04-07 19:13:45 --> Undefined variable $rol
in APPPATH\Views\principal\header.php on line 75.
 1 APPPATH\Views\principal\header.php(75): CodeIgniter\Debug\Exceptions->errorHandler(2, 'Undefined variable $rol', 'APPPATH\\Views\\principal\\header.php', 75)
 2 SYSTEMPATH\View\View.php(213): include('APPPATH\\Views\\principal\\header.php')
 3 SYSTEMPATH\View\View.php(216): CodeIgniter\View\View->CodeIgniter\View\{closure}()
 4 SYSTEMPATH\Common.php(1184): CodeIgniter\View\View->render('/principal/header', [], true)
 5 APPPATH\Controllers\Usuarios.php(33): view('/principal/header', [...])
 6 SYSTEMPATH\CodeIgniter.php(934): App\Controllers\Usuarios->index()
 7 SYSTEMPATH\CodeIgniter.php(499): CodeIgniter\CodeIgniter->runController(Object(App\Controllers\Usuarios))
 8 SYSTEMPATH\CodeIgniter.php(368): CodeIgniter\CodeIgniter->handleRequest(null, Object(Config\Cache), false)
 9 FCPATH\index.php(67): CodeIgniter\CodeIgniter->run()
CRITICAL - 2023-04-07 19:14:15 --> Undefined variable $rol
in APPPATH\Views\principal\header.php on line 76.
 1 APPPATH\Views\principal\header.php(76): CodeIgniter\Debug\Exceptions->errorHandler(2, 'Undefined variable $rol', 'APPPATH\\Views\\principal\\header.php', 76)
 2 SYSTEMPATH\View\View.php(213): include('APPPATH\\Views\\principal\\header.php')
 3 SYSTEMPATH\View\View.php(216): CodeIgniter\View\View->CodeIgniter\View\{closure}()
 4 SYSTEMPATH\Common.php(1184): CodeIgniter\View\View->render('/principal/header', [], true)
 5 APPPATH\Controllers\Usuarios.php(33): view('/principal/header', [...])
 6 SYSTEMPATH\CodeIgniter.php(934): App\Controllers\Usuarios->index()
 7 SYSTEMPATH\CodeIgniter.php(499): CodeIgniter\CodeIgniter->runController(Object(App\Controllers\Usuarios))
 8 SYSTEMPATH\CodeIgniter.php(368): CodeIgniter\CodeIgniter->handleRequest(null, Object(Config\Cache), false)
 9 FCPATH\index.php(67): CodeIgniter\CodeIgniter->run()
CRITICAL - 2023-04-07 19:14:16 --> Undefined variable $rol
in APPPATH\Views\principal\header.php on line 76.
 1 APPPATH\Views\principal\header.php(76): CodeIgniter\Debug\Exceptions->errorHandler(2, 'Undefined variable $rol', 'APPPATH\\Views\\principal\\header.php', 76)
 2 SYSTEMPATH\View\View.php(213): include('APPPATH\\Views\\principal\\header.php')
 3 SYSTEMPATH\View\View.php(216): CodeIgniter\View\View->CodeIgniter\View\{closure}()
 4 SYSTEMPATH\Common.php(1184): CodeIgniter\View\View->render('/principal/header', [], true)
 5 APPPATH\Controllers\Usuarios.php(33): view('/principal/header', [...])
 6 SYSTEMPATH\CodeIgniter.php(934): App\Controllers\Usuarios->index()
 7 SYSTEMPATH\CodeIgniter.php(499): CodeIgniter\CodeIgniter->runController(Object(App\Controllers\Usuarios))
 8 SYSTEMPATH\CodeIgniter.php(368): CodeIgniter\CodeIgniter->handleRequest(null, Object(Config\Cache), false)
 9 FCPATH\index.php(67): CodeIgniter\CodeIgniter->run()
CRITICAL - 2023-04-07 19:15:38 --> Undefined variable $rol
in APPPATH\Views\principal\header.php on line 75.
 1 APPPATH\Views\principal\header.php(75): CodeIgniter\Debug\Exceptions->errorHandler(2, 'Undefined variable $rol', 'APPPATH\\Views\\principal\\header.php', 75)
 2 SYSTEMPATH\View\View.php(213): include('APPPATH\\Views\\principal\\header.php')
 3 SYSTEMPATH\View\View.php(216): CodeIgniter\View\View->CodeIgniter\View\{closure}()
 4 SYSTEMPATH\Common.php(1184): CodeIgniter\View\View->render('/principal/header', [], true)
 5 APPPATH\Controllers\Usuarios.php(33): view('/principal/header', [...])
 6 SYSTEMPATH\CodeIgniter.php(934): App\Controllers\Usuarios->index()
 7 SYSTEMPATH\CodeIgniter.php(499): CodeIgniter\CodeIgniter->runController(Object(App\Controllers\Usuarios))
 8 SYSTEMPATH\CodeIgniter.php(368): CodeIgniter\CodeIgniter->handleRequest(null, Object(Config\Cache), false)
 9 FCPATH\index.php(67): CodeIgniter\CodeIgniter->run()
CRITICAL - 2023-04-07 19:15:40 --> Undefined variable $rol
in APPPATH\Views\principal\header.php on line 75.
 1 APPPATH\Views\principal\header.php(75): CodeIgniter\Debug\Exceptions->errorHandler(2, 'Undefined variable $rol', 'APPPATH\\Views\\principal\\header.php', 75)
 2 SYSTEMPATH\View\View.php(213): include('APPPATH\\Views\\principal\\header.php')
 3 SYSTEMPATH\View\View.php(216): CodeIgniter\View\View->CodeIgniter\View\{closure}()
 4 SYSTEMPATH\Common.php(1184): CodeIgniter\View\View->render('/principal/header', [], true)
 5 APPPATH\Controllers\Usuarios.php(33): view('/principal/header', [...])
 6 SYSTEMPATH\CodeIgniter.php(934): App\Controllers\Usuarios->index()
 7 SYSTEMPATH\CodeIgniter.php(499): CodeIgniter\CodeIgniter->runController(Object(App\Controllers\Usuarios))
 8 SYSTEMPATH\CodeIgniter.php(368): CodeIgniter\CodeIgniter->handleRequest(null, Object(Config\Cache), false)
 9 FCPATH\index.php(67): CodeIgniter\CodeIgniter->run()
CRITICAL - 2023-04-07 19:55:03 --> Undefined variable $rol
in APPPATH\Views\principal\header.php on line 76.
 1 APPPATH\Views\principal\header.php(76): CodeIgniter\Debug\Exceptions->errorHandler(2, 'Undefined variable $rol', 'APPPATH\\Views\\principal\\header.php', 76)
 2 SYSTEMPATH\View\View.php(213): include('APPPATH\\Views\\principal\\header.php')
 3 SYSTEMPATH\View\View.php(216): CodeIgniter\View\View->CodeIgniter\View\{closure}()
 4 SYSTEMPATH\Common.php(1184): CodeIgniter\View\View->render('/principal/header', [], true)
 5 APPPATH\Controllers\Usuarios.php(35): view('/principal/header', [...])
 6 SYSTEMPATH\CodeIgniter.php(934): App\Controllers\Usuarios->index()
 7 SYSTEMPATH\CodeIgniter.php(499): CodeIgniter\CodeIgniter->runController(Object(App\Controllers\Usuarios))
 8 SYSTEMPATH\CodeIgniter.php(368): CodeIgniter\CodeIgniter->handleRequest(null, Object(Config\Cache), false)
 9 FCPATH\index.php(67): CodeIgniter\CodeIgniter->run()
CRITICAL - 2023-04-07 19:57:06 --> Undefined variable $rol
in APPPATH\Views\principal\header.php on line 76.
 1 APPPATH\Views\principal\header.php(76): CodeIgniter\Debug\Exceptions->errorHandler(2, 'Undefined variable $rol', 'APPPATH\\Views\\principal\\header.php', 76)
 2 SYSTEMPATH\View\View.php(213): include('APPPATH\\Views\\principal\\header.php')
 3 SYSTEMPATH\View\View.php(216): CodeIgniter\View\View->CodeIgniter\View\{closure}()
 4 SYSTEMPATH\Common.php(1184): CodeIgniter\View\View->render('/principal/header', [], true)
 5 APPPATH\Controllers\Paises.php(44): view('/principal/header', [...])
 6 SYSTEMPATH\CodeIgniter.php(934): App\Controllers\Paises->eliminados()
 7 SYSTEMPATH\CodeIgniter.php(499): CodeIgniter\CodeIgniter->runController(Object(App\Controllers\Paises))
 8 SYSTEMPATH\CodeIgniter.php(368): CodeIgniter\CodeIgniter->handleRequest(null, Object(Config\Cache), false)
 9 FCPATH\index.php(67): CodeIgniter\CodeIgniter->run()
CRITICAL - 2023-04-07 20:03:44 --> CodeIgniter\Router\RouteCollection::getFilterForRoute(): Return value must be of type string, array returned
in SYSTEMPATH\Router\RouteCollection.php on line 1143.
 1 SYSTEMPATH\Router\Router.php(189): CodeIgniter\Router\RouteCollection->getFilterForRoute('usuarios')
 2 SYSTEMPATH\CodeIgniter.php(815): CodeIgniter\Router\Router->handle('usuarios')
 3 SYSTEMPATH\CodeIgniter.php(449): CodeIgniter\CodeIgniter->tryToRouteIt(Object(CodeIgniter\Router\RouteCollection))
 4 SYSTEMPATH\CodeIgniter.php(368): CodeIgniter\CodeIgniter->handleRequest(null, Object(Config\Cache), false)
 5 FCPATH\index.php(67): CodeIgniter\CodeIgniter->run()
CRITICAL - 2023-04-07 20:03:45 --> CodeIgniter\Router\RouteCollection::getFilterForRoute(): Return value must be of type string, array returned
in SYSTEMPATH\Router\RouteCollection.php on line 1143.
 1 SYSTEMPATH\Router\Router.php(189): CodeIgniter\Router\RouteCollection->getFilterForRoute('usuarios')
 2 SYSTEMPATH\CodeIgniter.php(815): CodeIgniter\Router\Router->handle('usuarios')
 3 SYSTEMPATH\CodeIgniter.php(449): CodeIgniter\CodeIgniter->tryToRouteIt(Object(CodeIgniter\Router\RouteCollection))
 4 SYSTEMPATH\CodeIgniter.php(368): CodeIgniter\CodeIgniter->handleRequest(null, Object(Config\Cache), false)
 5 FCPATH\index.php(67): CodeIgniter\CodeIgniter->run()
CRITICAL - 2023-04-07 20:03:58 --> CodeIgniter\Router\RouteCollection::getFilterForRoute(): Return value must be of type string, array returned
in SYSTEMPATH\Router\RouteCollection.php on line 1143.
 1 SYSTEMPATH\Router\Router.php(189): CodeIgniter\Router\RouteCollection->getFilterForRoute('usuarios')
 2 SYSTEMPATH\CodeIgniter.php(815): CodeIgniter\Router\Router->handle('usuarios')
 3 SYSTEMPATH\CodeIgniter.php(449): CodeIgniter\CodeIgniter->tryToRouteIt(Object(CodeIgniter\Router\RouteCollection))
 4 SYSTEMPATH\CodeIgniter.php(368): CodeIgniter\CodeIgniter->handleRequest(null, Object(Config\Cache), false)
 5 FCPATH\index.php(67): CodeIgniter\CodeIgniter->run()
CRITICAL - 2023-04-07 20:03:59 --> CodeIgniter\Router\RouteCollection::getFilterForRoute(): Return value must be of type string, array returned
in SYSTEMPATH\Router\RouteCollection.php on line 1143.
 1 SYSTEMPATH\Router\Router.php(189): CodeIgniter\Router\RouteCollection->getFilterForRoute('usuarios')
 2 SYSTEMPATH\CodeIgniter.php(815): CodeIgniter\Router\Router->handle('usuarios')
 3 SYSTEMPATH\CodeIgniter.php(449): CodeIgniter\CodeIgniter->tryToRouteIt(Object(CodeIgniter\Router\RouteCollection))
 4 SYSTEMPATH\CodeIgniter.php(368): CodeIgniter\CodeIgniter->handleRequest(null, Object(Config\Cache), false)
 5 FCPATH\index.php(67): CodeIgniter\CodeIgniter->run()
