CRITICAL - 2023-03-11 13:45:34 --> Undefined variable $titulo
in APPPATH\Views\paises\paises.php on line 2.
 1 APPPATH\Views\paises\paises.php(2): CodeIgniter\Debug\Exceptions->errorHandler(2, 'Undefined variable $titulo', 'APPPATH\\Views\\paises\\paises.php', 2)
 2 SYSTEMPATH\View\View.php(213): include('APPPATH\\Views\\paises\\paises.php')
 3 SYSTEMPATH\View\View.php(216): CodeIgniter\View\View->CodeIgniter\View\{closure}()
 4 SYSTEMPATH\Common.php(1184): CodeIgniter\View\View->render('/paises/paises', [], true)
 5 APPPATH\Controllers\Paises.php(15): view('/paises/paises')
 6 SYSTEMPATH\CodeIgniter.php(934): App\Controllers\Paises->index()
 7 SYSTEMPATH\CodeIgniter.php(499): CodeIgniter\CodeIgniter->runController(Object(App\Controllers\Paises))
 8 SYSTEMPATH\CodeIgniter.php(368): CodeIgniter\CodeIgniter->handleRequest(null, Object(Config\Cache), false)
 9 FCPATH\index.php(67): CodeIgniter\CodeIgniter->run()
CRITICAL - 2023-03-11 13:45:38 --> Undefined variable $titulo
in APPPATH\Views\paises\paises.php on line 2.
 1 APPPATH\Views\paises\paises.php(2): CodeIgniter\Debug\Exceptions->errorHandler(2, 'Undefined variable $titulo', 'APPPATH\\Views\\paises\\paises.php', 2)
 2 SYSTEMPATH\View\View.php(213): include('APPPATH\\Views\\paises\\paises.php')
 3 SYSTEMPATH\View\View.php(216): CodeIgniter\View\View->CodeIgniter\View\{closure}()
 4 SYSTEMPATH\Common.php(1184): CodeIgniter\View\View->render('/paises/paises', [], true)
 5 APPPATH\Controllers\Paises.php(15): view('/paises/paises')
 6 SYSTEMPATH\CodeIgniter.php(934): App\Controllers\Paises->index()
 7 SYSTEMPATH\CodeIgniter.php(499): CodeIgniter\CodeIgniter->runController(Object(App\Controllers\Paises))
 8 SYSTEMPATH\CodeIgniter.php(368): CodeIgniter\CodeIgniter->handleRequest(null, Object(Config\Cache), false)
 9 FCPATH\index.php(67): CodeIgniter\CodeIgniter->run()
CRITICAL - 2023-03-11 13:45:38 --> Undefined variable $titulo
in APPPATH\Views\paises\paises.php on line 2.
 1 APPPATH\Views\paises\paises.php(2): CodeIgniter\Debug\Exceptions->errorHandler(2, 'Undefined variable $titulo', 'APPPATH\\Views\\paises\\paises.php', 2)
 2 SYSTEMPATH\View\View.php(213): include('APPPATH\\Views\\paises\\paises.php')
 3 SYSTEMPATH\View\View.php(216): CodeIgniter\View\View->CodeIgniter\View\{closure}()
 4 SYSTEMPATH\Common.php(1184): CodeIgniter\View\View->render('/paises/paises', [], true)
 5 APPPATH\Controllers\Paises.php(15): view('/paises/paises')
 6 SYSTEMPATH\CodeIgniter.php(934): App\Controllers\Paises->index()
 7 SYSTEMPATH\CodeIgniter.php(499): CodeIgniter\CodeIgniter->runController(Object(App\Controllers\Paises))
 8 SYSTEMPATH\CodeIgniter.php(368): CodeIgniter\CodeIgniter->handleRequest(null, Object(Config\Cache), false)
 9 FCPATH\index.php(67): CodeIgniter\CodeIgniter->run()
CRITICAL - 2023-03-11 13:45:39 --> Undefined variable $titulo
in APPPATH\Views\paises\paises.php on line 2.
 1 APPPATH\Views\paises\paises.php(2): CodeIgniter\Debug\Exceptions->errorHandler(2, 'Undefined variable $titulo', 'APPPATH\\Views\\paises\\paises.php', 2)
 2 SYSTEMPATH\View\View.php(213): include('APPPATH\\Views\\paises\\paises.php')
 3 SYSTEMPATH\View\View.php(216): CodeIgniter\View\View->CodeIgniter\View\{closure}()
 4 SYSTEMPATH\Common.php(1184): CodeIgniter\View\View->render('/paises/paises', [], true)
 5 APPPATH\Controllers\Paises.php(15): view('/paises/paises')
 6 SYSTEMPATH\CodeIgniter.php(934): App\Controllers\Paises->index()
 7 SYSTEMPATH\CodeIgniter.php(499): CodeIgniter\CodeIgniter->runController(Object(App\Controllers\Paises))
 8 SYSTEMPATH\CodeIgniter.php(368): CodeIgniter\CodeIgniter->handleRequest(null, Object(Config\Cache), false)
 9 FCPATH\index.php(67): CodeIgniter\CodeIgniter->run()
CRITICAL - 2023-03-11 13:46:46 --> Undefined variable $titulo
in APPPATH\Views\paises\paises.php on line 2.
 1 APPPATH\Views\paises\paises.php(2): CodeIgniter\Debug\Exceptions->errorHandler(2, 'Undefined variable $titulo', 'APPPATH\\Views\\paises\\paises.php', 2)
 2 SYSTEMPATH\View\View.php(213): include('APPPATH\\Views\\paises\\paises.php')
 3 SYSTEMPATH\View\View.php(216): CodeIgniter\View\View->CodeIgniter\View\{closure}()
 4 SYSTEMPATH\Common.php(1184): CodeIgniter\View\View->render('/paises/paises', [], true)
 5 APPPATH\Controllers\Paises.php(15): view('/paises/paises')
 6 SYSTEMPATH\CodeIgniter.php(934): App\Controllers\Paises->index()
 7 SYSTEMPATH\CodeIgniter.php(499): CodeIgniter\CodeIgniter->runController(Object(App\Controllers\Paises))
 8 SYSTEMPATH\CodeIgniter.php(368): CodeIgniter\CodeIgniter->handleRequest(null, Object(Config\Cache), false)
 9 FCPATH\index.php(67): CodeIgniter\CodeIgniter->run()
CRITICAL - 2023-03-11 13:46:47 --> Undefined variable $titulo
in APPPATH\Views\paises\paises.php on line 2.
 1 APPPATH\Views\paises\paises.php(2): CodeIgniter\Debug\Exceptions->errorHandler(2, 'Undefined variable $titulo', 'APPPATH\\Views\\paises\\paises.php', 2)
 2 SYSTEMPATH\View\View.php(213): include('APPPATH\\Views\\paises\\paises.php')
 3 SYSTEMPATH\View\View.php(216): CodeIgniter\View\View->CodeIgniter\View\{closure}()
 4 SYSTEMPATH\Common.php(1184): CodeIgniter\View\View->render('/paises/paises', [], true)
 5 APPPATH\Controllers\Paises.php(15): view('/paises/paises')
 6 SYSTEMPATH\CodeIgniter.php(934): App\Controllers\Paises->index()
 7 SYSTEMPATH\CodeIgniter.php(499): CodeIgniter\CodeIgniter->runController(Object(App\Controllers\Paises))
 8 SYSTEMPATH\CodeIgniter.php(368): CodeIgniter\CodeIgniter->handleRequest(null, Object(Config\Cache), false)
 9 FCPATH\index.php(67): CodeIgniter\CodeIgniter->run()
CRITICAL - 2023-03-11 13:47:14 --> Undefined variable $titulo
in APPPATH\Views\paises\paises.php on line 2.
 1 APPPATH\Views\paises\paises.php(2): CodeIgniter\Debug\Exceptions->errorHandler(2, 'Undefined variable $titulo', 'APPPATH\\Views\\paises\\paises.php', 2)
 2 SYSTEMPATH\View\View.php(213): include('APPPATH\\Views\\paises\\paises.php')
 3 SYSTEMPATH\View\View.php(216): CodeIgniter\View\View->CodeIgniter\View\{closure}()
 4 SYSTEMPATH\Common.php(1184): CodeIgniter\View\View->render('/paises/paises', [], true)
 5 APPPATH\Controllers\Paises.php(15): view('/paises/paises')
 6 SYSTEMPATH\CodeIgniter.php(934): App\Controllers\Paises->index()
 7 SYSTEMPATH\CodeIgniter.php(499): CodeIgniter\CodeIgniter->runController(Object(App\Controllers\Paises))
 8 SYSTEMPATH\CodeIgniter.php(368): CodeIgniter\CodeIgniter->handleRequest(null, Object(Config\Cache), false)
 9 FCPATH\index.php(67): CodeIgniter\CodeIgniter->run()
CRITICAL - 2023-03-11 13:47:14 --> Undefined variable $titulo
in APPPATH\Views\paises\paises.php on line 2.
 1 APPPATH\Views\paises\paises.php(2): CodeIgniter\Debug\Exceptions->errorHandler(2, 'Undefined variable $titulo', 'APPPATH\\Views\\paises\\paises.php', 2)
 2 SYSTEMPATH\View\View.php(213): include('APPPATH\\Views\\paises\\paises.php')
 3 SYSTEMPATH\View\View.php(216): CodeIgniter\View\View->CodeIgniter\View\{closure}()
 4 SYSTEMPATH\Common.php(1184): CodeIgniter\View\View->render('/paises/paises', [], true)
 5 APPPATH\Controllers\Paises.php(15): view('/paises/paises')
 6 SYSTEMPATH\CodeIgniter.php(934): App\Controllers\Paises->index()
 7 SYSTEMPATH\CodeIgniter.php(499): CodeIgniter\CodeIgniter->runController(Object(App\Controllers\Paises))
 8 SYSTEMPATH\CodeIgniter.php(368): CodeIgniter\CodeIgniter->handleRequest(null, Object(Config\Cache), false)
 9 FCPATH\index.php(67): CodeIgniter\CodeIgniter->run()
CRITICAL - 2023-03-11 13:47:15 --> Undefined variable $titulo
in APPPATH\Views\paises\paises.php on line 2.
 1 APPPATH\Views\paises\paises.php(2): CodeIgniter\Debug\Exceptions->errorHandler(2, 'Undefined variable $titulo', 'APPPATH\\Views\\paises\\paises.php', 2)
 2 SYSTEMPATH\View\View.php(213): include('APPPATH\\Views\\paises\\paises.php')
 3 SYSTEMPATH\View\View.php(216): CodeIgniter\View\View->CodeIgniter\View\{closure}()
 4 SYSTEMPATH\Common.php(1184): CodeIgniter\View\View->render('/paises/paises', [], true)
 5 APPPATH\Controllers\Paises.php(15): view('/paises/paises')
 6 SYSTEMPATH\CodeIgniter.php(934): App\Controllers\Paises->index()
 7 SYSTEMPATH\CodeIgniter.php(499): CodeIgniter\CodeIgniter->runController(Object(App\Controllers\Paises))
 8 SYSTEMPATH\CodeIgniter.php(368): CodeIgniter\CodeIgniter->handleRequest(null, Object(Config\Cache), false)
 9 FCPATH\index.php(67): CodeIgniter\CodeIgniter->run()
CRITICAL - 2023-03-11 13:47:15 --> Undefined variable $titulo
in APPPATH\Views\paises\paises.php on line 2.
 1 APPPATH\Views\paises\paises.php(2): CodeIgniter\Debug\Exceptions->errorHandler(2, 'Undefined variable $titulo', 'APPPATH\\Views\\paises\\paises.php', 2)
 2 SYSTEMPATH\View\View.php(213): include('APPPATH\\Views\\paises\\paises.php')
 3 SYSTEMPATH\View\View.php(216): CodeIgniter\View\View->CodeIgniter\View\{closure}()
 4 SYSTEMPATH\Common.php(1184): CodeIgniter\View\View->render('/paises/paises', [], true)
 5 APPPATH\Controllers\Paises.php(15): view('/paises/paises')
 6 SYSTEMPATH\CodeIgniter.php(934): App\Controllers\Paises->index()
 7 SYSTEMPATH\CodeIgniter.php(499): CodeIgniter\CodeIgniter->runController(Object(App\Controllers\Paises))
 8 SYSTEMPATH\CodeIgniter.php(368): CodeIgniter\CodeIgniter->handleRequest(null, Object(Config\Cache), false)
 9 FCPATH\index.php(67): CodeIgniter\CodeIgniter->run()
CRITICAL - 2023-03-11 13:47:15 --> Undefined variable $titulo
in APPPATH\Views\paises\paises.php on line 2.
 1 APPPATH\Views\paises\paises.php(2): CodeIgniter\Debug\Exceptions->errorHandler(2, 'Undefined variable $titulo', 'APPPATH\\Views\\paises\\paises.php', 2)
 2 SYSTEMPATH\View\View.php(213): include('APPPATH\\Views\\paises\\paises.php')
 3 SYSTEMPATH\View\View.php(216): CodeIgniter\View\View->CodeIgniter\View\{closure}()
 4 SYSTEMPATH\Common.php(1184): CodeIgniter\View\View->render('/paises/paises', [], true)
 5 APPPATH\Controllers\Paises.php(15): view('/paises/paises')
 6 SYSTEMPATH\CodeIgniter.php(934): App\Controllers\Paises->index()
 7 SYSTEMPATH\CodeIgniter.php(499): CodeIgniter\CodeIgniter->runController(Object(App\Controllers\Paises))
 8 SYSTEMPATH\CodeIgniter.php(368): CodeIgniter\CodeIgniter->handleRequest(null, Object(Config\Cache), false)
 9 FCPATH\index.php(67): CodeIgniter\CodeIgniter->run()
CRITICAL - 2023-03-11 13:47:15 --> Undefined variable $titulo
in APPPATH\Views\paises\paises.php on line 2.
 1 APPPATH\Views\paises\paises.php(2): CodeIgniter\Debug\Exceptions->errorHandler(2, 'Undefined variable $titulo', 'APPPATH\\Views\\paises\\paises.php', 2)
 2 SYSTEMPATH\View\View.php(213): include('APPPATH\\Views\\paises\\paises.php')
 3 SYSTEMPATH\View\View.php(216): CodeIgniter\View\View->CodeIgniter\View\{closure}()
 4 SYSTEMPATH\Common.php(1184): CodeIgniter\View\View->render('/paises/paises', [], true)
 5 APPPATH\Controllers\Paises.php(15): view('/paises/paises')
 6 SYSTEMPATH\CodeIgniter.php(934): App\Controllers\Paises->index()
 7 SYSTEMPATH\CodeIgniter.php(499): CodeIgniter\CodeIgniter->runController(Object(App\Controllers\Paises))
 8 SYSTEMPATH\CodeIgniter.php(368): CodeIgniter\CodeIgniter->handleRequest(null, Object(Config\Cache), false)
 9 FCPATH\index.php(67): CodeIgniter\CodeIgniter->run()
CRITICAL - 2023-03-11 13:47:15 --> Undefined variable $titulo
in APPPATH\Views\paises\paises.php on line 2.
 1 APPPATH\Views\paises\paises.php(2): CodeIgniter\Debug\Exceptions->errorHandler(2, 'Undefined variable $titulo', 'APPPATH\\Views\\paises\\paises.php', 2)
 2 SYSTEMPATH\View\View.php(213): include('APPPATH\\Views\\paises\\paises.php')
 3 SYSTEMPATH\View\View.php(216): CodeIgniter\View\View->CodeIgniter\View\{closure}()
 4 SYSTEMPATH\Common.php(1184): CodeIgniter\View\View->render('/paises/paises', [], true)
 5 APPPATH\Controllers\Paises.php(15): view('/paises/paises')
 6 SYSTEMPATH\CodeIgniter.php(934): App\Controllers\Paises->index()
 7 SYSTEMPATH\CodeIgniter.php(499): CodeIgniter\CodeIgniter->runController(Object(App\Controllers\Paises))
 8 SYSTEMPATH\CodeIgniter.php(368): CodeIgniter\CodeIgniter->handleRequest(null, Object(Config\Cache), false)
 9 FCPATH\index.php(67): CodeIgniter\CodeIgniter->run()
CRITICAL - 2023-03-11 13:47:47 --> Undefined variable $titulo
in APPPATH\Views\paises\paises.php on line 2.
 1 APPPATH\Views\paises\paises.php(2): CodeIgniter\Debug\Exceptions->errorHandler(2, 'Undefined variable $titulo', 'APPPATH\\Views\\paises\\paises.php', 2)
 2 SYSTEMPATH\View\View.php(213): include('APPPATH\\Views\\paises\\paises.php')
 3 SYSTEMPATH\View\View.php(216): CodeIgniter\View\View->CodeIgniter\View\{closure}()
 4 SYSTEMPATH\Common.php(1184): CodeIgniter\View\View->render('/paises/paises', [], true)
 5 APPPATH\Controllers\Paises.php(15): view('/paises/paises')
 6 SYSTEMPATH\CodeIgniter.php(934): App\Controllers\Paises->index()
 7 SYSTEMPATH\CodeIgniter.php(499): CodeIgniter\CodeIgniter->runController(Object(App\Controllers\Paises))
 8 SYSTEMPATH\CodeIgniter.php(368): CodeIgniter\CodeIgniter->handleRequest(null, Object(Config\Cache), false)
 9 FCPATH\index.php(67): CodeIgniter\CodeIgniter->run()
CRITICAL - 2023-03-11 13:47:48 --> Undefined variable $titulo
in APPPATH\Views\paises\paises.php on line 2.
 1 APPPATH\Views\paises\paises.php(2): CodeIgniter\Debug\Exceptions->errorHandler(2, 'Undefined variable $titulo', 'APPPATH\\Views\\paises\\paises.php', 2)
 2 SYSTEMPATH\View\View.php(213): include('APPPATH\\Views\\paises\\paises.php')
 3 SYSTEMPATH\View\View.php(216): CodeIgniter\View\View->CodeIgniter\View\{closure}()
 4 SYSTEMPATH\Common.php(1184): CodeIgniter\View\View->render('/paises/paises', [], true)
 5 APPPATH\Controllers\Paises.php(15): view('/paises/paises')
 6 SYSTEMPATH\CodeIgniter.php(934): App\Controllers\Paises->index()
 7 SYSTEMPATH\CodeIgniter.php(499): CodeIgniter\CodeIgniter->runController(Object(App\Controllers\Paises))
 8 SYSTEMPATH\CodeIgniter.php(368): CodeIgniter\CodeIgniter->handleRequest(null, Object(Config\Cache), false)
 9 FCPATH\index.php(67): CodeIgniter\CodeIgniter->run()
CRITICAL - 2023-03-11 13:47:48 --> Undefined variable $titulo
in APPPATH\Views\paises\paises.php on line 2.
 1 APPPATH\Views\paises\paises.php(2): CodeIgniter\Debug\Exceptions->errorHandler(2, 'Undefined variable $titulo', 'APPPATH\\Views\\paises\\paises.php', 2)
 2 SYSTEMPATH\View\View.php(213): include('APPPATH\\Views\\paises\\paises.php')
 3 SYSTEMPATH\View\View.php(216): CodeIgniter\View\View->CodeIgniter\View\{closure}()
 4 SYSTEMPATH\Common.php(1184): CodeIgniter\View\View->render('/paises/paises', [], true)
 5 APPPATH\Controllers\Paises.php(15): view('/paises/paises')
 6 SYSTEMPATH\CodeIgniter.php(934): App\Controllers\Paises->index()
 7 SYSTEMPATH\CodeIgniter.php(499): CodeIgniter\CodeIgniter->runController(Object(App\Controllers\Paises))
 8 SYSTEMPATH\CodeIgniter.php(368): CodeIgniter\CodeIgniter->handleRequest(null, Object(Config\Cache), false)
 9 FCPATH\index.php(67): CodeIgniter\CodeIgniter->run()
CRITICAL - 2023-03-11 13:47:48 --> Undefined variable $titulo
in APPPATH\Views\paises\paises.php on line 2.
 1 APPPATH\Views\paises\paises.php(2): CodeIgniter\Debug\Exceptions->errorHandler(2, 'Undefined variable $titulo', 'APPPATH\\Views\\paises\\paises.php', 2)
 2 SYSTEMPATH\View\View.php(213): include('APPPATH\\Views\\paises\\paises.php')
 3 SYSTEMPATH\View\View.php(216): CodeIgniter\View\View->CodeIgniter\View\{closure}()
 4 SYSTEMPATH\Common.php(1184): CodeIgniter\View\View->render('/paises/paises', [], true)
 5 APPPATH\Controllers\Paises.php(15): view('/paises/paises')
 6 SYSTEMPATH\CodeIgniter.php(934): App\Controllers\Paises->index()
 7 SYSTEMPATH\CodeIgniter.php(499): CodeIgniter\CodeIgniter->runController(Object(App\Controllers\Paises))
 8 SYSTEMPATH\CodeIgniter.php(368): CodeIgniter\CodeIgniter->handleRequest(null, Object(Config\Cache), false)
 9 FCPATH\index.php(67): CodeIgniter\CodeIgniter->run()
CRITICAL - 2023-03-11 13:47:50 --> Undefined variable $titulo
in APPPATH\Views\paises\paises.php on line 2.
 1 APPPATH\Views\paises\paises.php(2): CodeIgniter\Debug\Exceptions->errorHandler(2, 'Undefined variable $titulo', 'APPPATH\\Views\\paises\\paises.php', 2)
 2 SYSTEMPATH\View\View.php(213): include('APPPATH\\Views\\paises\\paises.php')
 3 SYSTEMPATH\View\View.php(216): CodeIgniter\View\View->CodeIgniter\View\{closure}()
 4 SYSTEMPATH\Common.php(1184): CodeIgniter\View\View->render('/paises/paises', [], true)
 5 APPPATH\Controllers\Paises.php(15): view('/paises/paises')
 6 SYSTEMPATH\CodeIgniter.php(934): App\Controllers\Paises->index()
 7 SYSTEMPATH\CodeIgniter.php(499): CodeIgniter\CodeIgniter->runController(Object(App\Controllers\Paises))
 8 SYSTEMPATH\CodeIgniter.php(368): CodeIgniter\CodeIgniter->handleRequest(null, Object(Config\Cache), false)
 9 FCPATH\index.php(67): CodeIgniter\CodeIgniter->run()
CRITICAL - 2023-03-11 13:47:54 --> Undefined variable $titulo
in APPPATH\Views\paises\paises.php on line 2.
 1 APPPATH\Views\paises\paises.php(2): CodeIgniter\Debug\Exceptions->errorHandler(2, 'Undefined variable $titulo', 'APPPATH\\Views\\paises\\paises.php', 2)
 2 SYSTEMPATH\View\View.php(213): include('APPPATH\\Views\\paises\\paises.php')
 3 SYSTEMPATH\View\View.php(216): CodeIgniter\View\View->CodeIgniter\View\{closure}()
 4 SYSTEMPATH\Common.php(1184): CodeIgniter\View\View->render('/paises/paises', [], true)
 5 APPPATH\Controllers\Paises.php(15): view('/paises/paises')
 6 SYSTEMPATH\CodeIgniter.php(934): App\Controllers\Paises->index()
 7 SYSTEMPATH\CodeIgniter.php(499): CodeIgniter\CodeIgniter->runController(Object(App\Controllers\Paises))
 8 SYSTEMPATH\CodeIgniter.php(368): CodeIgniter\CodeIgniter->handleRequest(null, Object(Config\Cache), false)
 9 FCPATH\index.php(67): CodeIgniter\CodeIgniter->run()
CRITICAL - 2023-03-11 13:47:55 --> Undefined variable $titulo
in APPPATH\Views\paises\paises.php on line 2.
 1 APPPATH\Views\paises\paises.php(2): CodeIgniter\Debug\Exceptions->errorHandler(2, 'Undefined variable $titulo', 'APPPATH\\Views\\paises\\paises.php', 2)
 2 SYSTEMPATH\View\View.php(213): include('APPPATH\\Views\\paises\\paises.php')
 3 SYSTEMPATH\View\View.php(216): CodeIgniter\View\View->CodeIgniter\View\{closure}()
 4 SYSTEMPATH\Common.php(1184): CodeIgniter\View\View->render('/paises/paises', [], true)
 5 APPPATH\Controllers\Paises.php(15): view('/paises/paises')
 6 SYSTEMPATH\CodeIgniter.php(934): App\Controllers\Paises->index()
 7 SYSTEMPATH\CodeIgniter.php(499): CodeIgniter\CodeIgniter->runController(Object(App\Controllers\Paises))
 8 SYSTEMPATH\CodeIgniter.php(368): CodeIgniter\CodeIgniter->handleRequest(null, Object(Config\Cache), false)
 9 FCPATH\index.php(67): CodeIgniter\CodeIgniter->run()
CRITICAL - 2023-03-11 13:47:55 --> Undefined variable $titulo
in APPPATH\Views\paises\paises.php on line 2.
 1 APPPATH\Views\paises\paises.php(2): CodeIgniter\Debug\Exceptions->errorHandler(2, 'Undefined variable $titulo', 'APPPATH\\Views\\paises\\paises.php', 2)
 2 SYSTEMPATH\View\View.php(213): include('APPPATH\\Views\\paises\\paises.php')
 3 SYSTEMPATH\View\View.php(216): CodeIgniter\View\View->CodeIgniter\View\{closure}()
 4 SYSTEMPATH\Common.php(1184): CodeIgniter\View\View->render('/paises/paises', [], true)
 5 APPPATH\Controllers\Paises.php(15): view('/paises/paises')
 6 SYSTEMPATH\CodeIgniter.php(934): App\Controllers\Paises->index()
 7 SYSTEMPATH\CodeIgniter.php(499): CodeIgniter\CodeIgniter->runController(Object(App\Controllers\Paises))
 8 SYSTEMPATH\CodeIgniter.php(368): CodeIgniter\CodeIgniter->handleRequest(null, Object(Config\Cache), false)
 9 FCPATH\index.php(67): CodeIgniter\CodeIgniter->run()
CRITICAL - 2023-03-11 13:48:09 --> Undefined variable $titulo
in APPPATH\Views\paises\paises.php on line 2.
 1 APPPATH\Views\paises\paises.php(2): CodeIgniter\Debug\Exceptions->errorHandler(2, 'Undefined variable $titulo', 'APPPATH\\Views\\paises\\paises.php', 2)
 2 SYSTEMPATH\View\View.php(213): include('APPPATH\\Views\\paises\\paises.php')
 3 SYSTEMPATH\View\View.php(216): CodeIgniter\View\View->CodeIgniter\View\{closure}()
 4 SYSTEMPATH\Common.php(1184): CodeIgniter\View\View->render('/paises/paises', [], true)
 5 APPPATH\Controllers\Paises.php(15): view('/paises/paises')
 6 SYSTEMPATH\CodeIgniter.php(934): App\Controllers\Paises->index()
 7 SYSTEMPATH\CodeIgniter.php(499): CodeIgniter\CodeIgniter->runController(Object(App\Controllers\Paises))
 8 SYSTEMPATH\CodeIgniter.php(368): CodeIgniter\CodeIgniter->handleRequest(null, Object(Config\Cache), false)
 9 FCPATH\index.php(67): CodeIgniter\CodeIgniter->run()
CRITICAL - 2023-03-11 13:48:10 --> Undefined variable $titulo
in APPPATH\Views\paises\paises.php on line 2.
 1 APPPATH\Views\paises\paises.php(2): CodeIgniter\Debug\Exceptions->errorHandler(2, 'Undefined variable $titulo', 'APPPATH\\Views\\paises\\paises.php', 2)
 2 SYSTEMPATH\View\View.php(213): include('APPPATH\\Views\\paises\\paises.php')
 3 SYSTEMPATH\View\View.php(216): CodeIgniter\View\View->CodeIgniter\View\{closure}()
 4 SYSTEMPATH\Common.php(1184): CodeIgniter\View\View->render('/paises/paises', [], true)
 5 APPPATH\Controllers\Paises.php(15): view('/paises/paises')
 6 SYSTEMPATH\CodeIgniter.php(934): App\Controllers\Paises->index()
 7 SYSTEMPATH\CodeIgniter.php(499): CodeIgniter\CodeIgniter->runController(Object(App\Controllers\Paises))
 8 SYSTEMPATH\CodeIgniter.php(368): CodeIgniter\CodeIgniter->handleRequest(null, Object(Config\Cache), false)
 9 FCPATH\index.php(67): CodeIgniter\CodeIgniter->run()
CRITICAL - 2023-03-11 13:48:13 --> Undefined variable $titulo
in APPPATH\Views\paises\paises.php on line 2.
 1 APPPATH\Views\paises\paises.php(2): CodeIgniter\Debug\Exceptions->errorHandler(2, 'Undefined variable $titulo', 'APPPATH\\Views\\paises\\paises.php', 2)
 2 SYSTEMPATH\View\View.php(213): include('APPPATH\\Views\\paises\\paises.php')
 3 SYSTEMPATH\View\View.php(216): CodeIgniter\View\View->CodeIgniter\View\{closure}()
 4 SYSTEMPATH\Common.php(1184): CodeIgniter\View\View->render('/paises/paises', [], true)
 5 APPPATH\Controllers\Paises.php(15): view('/paises/paises')
 6 SYSTEMPATH\CodeIgniter.php(934): App\Controllers\Paises->index()
 7 SYSTEMPATH\CodeIgniter.php(499): CodeIgniter\CodeIgniter->runController(Object(App\Controllers\Paises))
 8 SYSTEMPATH\CodeIgniter.php(368): CodeIgniter\CodeIgniter->handleRequest(null, Object(Config\Cache), false)
 9 FCPATH\index.php(67): CodeIgniter\CodeIgniter->run()
CRITICAL - 2023-03-11 13:48:15 --> Undefined variable $titulo
in APPPATH\Views\paises\paises.php on line 2.
 1 APPPATH\Views\paises\paises.php(2): CodeIgniter\Debug\Exceptions->errorHandler(2, 'Undefined variable $titulo', 'APPPATH\\Views\\paises\\paises.php', 2)
 2 SYSTEMPATH\View\View.php(213): include('APPPATH\\Views\\paises\\paises.php')
 3 SYSTEMPATH\View\View.php(216): CodeIgniter\View\View->CodeIgniter\View\{closure}()
 4 SYSTEMPATH\Common.php(1184): CodeIgniter\View\View->render('/paises/paises', [], true)
 5 APPPATH\Controllers\Paises.php(15): view('/paises/paises')
 6 SYSTEMPATH\CodeIgniter.php(934): App\Controllers\Paises->index()
 7 SYSTEMPATH\CodeIgniter.php(499): CodeIgniter\CodeIgniter->runController(Object(App\Controllers\Paises))
 8 SYSTEMPATH\CodeIgniter.php(368): CodeIgniter\CodeIgniter->handleRequest(null, Object(Config\Cache), false)
 9 FCPATH\index.php(67): CodeIgniter\CodeIgniter->run()
CRITICAL - 2023-03-11 13:48:16 --> Undefined variable $titulo
in APPPATH\Views\paises\paises.php on line 2.
 1 APPPATH\Views\paises\paises.php(2): CodeIgniter\Debug\Exceptions->errorHandler(2, 'Undefined variable $titulo', 'APPPATH\\Views\\paises\\paises.php', 2)
 2 SYSTEMPATH\View\View.php(213): include('APPPATH\\Views\\paises\\paises.php')
 3 SYSTEMPATH\View\View.php(216): CodeIgniter\View\View->CodeIgniter\View\{closure}()
 4 SYSTEMPATH\Common.php(1184): CodeIgniter\View\View->render('/paises/paises', [], true)
 5 APPPATH\Controllers\Paises.php(15): view('/paises/paises')
 6 SYSTEMPATH\CodeIgniter.php(934): App\Controllers\Paises->index()
 7 SYSTEMPATH\CodeIgniter.php(499): CodeIgniter\CodeIgniter->runController(Object(App\Controllers\Paises))
 8 SYSTEMPATH\CodeIgniter.php(368): CodeIgniter\CodeIgniter->handleRequest(null, Object(Config\Cache), false)
 9 FCPATH\index.php(67): CodeIgniter\CodeIgniter->run()
CRITICAL - 2023-03-11 13:49:06 --> Undefined variable $titulo
in APPPATH\Views\paises\paises.php on line 2.
 1 APPPATH\Views\paises\paises.php(2): CodeIgniter\Debug\Exceptions->errorHandler(2, 'Undefined variable $titulo', 'APPPATH\\Views\\paises\\paises.php', 2)
 2 SYSTEMPATH\View\View.php(213): include('APPPATH\\Views\\paises\\paises.php')
 3 SYSTEMPATH\View\View.php(216): CodeIgniter\View\View->CodeIgniter\View\{closure}()
 4 SYSTEMPATH\Common.php(1184): CodeIgniter\View\View->render('/paises/paises', [], true)
 5 APPPATH\Controllers\Paises.php(15): view('/paises/paises')
 6 SYSTEMPATH\CodeIgniter.php(934): App\Controllers\Paises->index()
 7 SYSTEMPATH\CodeIgniter.php(499): CodeIgniter\CodeIgniter->runController(Object(App\Controllers\Paises))
 8 SYSTEMPATH\CodeIgniter.php(368): CodeIgniter\CodeIgniter->handleRequest(null, Object(Config\Cache), false)
 9 FCPATH\index.php(67): CodeIgniter\CodeIgniter->run()
CRITICAL - 2023-03-11 13:49:06 --> Undefined variable $titulo
in APPPATH\Views\paises\paises.php on line 2.
 1 APPPATH\Views\paises\paises.php(2): CodeIgniter\Debug\Exceptions->errorHandler(2, 'Undefined variable $titulo', 'APPPATH\\Views\\paises\\paises.php', 2)
 2 SYSTEMPATH\View\View.php(213): include('APPPATH\\Views\\paises\\paises.php')
 3 SYSTEMPATH\View\View.php(216): CodeIgniter\View\View->CodeIgniter\View\{closure}()
 4 SYSTEMPATH\Common.php(1184): CodeIgniter\View\View->render('/paises/paises', [], true)
 5 APPPATH\Controllers\Paises.php(15): view('/paises/paises')
 6 SYSTEMPATH\CodeIgniter.php(934): App\Controllers\Paises->index()
 7 SYSTEMPATH\CodeIgniter.php(499): CodeIgniter\CodeIgniter->runController(Object(App\Controllers\Paises))
 8 SYSTEMPATH\CodeIgniter.php(368): CodeIgniter\CodeIgniter->handleRequest(null, Object(Config\Cache), false)
 9 FCPATH\index.php(67): CodeIgniter\CodeIgniter->run()
CRITICAL - 2023-03-11 13:49:07 --> Undefined variable $titulo
in APPPATH\Views\paises\paises.php on line 2.
 1 APPPATH\Views\paises\paises.php(2): CodeIgniter\Debug\Exceptions->errorHandler(2, 'Undefined variable $titulo', 'APPPATH\\Views\\paises\\paises.php', 2)
 2 SYSTEMPATH\View\View.php(213): include('APPPATH\\Views\\paises\\paises.php')
 3 SYSTEMPATH\View\View.php(216): CodeIgniter\View\View->CodeIgniter\View\{closure}()
 4 SYSTEMPATH\Common.php(1184): CodeIgniter\View\View->render('/paises/paises', [], true)
 5 APPPATH\Controllers\Paises.php(15): view('/paises/paises')
 6 SYSTEMPATH\CodeIgniter.php(934): App\Controllers\Paises->index()
 7 SYSTEMPATH\CodeIgniter.php(499): CodeIgniter\CodeIgniter->runController(Object(App\Controllers\Paises))
 8 SYSTEMPATH\CodeIgniter.php(368): CodeIgniter\CodeIgniter->handleRequest(null, Object(Config\Cache), false)
 9 FCPATH\index.php(67): CodeIgniter\CodeIgniter->run()
CRITICAL - 2023-03-11 13:49:07 --> Undefined variable $titulo
in APPPATH\Views\paises\paises.php on line 2.
 1 APPPATH\Views\paises\paises.php(2): CodeIgniter\Debug\Exceptions->errorHandler(2, 'Undefined variable $titulo', 'APPPATH\\Views\\paises\\paises.php', 2)
 2 SYSTEMPATH\View\View.php(213): include('APPPATH\\Views\\paises\\paises.php')
 3 SYSTEMPATH\View\View.php(216): CodeIgniter\View\View->CodeIgniter\View\{closure}()
 4 SYSTEMPATH\Common.php(1184): CodeIgniter\View\View->render('/paises/paises', [], true)
 5 APPPATH\Controllers\Paises.php(15): view('/paises/paises')
 6 SYSTEMPATH\CodeIgniter.php(934): App\Controllers\Paises->index()
 7 SYSTEMPATH\CodeIgniter.php(499): CodeIgniter\CodeIgniter->runController(Object(App\Controllers\Paises))
 8 SYSTEMPATH\CodeIgniter.php(368): CodeIgniter\CodeIgniter->handleRequest(null, Object(Config\Cache), false)
 9 FCPATH\index.php(67): CodeIgniter\CodeIgniter->run()
CRITICAL - 2023-03-11 13:49:07 --> Undefined variable $titulo
in APPPATH\Views\paises\paises.php on line 2.
 1 APPPATH\Views\paises\paises.php(2): CodeIgniter\Debug\Exceptions->errorHandler(2, 'Undefined variable $titulo', 'APPPATH\\Views\\paises\\paises.php', 2)
 2 SYSTEMPATH\View\View.php(213): include('APPPATH\\Views\\paises\\paises.php')
 3 SYSTEMPATH\View\View.php(216): CodeIgniter\View\View->CodeIgniter\View\{closure}()
 4 SYSTEMPATH\Common.php(1184): CodeIgniter\View\View->render('/paises/paises', [], true)
 5 APPPATH\Controllers\Paises.php(15): view('/paises/paises')
 6 SYSTEMPATH\CodeIgniter.php(934): App\Controllers\Paises->index()
 7 SYSTEMPATH\CodeIgniter.php(499): CodeIgniter\CodeIgniter->runController(Object(App\Controllers\Paises))
 8 SYSTEMPATH\CodeIgniter.php(368): CodeIgniter\CodeIgniter->handleRequest(null, Object(Config\Cache), false)
 9 FCPATH\index.php(67): CodeIgniter\CodeIgniter->run()
CRITICAL - 2023-03-11 16:19:15 --> Undefined constant "App\Controllers\pais"
in APPPATH\Controllers\Paises.php on line 18.
 1 SYSTEMPATH\CodeIgniter.php(934): App\Controllers\Paises->index()
 2 SYSTEMPATH\CodeIgniter.php(499): CodeIgniter\CodeIgniter->runController(Object(App\Controllers\Paises))
 3 SYSTEMPATH\CodeIgniter.php(368): CodeIgniter\CodeIgniter->handleRequest(null, Object(Config\Cache), false)
 4 FCPATH\index.php(67): CodeIgniter\CodeIgniter->run()
CRITICAL - 2023-03-11 16:19:16 --> Undefined constant "App\Controllers\pais"
in APPPATH\Controllers\Paises.php on line 18.
 1 SYSTEMPATH\CodeIgniter.php(934): App\Controllers\Paises->index()
 2 SYSTEMPATH\CodeIgniter.php(499): CodeIgniter\CodeIgniter->runController(Object(App\Controllers\Paises))
 3 SYSTEMPATH\CodeIgniter.php(368): CodeIgniter\CodeIgniter->handleRequest(null, Object(Config\Cache), false)
 4 FCPATH\index.php(67): CodeIgniter\CodeIgniter->run()
CRITICAL - 2023-03-11 16:19:21 --> Undefined constant "App\Controllers\pais"
in APPPATH\Controllers\Paises.php on line 18.
 1 SYSTEMPATH\CodeIgniter.php(934): App\Controllers\Paises->index()
 2 SYSTEMPATH\CodeIgniter.php(499): CodeIgniter\CodeIgniter->runController(Object(App\Controllers\Paises))
 3 SYSTEMPATH\CodeIgniter.php(368): CodeIgniter\CodeIgniter->handleRequest(null, Object(Config\Cache), false)
 4 FCPATH\index.php(67): CodeIgniter\CodeIgniter->run()
CRITICAL - 2023-03-11 16:19:21 --> Undefined constant "App\Controllers\pais"
in APPPATH\Controllers\Paises.php on line 18.
 1 SYSTEMPATH\CodeIgniter.php(934): App\Controllers\Paises->index()
 2 SYSTEMPATH\CodeIgniter.php(499): CodeIgniter\CodeIgniter->runController(Object(App\Controllers\Paises))
 3 SYSTEMPATH\CodeIgniter.php(368): CodeIgniter\CodeIgniter->handleRequest(null, Object(Config\Cache), false)
 4 FCPATH\index.php(67): CodeIgniter\CodeIgniter->run()
CRITICAL - 2023-03-11 16:20:36 --> Class "App\Models\PaisModel" not found
in APPPATH\Controllers\Paises.php on line 14.
 1 SYSTEMPATH\CodeIgniter.php(906): App\Controllers\Paises->__construct()
 2 SYSTEMPATH\CodeIgniter.php(490): CodeIgniter\CodeIgniter->createController()
 3 SYSTEMPATH\CodeIgniter.php(368): CodeIgniter\CodeIgniter->handleRequest(null, Object(Config\Cache), false)
 4 FCPATH\index.php(67): CodeIgniter\CodeIgniter->run()
CRITICAL - 2023-03-11 16:21:09 --> Class "App\Models\PaisModel" not found
in APPPATH\Controllers\Paises.php on line 14.
 1 SYSTEMPATH\CodeIgniter.php(906): App\Controllers\Paises->__construct()
 2 SYSTEMPATH\CodeIgniter.php(490): CodeIgniter\CodeIgniter->createController()
 3 SYSTEMPATH\CodeIgniter.php(368): CodeIgniter\CodeIgniter->handleRequest(null, Object(Config\Cache), false)
 4 FCPATH\index.php(67): CodeIgniter\CodeIgniter->run()
CRITICAL - 2023-03-11 16:21:10 --> Class "App\Models\PaisModel" not found
in APPPATH\Controllers\Paises.php on line 14.
 1 SYSTEMPATH\CodeIgniter.php(906): App\Controllers\Paises->__construct()
 2 SYSTEMPATH\CodeIgniter.php(490): CodeIgniter\CodeIgniter->createController()
 3 SYSTEMPATH\CodeIgniter.php(368): CodeIgniter\CodeIgniter->handleRequest(null, Object(Config\Cache), false)
 4 FCPATH\index.php(67): CodeIgniter\CodeIgniter->run()
CRITICAL - 2023-03-11 16:21:10 --> Class "App\Models\PaisModel" not found
in APPPATH\Controllers\Paises.php on line 14.
 1 SYSTEMPATH\CodeIgniter.php(906): App\Controllers\Paises->__construct()
 2 SYSTEMPATH\CodeIgniter.php(490): CodeIgniter\CodeIgniter->createController()
 3 SYSTEMPATH\CodeIgniter.php(368): CodeIgniter\CodeIgniter->handleRequest(null, Object(Config\Cache), false)
 4 FCPATH\index.php(67): CodeIgniter\CodeIgniter->run()
CRITICAL - 2023-03-11 16:21:54 --> Class "App\Models\PaisModel" not found
in APPPATH\Controllers\Paises.php on line 14.
 1 SYSTEMPATH\CodeIgniter.php(906): App\Controllers\Paises->__construct()
 2 SYSTEMPATH\CodeIgniter.php(490): CodeIgniter\CodeIgniter->createController()
 3 SYSTEMPATH\CodeIgniter.php(368): CodeIgniter\CodeIgniter->handleRequest(null, Object(Config\Cache), false)
 4 FCPATH\index.php(67): CodeIgniter\CodeIgniter->run()
CRITICAL - 2023-03-11 16:21:55 --> Class "App\Models\PaisModel" not found
in APPPATH\Controllers\Paises.php on line 14.
 1 SYSTEMPATH\CodeIgniter.php(906): App\Controllers\Paises->__construct()
 2 SYSTEMPATH\CodeIgniter.php(490): CodeIgniter\CodeIgniter->createController()
 3 SYSTEMPATH\CodeIgniter.php(368): CodeIgniter\CodeIgniter->handleRequest(null, Object(Config\Cache), false)
 4 FCPATH\index.php(67): CodeIgniter\CodeIgniter->run()
CRITICAL - 2023-03-11 16:21:55 --> Class "App\Models\PaisModel" not found
in APPPATH\Controllers\Paises.php on line 14.
 1 SYSTEMPATH\CodeIgniter.php(906): App\Controllers\Paises->__construct()
 2 SYSTEMPATH\CodeIgniter.php(490): CodeIgniter\CodeIgniter->createController()
 3 SYSTEMPATH\CodeIgniter.php(368): CodeIgniter\CodeIgniter->handleRequest(null, Object(Config\Cache), false)
 4 FCPATH\index.php(67): CodeIgniter\CodeIgniter->run()
CRITICAL - 2023-03-11 16:27:28 --> Class "App\Models\PaisModel" not found
in APPPATH\Controllers\Paises.php on line 14.
 1 SYSTEMPATH\CodeIgniter.php(906): App\Controllers\Paises->__construct()
 2 SYSTEMPATH\CodeIgniter.php(490): CodeIgniter\CodeIgniter->createController()
 3 SYSTEMPATH\CodeIgniter.php(368): CodeIgniter\CodeIgniter->handleRequest(null, Object(Config\Cache), false)
 4 FCPATH\index.php(67): CodeIgniter\CodeIgniter->run()
CRITICAL - 2023-03-11 16:29:16 --> Class "App\Models\PaisModel" not found
in APPPATH\Controllers\Paises.php on line 14.
 1 SYSTEMPATH\CodeIgniter.php(906): App\Controllers\Paises->__construct()
 2 SYSTEMPATH\CodeIgniter.php(490): CodeIgniter\CodeIgniter->createController()
 3 SYSTEMPATH\CodeIgniter.php(368): CodeIgniter\CodeIgniter->handleRequest(null, Object(Config\Cache), false)
 4 FCPATH\index.php(67): CodeIgniter\CodeIgniter->run()
CRITICAL - 2023-03-11 16:29:17 --> Class "App\Models\PaisModel" not found
in APPPATH\Controllers\Paises.php on line 14.
 1 SYSTEMPATH\CodeIgniter.php(906): App\Controllers\Paises->__construct()
 2 SYSTEMPATH\CodeIgniter.php(490): CodeIgniter\CodeIgniter->createController()
 3 SYSTEMPATH\CodeIgniter.php(368): CodeIgniter\CodeIgniter->handleRequest(null, Object(Config\Cache), false)
 4 FCPATH\index.php(67): CodeIgniter\CodeIgniter->run()
CRITICAL - 2023-03-11 16:29:17 --> Class "App\Models\PaisModel" not found
in APPPATH\Controllers\Paises.php on line 14.
 1 SYSTEMPATH\CodeIgniter.php(906): App\Controllers\Paises->__construct()
 2 SYSTEMPATH\CodeIgniter.php(490): CodeIgniter\CodeIgniter->createController()
 3 SYSTEMPATH\CodeIgniter.php(368): CodeIgniter\CodeIgniter->handleRequest(null, Object(Config\Cache), false)
 4 FCPATH\index.php(67): CodeIgniter\CodeIgniter->run()
CRITICAL - 2023-03-11 16:29:17 --> Class "App\Models\PaisModel" not found
in APPPATH\Controllers\Paises.php on line 14.
 1 SYSTEMPATH\CodeIgniter.php(906): App\Controllers\Paises->__construct()
 2 SYSTEMPATH\CodeIgniter.php(490): CodeIgniter\CodeIgniter->createController()
 3 SYSTEMPATH\CodeIgniter.php(368): CodeIgniter\CodeIgniter->handleRequest(null, Object(Config\Cache), false)
 4 FCPATH\index.php(67): CodeIgniter\CodeIgniter->run()
CRITICAL - 2023-03-11 16:29:39 --> Class "App\Models\PaisModel" not found
in APPPATH\Controllers\Paises.php on line 14.
 1 SYSTEMPATH\CodeIgniter.php(906): App\Controllers\Paises->__construct()
 2 SYSTEMPATH\CodeIgniter.php(490): CodeIgniter\CodeIgniter->createController()
 3 SYSTEMPATH\CodeIgniter.php(368): CodeIgniter\CodeIgniter->handleRequest(null, Object(Config\Cache), false)
 4 FCPATH\index.php(67): CodeIgniter\CodeIgniter->run()
CRITICAL - 2023-03-11 16:30:38 --> Class "App\Models\PaisModel" not found
in APPPATH\Controllers\Paises.php on line 14.
 1 SYSTEMPATH\CodeIgniter.php(906): App\Controllers\Paises->__construct()
 2 SYSTEMPATH\CodeIgniter.php(490): CodeIgniter\CodeIgniter->createController()
 3 SYSTEMPATH\CodeIgniter.php(368): CodeIgniter\CodeIgniter->handleRequest(null, Object(Config\Cache), false)
 4 FCPATH\index.php(67): CodeIgniter\CodeIgniter->run()
CRITICAL - 2023-03-11 16:30:39 --> Class "App\Models\PaisModel" not found
in APPPATH\Controllers\Paises.php on line 14.
 1 SYSTEMPATH\CodeIgniter.php(906): App\Controllers\Paises->__construct()
 2 SYSTEMPATH\CodeIgniter.php(490): CodeIgniter\CodeIgniter->createController()
 3 SYSTEMPATH\CodeIgniter.php(368): CodeIgniter\CodeIgniter->handleRequest(null, Object(Config\Cache), false)
 4 FCPATH\index.php(67): CodeIgniter\CodeIgniter->run()
CRITICAL - 2023-03-11 16:31:10 --> Class "App\Models\PaisModel" not found
in APPPATH\Controllers\Paises.php on line 14.
 1 SYSTEMPATH\CodeIgniter.php(906): App\Controllers\Paises->__construct()
 2 SYSTEMPATH\CodeIgniter.php(490): CodeIgniter\CodeIgniter->createController()
 3 SYSTEMPATH\CodeIgniter.php(368): CodeIgniter\CodeIgniter->handleRequest(null, Object(Config\Cache), false)
 4 FCPATH\index.php(67): CodeIgniter\CodeIgniter->run()
CRITICAL - 2023-03-11 16:31:11 --> Class "App\Models\PaisModel" not found
in APPPATH\Controllers\Paises.php on line 14.
 1 SYSTEMPATH\CodeIgniter.php(906): App\Controllers\Paises->__construct()
 2 SYSTEMPATH\CodeIgniter.php(490): CodeIgniter\CodeIgniter->createController()
 3 SYSTEMPATH\CodeIgniter.php(368): CodeIgniter\CodeIgniter->handleRequest(null, Object(Config\Cache), false)
 4 FCPATH\index.php(67): CodeIgniter\CodeIgniter->run()
CRITICAL - 2023-03-11 16:31:17 --> Class "App\Models\PaisModel" not found
in APPPATH\Controllers\Paises.php on line 14.
 1 SYSTEMPATH\CodeIgniter.php(906): App\Controllers\Paises->__construct()
 2 SYSTEMPATH\CodeIgniter.php(490): CodeIgniter\CodeIgniter->createController()
 3 SYSTEMPATH\CodeIgniter.php(368): CodeIgniter\CodeIgniter->handleRequest(null, Object(Config\Cache), false)
 4 FCPATH\index.php(67): CodeIgniter\CodeIgniter->run()
CRITICAL - 2023-03-11 16:31:20 --> Class "App\Models\PaisModel" not found
in APPPATH\Controllers\Paises.php on line 14.
 1 SYSTEMPATH\CodeIgniter.php(906): App\Controllers\Paises->__construct()
 2 SYSTEMPATH\CodeIgniter.php(490): CodeIgniter\CodeIgniter->createController()
 3 SYSTEMPATH\CodeIgniter.php(368): CodeIgniter\CodeIgniter->handleRequest(null, Object(Config\Cache), false)
 4 FCPATH\index.php(67): CodeIgniter\CodeIgniter->run()
CRITICAL - 2023-03-11 16:31:21 --> Class "App\Models\PaisModel" not found
in APPPATH\Controllers\Paises.php on line 14.
 1 SYSTEMPATH\CodeIgniter.php(906): App\Controllers\Paises->__construct()
 2 SYSTEMPATH\CodeIgniter.php(490): CodeIgniter\CodeIgniter->createController()
 3 SYSTEMPATH\CodeIgniter.php(368): CodeIgniter\CodeIgniter->handleRequest(null, Object(Config\Cache), false)
 4 FCPATH\index.php(67): CodeIgniter\CodeIgniter->run()
CRITICAL - 2023-03-11 16:31:21 --> Class "App\Models\PaisModel" not found
in APPPATH\Controllers\Paises.php on line 14.
 1 SYSTEMPATH\CodeIgniter.php(906): App\Controllers\Paises->__construct()
 2 SYSTEMPATH\CodeIgniter.php(490): CodeIgniter\CodeIgniter->createController()
 3 SYSTEMPATH\CodeIgniter.php(368): CodeIgniter\CodeIgniter->handleRequest(null, Object(Config\Cache), false)
 4 FCPATH\index.php(67): CodeIgniter\CodeIgniter->run()
CRITICAL - 2023-03-11 16:31:21 --> Class "App\Models\PaisModel" not found
in APPPATH\Controllers\Paises.php on line 14.
 1 SYSTEMPATH\CodeIgniter.php(906): App\Controllers\Paises->__construct()
 2 SYSTEMPATH\CodeIgniter.php(490): CodeIgniter\CodeIgniter->createController()
 3 SYSTEMPATH\CodeIgniter.php(368): CodeIgniter\CodeIgniter->handleRequest(null, Object(Config\Cache), false)
 4 FCPATH\index.php(67): CodeIgniter\CodeIgniter->run()
CRITICAL - 2023-03-11 16:31:21 --> Class "App\Models\PaisModel" not found
in APPPATH\Controllers\Paises.php on line 14.
 1 SYSTEMPATH\CodeIgniter.php(906): App\Controllers\Paises->__construct()
 2 SYSTEMPATH\CodeIgniter.php(490): CodeIgniter\CodeIgniter->createController()
 3 SYSTEMPATH\CodeIgniter.php(368): CodeIgniter\CodeIgniter->handleRequest(null, Object(Config\Cache), false)
 4 FCPATH\index.php(67): CodeIgniter\CodeIgniter->run()
CRITICAL - 2023-03-11 16:31:21 --> Class "App\Models\PaisModel" not found
in APPPATH\Controllers\Paises.php on line 14.
 1 SYSTEMPATH\CodeIgniter.php(906): App\Controllers\Paises->__construct()
 2 SYSTEMPATH\CodeIgniter.php(490): CodeIgniter\CodeIgniter->createController()
 3 SYSTEMPATH\CodeIgniter.php(368): CodeIgniter\CodeIgniter->handleRequest(null, Object(Config\Cache), false)
 4 FCPATH\index.php(67): CodeIgniter\CodeIgniter->run()
CRITICAL - 2023-03-11 16:31:21 --> Class "App\Models\PaisModel" not found
in APPPATH\Controllers\Paises.php on line 14.
 1 SYSTEMPATH\CodeIgniter.php(906): App\Controllers\Paises->__construct()
 2 SYSTEMPATH\CodeIgniter.php(490): CodeIgniter\CodeIgniter->createController()
 3 SYSTEMPATH\CodeIgniter.php(368): CodeIgniter\CodeIgniter->handleRequest(null, Object(Config\Cache), false)
 4 FCPATH\index.php(67): CodeIgniter\CodeIgniter->run()
CRITICAL - 2023-03-11 16:31:22 --> Class "App\Models\PaisModel" not found
in APPPATH\Controllers\Paises.php on line 14.
 1 SYSTEMPATH\CodeIgniter.php(906): App\Controllers\Paises->__construct()
 2 SYSTEMPATH\CodeIgniter.php(490): CodeIgniter\CodeIgniter->createController()
 3 SYSTEMPATH\CodeIgniter.php(368): CodeIgniter\CodeIgniter->handleRequest(null, Object(Config\Cache), false)
 4 FCPATH\index.php(67): CodeIgniter\CodeIgniter->run()
CRITICAL - 2023-03-11 16:31:22 --> Class "App\Models\PaisModel" not found
in APPPATH\Controllers\Paises.php on line 14.
 1 SYSTEMPATH\CodeIgniter.php(906): App\Controllers\Paises->__construct()
 2 SYSTEMPATH\CodeIgniter.php(490): CodeIgniter\CodeIgniter->createController()
 3 SYSTEMPATH\CodeIgniter.php(368): CodeIgniter\CodeIgniter->handleRequest(null, Object(Config\Cache), false)
 4 FCPATH\index.php(67): CodeIgniter\CodeIgniter->run()
CRITICAL - 2023-03-11 16:31:22 --> Class "App\Models\PaisModel" not found
in APPPATH\Controllers\Paises.php on line 14.
 1 SYSTEMPATH\CodeIgniter.php(906): App\Controllers\Paises->__construct()
 2 SYSTEMPATH\CodeIgniter.php(490): CodeIgniter\CodeIgniter->createController()
 3 SYSTEMPATH\CodeIgniter.php(368): CodeIgniter\CodeIgniter->handleRequest(null, Object(Config\Cache), false)
 4 FCPATH\index.php(67): CodeIgniter\CodeIgniter->run()
CRITICAL - 2023-03-11 16:31:22 --> Class "App\Models\PaisModel" not found
in APPPATH\Controllers\Paises.php on line 14.
 1 SYSTEMPATH\CodeIgniter.php(906): App\Controllers\Paises->__construct()
 2 SYSTEMPATH\CodeIgniter.php(490): CodeIgniter\CodeIgniter->createController()
 3 SYSTEMPATH\CodeIgniter.php(368): CodeIgniter\CodeIgniter->handleRequest(null, Object(Config\Cache), false)
 4 FCPATH\index.php(67): CodeIgniter\CodeIgniter->run()
CRITICAL - 2023-03-11 16:31:22 --> Class "App\Models\PaisModel" not found
in APPPATH\Controllers\Paises.php on line 14.
 1 SYSTEMPATH\CodeIgniter.php(906): App\Controllers\Paises->__construct()
 2 SYSTEMPATH\CodeIgniter.php(490): CodeIgniter\CodeIgniter->createController()
 3 SYSTEMPATH\CodeIgniter.php(368): CodeIgniter\CodeIgniter->handleRequest(null, Object(Config\Cache), false)
 4 FCPATH\index.php(67): CodeIgniter\CodeIgniter->run()
CRITICAL - 2023-03-11 16:31:23 --> Class "App\Models\PaisModel" not found
in APPPATH\Controllers\Paises.php on line 14.
 1 SYSTEMPATH\CodeIgniter.php(906): App\Controllers\Paises->__construct()
 2 SYSTEMPATH\CodeIgniter.php(490): CodeIgniter\CodeIgniter->createController()
 3 SYSTEMPATH\CodeIgniter.php(368): CodeIgniter\CodeIgniter->handleRequest(null, Object(Config\Cache), false)
 4 FCPATH\index.php(67): CodeIgniter\CodeIgniter->run()
CRITICAL - 2023-03-11 16:31:28 --> Class "App\Models\PaisModel" not found
in APPPATH\Controllers\Paises.php on line 14.
 1 SYSTEMPATH\CodeIgniter.php(906): App\Controllers\Paises->__construct()
 2 SYSTEMPATH\CodeIgniter.php(490): CodeIgniter\CodeIgniter->createController()
 3 SYSTEMPATH\CodeIgniter.php(368): CodeIgniter\CodeIgniter->handleRequest(null, Object(Config\Cache), false)
 4 FCPATH\index.php(67): CodeIgniter\CodeIgniter->run()
CRITICAL - 2023-03-11 16:31:28 --> Class "App\Models\PaisModel" not found
in APPPATH\Controllers\Paises.php on line 14.
 1 SYSTEMPATH\CodeIgniter.php(906): App\Controllers\Paises->__construct()
 2 SYSTEMPATH\CodeIgniter.php(490): CodeIgniter\CodeIgniter->createController()
 3 SYSTEMPATH\CodeIgniter.php(368): CodeIgniter\CodeIgniter->handleRequest(null, Object(Config\Cache), false)
 4 FCPATH\index.php(67): CodeIgniter\CodeIgniter->run()
CRITICAL - 2023-03-11 16:31:28 --> Class "App\Models\PaisModel" not found
in APPPATH\Controllers\Paises.php on line 14.
 1 SYSTEMPATH\CodeIgniter.php(906): App\Controllers\Paises->__construct()
 2 SYSTEMPATH\CodeIgniter.php(490): CodeIgniter\CodeIgniter->createController()
 3 SYSTEMPATH\CodeIgniter.php(368): CodeIgniter\CodeIgniter->handleRequest(null, Object(Config\Cache), false)
 4 FCPATH\index.php(67): CodeIgniter\CodeIgniter->run()
CRITICAL - 2023-03-11 16:33:40 --> Undefined constant "App\Controllers\pais"
in APPPATH\Controllers\Paises.php on line 18.
 1 SYSTEMPATH\CodeIgniter.php(934): App\Controllers\Paises->index()
 2 SYSTEMPATH\CodeIgniter.php(499): CodeIgniter\CodeIgniter->runController(Object(App\Controllers\Paises))
 3 SYSTEMPATH\CodeIgniter.php(368): CodeIgniter\CodeIgniter->handleRequest(null, Object(Config\Cache), false)
 4 FCPATH\index.php(67): CodeIgniter\CodeIgniter->run()
CRITICAL - 2023-03-11 16:33:40 --> Undefined constant "App\Controllers\pais"
in APPPATH\Controllers\Paises.php on line 18.
 1 SYSTEMPATH\CodeIgniter.php(934): App\Controllers\Paises->index()
 2 SYSTEMPATH\CodeIgniter.php(499): CodeIgniter\CodeIgniter->runController(Object(App\Controllers\Paises))
 3 SYSTEMPATH\CodeIgniter.php(368): CodeIgniter\CodeIgniter->handleRequest(null, Object(Config\Cache), false)
 4 FCPATH\index.php(67): CodeIgniter\CodeIgniter->run()
CRITICAL - 2023-03-11 16:33:41 --> Undefined constant "App\Controllers\pais"
in APPPATH\Controllers\Paises.php on line 18.
 1 SYSTEMPATH\CodeIgniter.php(934): App\Controllers\Paises->index()
 2 SYSTEMPATH\CodeIgniter.php(499): CodeIgniter\CodeIgniter->runController(Object(App\Controllers\Paises))
 3 SYSTEMPATH\CodeIgniter.php(368): CodeIgniter\CodeIgniter->handleRequest(null, Object(Config\Cache), false)
 4 FCPATH\index.php(67): CodeIgniter\CodeIgniter->run()
CRITICAL - 2023-03-11 16:33:41 --> Undefined constant "App\Controllers\pais"
in APPPATH\Controllers\Paises.php on line 18.
 1 SYSTEMPATH\CodeIgniter.php(934): App\Controllers\Paises->index()
 2 SYSTEMPATH\CodeIgniter.php(499): CodeIgniter\CodeIgniter->runController(Object(App\Controllers\Paises))
 3 SYSTEMPATH\CodeIgniter.php(368): CodeIgniter\CodeIgniter->handleRequest(null, Object(Config\Cache), false)
 4 FCPATH\index.php(67): CodeIgniter\CodeIgniter->run()
CRITICAL - 2023-03-11 16:35:37 --> Undefined constant "App\Controllers\pais"
in APPPATH\Controllers\Paises.php on line 18.
 1 SYSTEMPATH\CodeIgniter.php(934): App\Controllers\Paises->index()
 2 SYSTEMPATH\CodeIgniter.php(499): CodeIgniter\CodeIgniter->runController(Object(App\Controllers\Paises))
 3 SYSTEMPATH\CodeIgniter.php(368): CodeIgniter\CodeIgniter->handleRequest(null, Object(Config\Cache), false)
 4 FCPATH\index.php(67): CodeIgniter\CodeIgniter->run()
CRITICAL - 2023-03-11 16:35:58 --> Undefined constant "App\Controllers\pais"
in APPPATH\Controllers\Paises.php on line 18.
 1 SYSTEMPATH\CodeIgniter.php(934): App\Controllers\Paises->index()
 2 SYSTEMPATH\CodeIgniter.php(499): CodeIgniter\CodeIgniter->runController(Object(App\Controllers\Paises))
 3 SYSTEMPATH\CodeIgniter.php(368): CodeIgniter\CodeIgniter->handleRequest(null, Object(Config\Cache), false)
 4 FCPATH\index.php(67): CodeIgniter\CodeIgniter->run()
CRITICAL - 2023-03-11 16:35:59 --> Undefined constant "App\Controllers\pais"
in APPPATH\Controllers\Paises.php on line 18.
 1 SYSTEMPATH\CodeIgniter.php(934): App\Controllers\Paises->index()
 2 SYSTEMPATH\CodeIgniter.php(499): CodeIgniter\CodeIgniter->runController(Object(App\Controllers\Paises))
 3 SYSTEMPATH\CodeIgniter.php(368): CodeIgniter\CodeIgniter->handleRequest(null, Object(Config\Cache), false)
 4 FCPATH\index.php(67): CodeIgniter\CodeIgniter->run()
CRITICAL - 2023-03-11 16:35:59 --> Undefined constant "App\Controllers\pais"
in APPPATH\Controllers\Paises.php on line 18.
 1 SYSTEMPATH\CodeIgniter.php(934): App\Controllers\Paises->index()
 2 SYSTEMPATH\CodeIgniter.php(499): CodeIgniter\CodeIgniter->runController(Object(App\Controllers\Paises))
 3 SYSTEMPATH\CodeIgniter.php(368): CodeIgniter\CodeIgniter->handleRequest(null, Object(Config\Cache), false)
 4 FCPATH\index.php(67): CodeIgniter\CodeIgniter->run()
CRITICAL - 2023-03-11 16:35:59 --> Undefined constant "App\Controllers\pais"
in APPPATH\Controllers\Paises.php on line 18.
 1 SYSTEMPATH\CodeIgniter.php(934): App\Controllers\Paises->index()
 2 SYSTEMPATH\CodeIgniter.php(499): CodeIgniter\CodeIgniter->runController(Object(App\Controllers\Paises))
 3 SYSTEMPATH\CodeIgniter.php(368): CodeIgniter\CodeIgniter->handleRequest(null, Object(Config\Cache), false)
 4 FCPATH\index.php(67): CodeIgniter\CodeIgniter->run()
CRITICAL - 2023-03-11 16:35:59 --> Undefined constant "App\Controllers\pais"
in APPPATH\Controllers\Paises.php on line 18.
 1 SYSTEMPATH\CodeIgniter.php(934): App\Controllers\Paises->index()
 2 SYSTEMPATH\CodeIgniter.php(499): CodeIgniter\CodeIgniter->runController(Object(App\Controllers\Paises))
 3 SYSTEMPATH\CodeIgniter.php(368): CodeIgniter\CodeIgniter->handleRequest(null, Object(Config\Cache), false)
 4 FCPATH\index.php(67): CodeIgniter\CodeIgniter->run()
CRITICAL - 2023-03-11 16:35:59 --> Undefined constant "App\Controllers\pais"
in APPPATH\Controllers\Paises.php on line 18.
 1 SYSTEMPATH\CodeIgniter.php(934): App\Controllers\Paises->index()
 2 SYSTEMPATH\CodeIgniter.php(499): CodeIgniter\CodeIgniter->runController(Object(App\Controllers\Paises))
 3 SYSTEMPATH\CodeIgniter.php(368): CodeIgniter\CodeIgniter->handleRequest(null, Object(Config\Cache), false)
 4 FCPATH\index.php(67): CodeIgniter\CodeIgniter->run()
CRITICAL - 2023-03-11 16:36:08 --> Undefined constant "App\Controllers\pais"
in APPPATH\Controllers\Paises.php on line 18.
 1 SYSTEMPATH\CodeIgniter.php(934): App\Controllers\Paises->index()
 2 SYSTEMPATH\CodeIgniter.php(499): CodeIgniter\CodeIgniter->runController(Object(App\Controllers\Paises))
 3 SYSTEMPATH\CodeIgniter.php(368): CodeIgniter\CodeIgniter->handleRequest(null, Object(Config\Cache), false)
 4 FCPATH\index.php(67): CodeIgniter\CodeIgniter->run()
CRITICAL - 2023-03-11 16:36:09 --> Undefined constant "App\Controllers\pais"
in APPPATH\Controllers\Paises.php on line 18.
 1 SYSTEMPATH\CodeIgniter.php(934): App\Controllers\Paises->index()
 2 SYSTEMPATH\CodeIgniter.php(499): CodeIgniter\CodeIgniter->runController(Object(App\Controllers\Paises))
 3 SYSTEMPATH\CodeIgniter.php(368): CodeIgniter\CodeIgniter->handleRequest(null, Object(Config\Cache), false)
 4 FCPATH\index.php(67): CodeIgniter\CodeIgniter->run()
CRITICAL - 2023-03-11 16:36:11 --> Undefined constant "App\Controllers\pais"
in APPPATH\Controllers\Paises.php on line 18.
 1 SYSTEMPATH\CodeIgniter.php(934): App\Controllers\Paises->index()
 2 SYSTEMPATH\CodeIgniter.php(499): CodeIgniter\CodeIgniter->runController(Object(App\Controllers\Paises))
 3 SYSTEMPATH\CodeIgniter.php(368): CodeIgniter\CodeIgniter->handleRequest(null, Object(Config\Cache), false)
 4 FCPATH\index.php(67): CodeIgniter\CodeIgniter->run()
CRITICAL - 2023-03-11 16:36:30 --> Class "App\Models\PaisModel" not found
in APPPATH\Controllers\Paises.php on line 14.
 1 SYSTEMPATH\CodeIgniter.php(906): App\Controllers\Paises->__construct()
 2 SYSTEMPATH\CodeIgniter.php(490): CodeIgniter\CodeIgniter->createController()
 3 SYSTEMPATH\CodeIgniter.php(368): CodeIgniter\CodeIgniter->handleRequest(null, Object(Config\Cache), false)
 4 FCPATH\index.php(67): CodeIgniter\CodeIgniter->run()
CRITICAL - 2023-03-11 16:36:30 --> Class "App\Models\PaisModel" not found
in APPPATH\Controllers\Paises.php on line 14.
 1 SYSTEMPATH\CodeIgniter.php(906): App\Controllers\Paises->__construct()
 2 SYSTEMPATH\CodeIgniter.php(490): CodeIgniter\CodeIgniter->createController()
 3 SYSTEMPATH\CodeIgniter.php(368): CodeIgniter\CodeIgniter->handleRequest(null, Object(Config\Cache), false)
 4 FCPATH\index.php(67): CodeIgniter\CodeIgniter->run()
CRITICAL - 2023-03-11 16:36:30 --> Class "App\Models\PaisModel" not found
in APPPATH\Controllers\Paises.php on line 14.
 1 SYSTEMPATH\CodeIgniter.php(906): App\Controllers\Paises->__construct()
 2 SYSTEMPATH\CodeIgniter.php(490): CodeIgniter\CodeIgniter->createController()
 3 SYSTEMPATH\CodeIgniter.php(368): CodeIgniter\CodeIgniter->handleRequest(null, Object(Config\Cache), false)
 4 FCPATH\index.php(67): CodeIgniter\CodeIgniter->run()
CRITICAL - 2023-03-11 16:36:30 --> Class "App\Models\PaisModel" not found
in APPPATH\Controllers\Paises.php on line 14.
 1 SYSTEMPATH\CodeIgniter.php(906): App\Controllers\Paises->__construct()
 2 SYSTEMPATH\CodeIgniter.php(490): CodeIgniter\CodeIgniter->createController()
 3 SYSTEMPATH\CodeIgniter.php(368): CodeIgniter\CodeIgniter->handleRequest(null, Object(Config\Cache), false)
 4 FCPATH\index.php(67): CodeIgniter\CodeIgniter->run()
CRITICAL - 2023-03-11 16:36:50 --> syntax error, unexpected token "*"
in APPPATH\Controllers\Paises.php on line 18.
 1 SYSTEMPATH\Router\Router.php(507): CodeIgniter\Router\AutoRouter->getRoute('paises')
 2 SYSTEMPATH\Router\Router.php(206): CodeIgniter\Router\Router->autoRoute('paises')
 3 SYSTEMPATH\CodeIgniter.php(815): CodeIgniter\Router\Router->handle('paises')
 4 SYSTEMPATH\CodeIgniter.php(449): CodeIgniter\CodeIgniter->tryToRouteIt(Object(CodeIgniter\Router\RouteCollection))
 5 SYSTEMPATH\CodeIgniter.php(368): CodeIgniter\CodeIgniter->handleRequest(null, Object(Config\Cache), false)
 6 FCPATH\index.php(67): CodeIgniter\CodeIgniter->run()
CRITICAL - 2023-03-11 16:36:50 --> syntax error, unexpected token "*"
in APPPATH\Controllers\Paises.php on line 18.
 1 SYSTEMPATH\Router\Router.php(507): CodeIgniter\Router\AutoRouter->getRoute('paises')
 2 SYSTEMPATH\Router\Router.php(206): CodeIgniter\Router\Router->autoRoute('paises')
 3 SYSTEMPATH\CodeIgniter.php(815): CodeIgniter\Router\Router->handle('paises')
 4 SYSTEMPATH\CodeIgniter.php(449): CodeIgniter\CodeIgniter->tryToRouteIt(Object(CodeIgniter\Router\RouteCollection))
 5 SYSTEMPATH\CodeIgniter.php(368): CodeIgniter\CodeIgniter->handleRequest(null, Object(Config\Cache), false)
 6 FCPATH\index.php(67): CodeIgniter\CodeIgniter->run()
CRITICAL - 2023-03-11 16:37:02 --> Undefined constant "App\Controllers\pais"
in APPPATH\Controllers\Paises.php on line 18.
 1 SYSTEMPATH\CodeIgniter.php(934): App\Controllers\Paises->index()
 2 SYSTEMPATH\CodeIgniter.php(499): CodeIgniter\CodeIgniter->runController(Object(App\Controllers\Paises))
 3 SYSTEMPATH\CodeIgniter.php(368): CodeIgniter\CodeIgniter->handleRequest(null, Object(Config\Cache), false)
 4 FCPATH\index.php(67): CodeIgniter\CodeIgniter->run()
CRITICAL - 2023-03-11 16:37:02 --> Undefined constant "App\Controllers\pais"
in APPPATH\Controllers\Paises.php on line 18.
 1 SYSTEMPATH\CodeIgniter.php(934): App\Controllers\Paises->index()
 2 SYSTEMPATH\CodeIgniter.php(499): CodeIgniter\CodeIgniter->runController(Object(App\Controllers\Paises))
 3 SYSTEMPATH\CodeIgniter.php(368): CodeIgniter\CodeIgniter->handleRequest(null, Object(Config\Cache), false)
 4 FCPATH\index.php(67): CodeIgniter\CodeIgniter->run()
CRITICAL - 2023-03-11 16:37:03 --> Undefined constant "App\Controllers\pais"
in APPPATH\Controllers\Paises.php on line 18.
 1 SYSTEMPATH\CodeIgniter.php(934): App\Controllers\Paises->index()
 2 SYSTEMPATH\CodeIgniter.php(499): CodeIgniter\CodeIgniter->runController(Object(App\Controllers\Paises))
 3 SYSTEMPATH\CodeIgniter.php(368): CodeIgniter\CodeIgniter->handleRequest(null, Object(Config\Cache), false)
 4 FCPATH\index.php(67): CodeIgniter\CodeIgniter->run()
CRITICAL - 2023-03-11 16:37:13 --> Undefined constant "App\Controllers\pais"
in APPPATH\Controllers\Paises.php on line 18.
 1 SYSTEMPATH\CodeIgniter.php(934): App\Controllers\Paises->index()
 2 SYSTEMPATH\CodeIgniter.php(499): CodeIgniter\CodeIgniter->runController(Object(App\Controllers\Paises))
 3 SYSTEMPATH\CodeIgniter.php(368): CodeIgniter\CodeIgniter->handleRequest(null, Object(Config\Cache), false)
 4 FCPATH\index.php(67): CodeIgniter\CodeIgniter->run()
CRITICAL - 2023-03-11 16:37:13 --> Undefined constant "App\Controllers\pais"
in APPPATH\Controllers\Paises.php on line 18.
 1 SYSTEMPATH\CodeIgniter.php(934): App\Controllers\Paises->index()
 2 SYSTEMPATH\CodeIgniter.php(499): CodeIgniter\CodeIgniter->runController(Object(App\Controllers\Paises))
 3 SYSTEMPATH\CodeIgniter.php(368): CodeIgniter\CodeIgniter->handleRequest(null, Object(Config\Cache), false)
 4 FCPATH\index.php(67): CodeIgniter\CodeIgniter->run()
CRITICAL - 2023-03-11 16:37:13 --> Undefined constant "App\Controllers\pais"
in APPPATH\Controllers\Paises.php on line 18.
 1 SYSTEMPATH\CodeIgniter.php(934): App\Controllers\Paises->index()
 2 SYSTEMPATH\CodeIgniter.php(499): CodeIgniter\CodeIgniter->runController(Object(App\Controllers\Paises))
 3 SYSTEMPATH\CodeIgniter.php(368): CodeIgniter\CodeIgniter->handleRequest(null, Object(Config\Cache), false)
 4 FCPATH\index.php(67): CodeIgniter\CodeIgniter->run()
CRITICAL - 2023-03-11 16:37:16 --> Undefined constant "App\Controllers\pais"
in APPPATH\Controllers\Paises.php on line 18.
 1 SYSTEMPATH\CodeIgniter.php(934): App\Controllers\Paises->index()
 2 SYSTEMPATH\CodeIgniter.php(499): CodeIgniter\CodeIgniter->runController(Object(App\Controllers\Paises))
 3 SYSTEMPATH\CodeIgniter.php(368): CodeIgniter\CodeIgniter->handleRequest(null, Object(Config\Cache), false)
 4 FCPATH\index.php(67): CodeIgniter\CodeIgniter->run()
CRITICAL - 2023-03-11 16:37:17 --> Undefined constant "App\Controllers\pais"
in APPPATH\Controllers\Paises.php on line 18.
 1 SYSTEMPATH\CodeIgniter.php(934): App\Controllers\Paises->index()
 2 SYSTEMPATH\CodeIgniter.php(499): CodeIgniter\CodeIgniter->runController(Object(App\Controllers\Paises))
 3 SYSTEMPATH\CodeIgniter.php(368): CodeIgniter\CodeIgniter->handleRequest(null, Object(Config\Cache), false)
 4 FCPATH\index.php(67): CodeIgniter\CodeIgniter->run()
CRITICAL - 2023-03-11 16:37:17 --> Undefined constant "App\Controllers\pais"
in APPPATH\Controllers\Paises.php on line 18.
 1 SYSTEMPATH\CodeIgniter.php(934): App\Controllers\Paises->index()
 2 SYSTEMPATH\CodeIgniter.php(499): CodeIgniter\CodeIgniter->runController(Object(App\Controllers\Paises))
 3 SYSTEMPATH\CodeIgniter.php(368): CodeIgniter\CodeIgniter->handleRequest(null, Object(Config\Cache), false)
 4 FCPATH\index.php(67): CodeIgniter\CodeIgniter->run()
CRITICAL - 2023-03-11 16:37:17 --> Undefined constant "App\Controllers\pais"
in APPPATH\Controllers\Paises.php on line 18.
 1 SYSTEMPATH\CodeIgniter.php(934): App\Controllers\Paises->index()
 2 SYSTEMPATH\CodeIgniter.php(499): CodeIgniter\CodeIgniter->runController(Object(App\Controllers\Paises))
 3 SYSTEMPATH\CodeIgniter.php(368): CodeIgniter\CodeIgniter->handleRequest(null, Object(Config\Cache), false)
 4 FCPATH\index.php(67): CodeIgniter\CodeIgniter->run()
CRITICAL - 2023-03-11 16:38:16 --> Undefined variable $dato
in APPPATH\Views\paises\paises.php on line 40.
 1 APPPATH\Views\paises\paises.php(40): CodeIgniter\Debug\Exceptions->errorHandler(2, 'Undefined variable $dato', 'APPPATH\\Views\\paises\\paises.php', 40)
 2 SYSTEMPATH\View\View.php(213): include('APPPATH\\Views\\paises\\paises.php')
 3 SYSTEMPATH\View\View.php(216): CodeIgniter\View\View->CodeIgniter\View\{closure}()
 4 SYSTEMPATH\Common.php(1184): CodeIgniter\View\View->render('/paises/paises', [], true)
 5 APPPATH\Controllers\Paises.php(21): view('/paises/paises', [...])
 6 SYSTEMPATH\CodeIgniter.php(934): App\Controllers\Paises->index()
 7 SYSTEMPATH\CodeIgniter.php(499): CodeIgniter\CodeIgniter->runController(Object(App\Controllers\Paises))
 8 SYSTEMPATH\CodeIgniter.php(368): CodeIgniter\CodeIgniter->handleRequest(null, Object(Config\Cache), false)
 9 FCPATH\index.php(67): CodeIgniter\CodeIgniter->run()
CRITICAL - 2023-03-11 16:38:18 --> Undefined variable $dato
in APPPATH\Views\paises\paises.php on line 40.
 1 APPPATH\Views\paises\paises.php(40): CodeIgniter\Debug\Exceptions->errorHandler(2, 'Undefined variable $dato', 'APPPATH\\Views\\paises\\paises.php', 40)
 2 SYSTEMPATH\View\View.php(213): include('APPPATH\\Views\\paises\\paises.php')
 3 SYSTEMPATH\View\View.php(216): CodeIgniter\View\View->CodeIgniter\View\{closure}()
 4 SYSTEMPATH\Common.php(1184): CodeIgniter\View\View->render('/paises/paises', [], true)
 5 APPPATH\Controllers\Paises.php(21): view('/paises/paises', [...])
 6 SYSTEMPATH\CodeIgniter.php(934): App\Controllers\Paises->index()
 7 SYSTEMPATH\CodeIgniter.php(499): CodeIgniter\CodeIgniter->runController(Object(App\Controllers\Paises))
 8 SYSTEMPATH\CodeIgniter.php(368): CodeIgniter\CodeIgniter->handleRequest(null, Object(Config\Cache), false)
 9 FCPATH\index.php(67): CodeIgniter\CodeIgniter->run()
CRITICAL - 2023-03-11 16:38:19 --> Undefined variable $dato
in APPPATH\Views\paises\paises.php on line 40.
 1 APPPATH\Views\paises\paises.php(40): CodeIgniter\Debug\Exceptions->errorHandler(2, 'Undefined variable $dato', 'APPPATH\\Views\\paises\\paises.php', 40)
 2 SYSTEMPATH\View\View.php(213): include('APPPATH\\Views\\paises\\paises.php')
 3 SYSTEMPATH\View\View.php(216): CodeIgniter\View\View->CodeIgniter\View\{closure}()
 4 SYSTEMPATH\Common.php(1184): CodeIgniter\View\View->render('/paises/paises', [], true)
 5 APPPATH\Controllers\Paises.php(21): view('/paises/paises', [...])
 6 SYSTEMPATH\CodeIgniter.php(934): App\Controllers\Paises->index()
 7 SYSTEMPATH\CodeIgniter.php(499): CodeIgniter\CodeIgniter->runController(Object(App\Controllers\Paises))
 8 SYSTEMPATH\CodeIgniter.php(368): CodeIgniter\CodeIgniter->handleRequest(null, Object(Config\Cache), false)
 9 FCPATH\index.php(67): CodeIgniter\CodeIgniter->run()
CRITICAL - 2023-03-11 16:38:31 --> Undefined variable $dato
in APPPATH\Views\paises\paises.php on line 40.
 1 APPPATH\Views\paises\paises.php(40): CodeIgniter\Debug\Exceptions->errorHandler(2, 'Undefined variable $dato', 'APPPATH\\Views\\paises\\paises.php', 40)
 2 SYSTEMPATH\View\View.php(213): include('APPPATH\\Views\\paises\\paises.php')
 3 SYSTEMPATH\View\View.php(216): CodeIgniter\View\View->CodeIgniter\View\{closure}()
 4 SYSTEMPATH\Common.php(1184): CodeIgniter\View\View->render('/paises/paises', [], true)
 5 APPPATH\Controllers\Paises.php(21): view('/paises/paises', [...])
 6 SYSTEMPATH\CodeIgniter.php(934): App\Controllers\Paises->index()
 7 SYSTEMPATH\CodeIgniter.php(499): CodeIgniter\CodeIgniter->runController(Object(App\Controllers\Paises))
 8 SYSTEMPATH\CodeIgniter.php(368): CodeIgniter\CodeIgniter->handleRequest(null, Object(Config\Cache), false)
 9 FCPATH\index.php(67): CodeIgniter\CodeIgniter->run()
CRITICAL - 2023-03-11 16:38:36 --> Undefined variable $dato
in APPPATH\Views\paises\paises.php on line 40.
 1 APPPATH\Views\paises\paises.php(40): CodeIgniter\Debug\Exceptions->errorHandler(2, 'Undefined variable $dato', 'APPPATH\\Views\\paises\\paises.php', 40)
 2 SYSTEMPATH\View\View.php(213): include('APPPATH\\Views\\paises\\paises.php')
 3 SYSTEMPATH\View\View.php(216): CodeIgniter\View\View->CodeIgniter\View\{closure}()
 4 SYSTEMPATH\Common.php(1184): CodeIgniter\View\View->render('/paises/paises', [], true)
 5 APPPATH\Controllers\Paises.php(21): view('/paises/paises', [...])
 6 SYSTEMPATH\CodeIgniter.php(934): App\Controllers\Paises->index()
 7 SYSTEMPATH\CodeIgniter.php(499): CodeIgniter\CodeIgniter->runController(Object(App\Controllers\Paises))
 8 SYSTEMPATH\CodeIgniter.php(368): CodeIgniter\CodeIgniter->handleRequest(null, Object(Config\Cache), false)
 9 FCPATH\index.php(67): CodeIgniter\CodeIgniter->run()
CRITICAL - 2023-03-11 16:38:50 --> Undefined constant "App\Controllers\pais"
in APPPATH\Controllers\Paises.php on line 18.
 1 SYSTEMPATH\CodeIgniter.php(934): App\Controllers\Paises->index()
 2 SYSTEMPATH\CodeIgniter.php(499): CodeIgniter\CodeIgniter->runController(Object(App\Controllers\Paises))
 3 SYSTEMPATH\CodeIgniter.php(368): CodeIgniter\CodeIgniter->handleRequest(null, Object(Config\Cache), false)
 4 FCPATH\index.php(67): CodeIgniter\CodeIgniter->run()
