ERROR - 2023-03-17 18:20:45 --> Error connecting to the database: mysqli_sql_exception: No se puede establecer una conexión ya que el equipo de destino denegó expresamente dicha conexión in C:\xamppa\htdocs\miproyecto\system\Database\MySQLi\Connection.php:173
Stack trace:
#0 C:\xamppa\htdocs\miproyecto\system\Database\MySQLi\Connection.php(173): mysqli->real_connect('localhost', 'root', Object(SensitiveParameterValue), 'bd_taller', 3307, '', 0)
#1 C:\xamppa\htdocs\miproyecto\system\Database\BaseConnection.php(391): CodeIgniter\Database\MySQLi\Connection->connect(false)
#2 C:\xamppa\htdocs\miproyecto\system\Database\BaseConnection.php(573): CodeIgniter\Database\BaseConnection->initialize()
#3 C:\xamppa\htdocs\miproyecto\system\Database\BaseBuilder.php(1616): CodeIgniter\Database\BaseConnection->query('SELECT `departa...', Array, false)
#4 C:\xamppa\htdocs\miproyecto\system\Model.php(241): CodeIgniter\Database\BaseBuilder->get()
#5 C:\xamppa\htdocs\miproyecto\system\BaseModel.php(618): CodeIgniter\Model->doFindAll(0, 0)
#6 C:\xamppa\htdocs\miproyecto\app\Models\DepartamentoModel.php(38): CodeIgniter\BaseModel->findAll()
#7 C:\xamppa\htdocs\miproyecto\app\Controllers\Departamentos.php(18): App\Models\DepartamentoModel->departamentosExistentes()
#8 C:\xamppa\htdocs\miproyecto\system\CodeIgniter.php(934): App\Controllers\Departamentos->index()
#9 C:\xamppa\htdocs\miproyecto\system\CodeIgniter.php(499): CodeIgniter\CodeIgniter->runController(Object(App\Controllers\Departamentos))
#10 C:\xamppa\htdocs\miproyecto\system\CodeIgniter.php(368): CodeIgniter\CodeIgniter->handleRequest(NULL, Object(Config\Cache), false)
#11 C:\xamppa\htdocs\miproyecto\public\index.php(67): CodeIgniter\CodeIgniter->run()
#12 {main}

Next CodeIgniter\Database\Exceptions\DatabaseException: No se puede establecer una conexión ya que el equipo de destino denegó expresamente dicha conexión in C:\xamppa\htdocs\miproyecto\system\Database\MySQLi\Connection.php:218
Stack trace:
#0 C:\xamppa\htdocs\miproyecto\system\Database\BaseConnection.php(391): CodeIgniter\Database\MySQLi\Connection->connect(false)
#1 C:\xamppa\htdocs\miproyecto\system\Database\BaseConnection.php(573): CodeIgniter\Database\BaseConnection->initialize()
#2 C:\xamppa\htdocs\miproyecto\system\Database\BaseBuilder.php(1616): CodeIgniter\Database\BaseConnection->query('SELECT `departa...', Array, false)
#3 C:\xamppa\htdocs\miproyecto\system\Model.php(241): CodeIgniter\Database\BaseBuilder->get()
#4 C:\xamppa\htdocs\miproyecto\system\BaseModel.php(618): CodeIgniter\Model->doFindAll(0, 0)
#5 C:\xamppa\htdocs\miproyecto\app\Models\DepartamentoModel.php(38): CodeIgniter\BaseModel->findAll()
#6 C:\xamppa\htdocs\miproyecto\app\Controllers\Departamentos.php(18): App\Models\DepartamentoModel->departamentosExistentes()
#7 C:\xamppa\htdocs\miproyecto\system\CodeIgniter.php(934): App\Controllers\Departamentos->index()
#8 C:\xamppa\htdocs\miproyecto\system\CodeIgniter.php(499): CodeIgniter\CodeIgniter->runController(Object(App\Controllers\Departamentos))
#9 C:\xamppa\htdocs\miproyecto\system\CodeIgniter.php(368): CodeIgniter\CodeIgniter->handleRequest(NULL, Object(Config\Cache), false)
#10 C:\xamppa\htdocs\miproyecto\public\index.php(67): CodeIgniter\CodeIgniter->run()
#11 {main}
CRITICAL - 2023-03-17 18:20:45 --> Unable to connect to the database.
Main connection [MySQLi]: No se puede establecer una conexión ya que el equipo de destino denegó expresamente dicha conexión
in SYSTEMPATH\Database\BaseConnection.php on line 427.
 1 SYSTEMPATH\Database\BaseConnection.php(573): CodeIgniter\Database\BaseConnection->initialize()
 2 SYSTEMPATH\Database\BaseBuilder.php(1616): CodeIgniter\Database\BaseConnection->query('SELECT `departamentos`.*, `paises`.`nombre` AS `Pnombre`
FROM `departamentos`
JOIN `paises` ON `paises`.`id` = `departamentos`.`id_pais`
WHERE `departamentos`.`estado` = :departamentos.estado:', [...], false)
 3 SYSTEMPATH\Model.php(241): CodeIgniter\Database\BaseBuilder->get()
 4 SYSTEMPATH\BaseModel.php(618): CodeIgniter\Model->doFindAll(0, 0)
 5 APPPATH\Models\DepartamentoModel.php(38): CodeIgniter\BaseModel->findAll()
 6 APPPATH\Controllers\Departamentos.php(18): App\Models\DepartamentoModel->departamentosExistentes()
 7 SYSTEMPATH\CodeIgniter.php(934): App\Controllers\Departamentos->index()
 8 SYSTEMPATH\CodeIgniter.php(499): CodeIgniter\CodeIgniter->runController(Object(App\Controllers\Departamentos))
 9 SYSTEMPATH\CodeIgniter.php(368): CodeIgniter\CodeIgniter->handleRequest(null, Object(Config\Cache), false)
10 FCPATH\index.php(67): CodeIgniter\CodeIgniter->run()
ERROR - 2023-03-17 18:20:46 --> Error connecting to the database: mysqli_sql_exception: No se puede establecer una conexión ya que el equipo de destino denegó expresamente dicha conexión in C:\xamppa\htdocs\miproyecto\system\Database\MySQLi\Connection.php:173
Stack trace:
#0 C:\xamppa\htdocs\miproyecto\system\Database\MySQLi\Connection.php(173): mysqli->real_connect('localhost', 'root', Object(SensitiveParameterValue), 'bd_taller', 3307, '', 0)
#1 C:\xamppa\htdocs\miproyecto\system\Database\BaseConnection.php(391): CodeIgniter\Database\MySQLi\Connection->connect(false)
#2 C:\xamppa\htdocs\miproyecto\system\Database\BaseConnection.php(573): CodeIgniter\Database\BaseConnection->initialize()
#3 C:\xamppa\htdocs\miproyecto\system\Database\BaseBuilder.php(1616): CodeIgniter\Database\BaseConnection->query('SELECT `paises`...', Array, false)
#4 C:\xamppa\htdocs\miproyecto\system\Model.php(241): CodeIgniter\Database\BaseBuilder->get()
#5 C:\xamppa\htdocs\miproyecto\system\BaseModel.php(618): CodeIgniter\Model->doFindAll(0, 0)
#6 C:\xamppa\htdocs\miproyecto\app\Models\PaisModel.php(31): CodeIgniter\BaseModel->findAll()
#7 C:\xamppa\htdocs\miproyecto\app\Controllers\Paises.php(18): App\Models\PaisModel->paisesActivos()
#8 C:\xamppa\htdocs\miproyecto\system\CodeIgniter.php(934): App\Controllers\Paises->index()
#9 C:\xamppa\htdocs\miproyecto\system\CodeIgniter.php(499): CodeIgniter\CodeIgniter->runController(Object(App\Controllers\Paises))
#10 C:\xamppa\htdocs\miproyecto\system\CodeIgniter.php(368): CodeIgniter\CodeIgniter->handleRequest(NULL, Object(Config\Cache), false)
#11 C:\xamppa\htdocs\miproyecto\public\index.php(67): CodeIgniter\CodeIgniter->run()
#12 {main}

Next CodeIgniter\Database\Exceptions\DatabaseException: No se puede establecer una conexión ya que el equipo de destino denegó expresamente dicha conexión in C:\xamppa\htdocs\miproyecto\system\Database\MySQLi\Connection.php:218
Stack trace:
#0 C:\xamppa\htdocs\miproyecto\system\Database\BaseConnection.php(391): CodeIgniter\Database\MySQLi\Connection->connect(false)
#1 C:\xamppa\htdocs\miproyecto\system\Database\BaseConnection.php(573): CodeIgniter\Database\BaseConnection->initialize()
#2 C:\xamppa\htdocs\miproyecto\system\Database\BaseBuilder.php(1616): CodeIgniter\Database\BaseConnection->query('SELECT `paises`...', Array, false)
#3 C:\xamppa\htdocs\miproyecto\system\Model.php(241): CodeIgniter\Database\BaseBuilder->get()
#4 C:\xamppa\htdocs\miproyecto\system\BaseModel.php(618): CodeIgniter\Model->doFindAll(0, 0)
#5 C:\xamppa\htdocs\miproyecto\app\Models\PaisModel.php(31): CodeIgniter\BaseModel->findAll()
#6 C:\xamppa\htdocs\miproyecto\app\Controllers\Paises.php(18): App\Models\PaisModel->paisesActivos()
#7 C:\xamppa\htdocs\miproyecto\system\CodeIgniter.php(934): App\Controllers\Paises->index()
#8 C:\xamppa\htdocs\miproyecto\system\CodeIgniter.php(499): CodeIgniter\CodeIgniter->runController(Object(App\Controllers\Paises))
#9 C:\xamppa\htdocs\miproyecto\system\CodeIgniter.php(368): CodeIgniter\CodeIgniter->handleRequest(NULL, Object(Config\Cache), false)
#10 C:\xamppa\htdocs\miproyecto\public\index.php(67): CodeIgniter\CodeIgniter->run()
#11 {main}
CRITICAL - 2023-03-17 18:20:46 --> Unable to connect to the database.
Main connection [MySQLi]: No se puede establecer una conexión ya que el equipo de destino denegó expresamente dicha conexión
in SYSTEMPATH\Database\BaseConnection.php on line 427.
 1 SYSTEMPATH\Database\BaseConnection.php(573): CodeIgniter\Database\BaseConnection->initialize()
 2 SYSTEMPATH\Database\BaseBuilder.php(1616): CodeIgniter\Database\BaseConnection->query('SELECT `paises`.*
FROM `paises`
WHERE `estado` = :estado:', [...], false)
 3 SYSTEMPATH\Model.php(241): CodeIgniter\Database\BaseBuilder->get()
 4 SYSTEMPATH\BaseModel.php(618): CodeIgniter\Model->doFindAll(0, 0)
 5 APPPATH\Models\PaisModel.php(31): CodeIgniter\BaseModel->findAll()
 6 APPPATH\Controllers\Paises.php(18): App\Models\PaisModel->paisesActivos()
 7 SYSTEMPATH\CodeIgniter.php(934): App\Controllers\Paises->index()
 8 SYSTEMPATH\CodeIgniter.php(499): CodeIgniter\CodeIgniter->runController(Object(App\Controllers\Paises))
 9 SYSTEMPATH\CodeIgniter.php(368): CodeIgniter\CodeIgniter->handleRequest(null, Object(Config\Cache), false)
10 FCPATH\index.php(67): CodeIgniter\CodeIgniter->run()
ERROR - 2023-03-17 18:20:47 --> Error connecting to the database: mysqli_sql_exception: No se puede establecer una conexión ya que el equipo de destino denegó expresamente dicha conexión in C:\xamppa\htdocs\miproyecto\system\Database\MySQLi\Connection.php:173
Stack trace:
#0 C:\xamppa\htdocs\miproyecto\system\Database\MySQLi\Connection.php(173): mysqli->real_connect('localhost', 'root', Object(SensitiveParameterValue), 'bd_taller', 3307, '', 0)
#1 C:\xamppa\htdocs\miproyecto\system\Database\BaseConnection.php(391): CodeIgniter\Database\MySQLi\Connection->connect(false)
#2 C:\xamppa\htdocs\miproyecto\system\Database\BaseConnection.php(573): CodeIgniter\Database\BaseConnection->initialize()
#3 C:\xamppa\htdocs\miproyecto\system\Database\BaseBuilder.php(1616): CodeIgniter\Database\BaseConnection->query('SELECT *\nFROM `...', Array, false)
#4 C:\xamppa\htdocs\miproyecto\system\Model.php(241): CodeIgniter\Database\BaseBuilder->get()
#5 C:\xamppa\htdocs\miproyecto\system\BaseModel.php(618): CodeIgniter\Model->doFindAll(0, 0)
#6 C:\xamppa\htdocs\miproyecto\app\Controllers\Municipios.php(20): CodeIgniter\BaseModel->findAll()
#7 C:\xamppa\htdocs\miproyecto\system\CodeIgniter.php(934): App\Controllers\Municipios->index()
#8 C:\xamppa\htdocs\miproyecto\system\CodeIgniter.php(499): CodeIgniter\CodeIgniter->runController(Object(App\Controllers\Municipios))
#9 C:\xamppa\htdocs\miproyecto\system\CodeIgniter.php(368): CodeIgniter\CodeIgniter->handleRequest(NULL, Object(Config\Cache), false)
#10 C:\xamppa\htdocs\miproyecto\public\index.php(67): CodeIgniter\CodeIgniter->run()
#11 {main}

Next CodeIgniter\Database\Exceptions\DatabaseException: No se puede establecer una conexión ya que el equipo de destino denegó expresamente dicha conexión in C:\xamppa\htdocs\miproyecto\system\Database\MySQLi\Connection.php:218
Stack trace:
#0 C:\xamppa\htdocs\miproyecto\system\Database\BaseConnection.php(391): CodeIgniter\Database\MySQLi\Connection->connect(false)
#1 C:\xamppa\htdocs\miproyecto\system\Database\BaseConnection.php(573): CodeIgniter\Database\BaseConnection->initialize()
#2 C:\xamppa\htdocs\miproyecto\system\Database\BaseBuilder.php(1616): CodeIgniter\Database\BaseConnection->query('SELECT *\nFROM `...', Array, false)
#3 C:\xamppa\htdocs\miproyecto\system\Model.php(241): CodeIgniter\Database\BaseBuilder->get()
#4 C:\xamppa\htdocs\miproyecto\system\BaseModel.php(618): CodeIgniter\Model->doFindAll(0, 0)
#5 C:\xamppa\htdocs\miproyecto\app\Controllers\Municipios.php(20): CodeIgniter\BaseModel->findAll()
#6 C:\xamppa\htdocs\miproyecto\system\CodeIgniter.php(934): App\Controllers\Municipios->index()
#7 C:\xamppa\htdocs\miproyecto\system\CodeIgniter.php(499): CodeIgniter\CodeIgniter->runController(Object(App\Controllers\Municipios))
#8 C:\xamppa\htdocs\miproyecto\system\CodeIgniter.php(368): CodeIgniter\CodeIgniter->handleRequest(NULL, Object(Config\Cache), false)
#9 C:\xamppa\htdocs\miproyecto\public\index.php(67): CodeIgniter\CodeIgniter->run()
#10 {main}
CRITICAL - 2023-03-17 18:20:47 --> Unable to connect to the database.
Main connection [MySQLi]: No se puede establecer una conexión ya que el equipo de destino denegó expresamente dicha conexión
in SYSTEMPATH\Database\BaseConnection.php on line 427.
 1 SYSTEMPATH\Database\BaseConnection.php(573): CodeIgniter\Database\BaseConnection->initialize()
 2 SYSTEMPATH\Database\BaseBuilder.php(1616): CodeIgniter\Database\BaseConnection->query('SELECT *
FROM `municipios`
WHERE `estado` = :estado:', [...], false)
 3 SYSTEMPATH\Model.php(241): CodeIgniter\Database\BaseBuilder->get()
 4 SYSTEMPATH\BaseModel.php(618): CodeIgniter\Model->doFindAll(0, 0)
 5 APPPATH\Controllers\Municipios.php(20): CodeIgniter\BaseModel->findAll()
 6 SYSTEMPATH\CodeIgniter.php(934): App\Controllers\Municipios->index()
 7 SYSTEMPATH\CodeIgniter.php(499): CodeIgniter\CodeIgniter->runController(Object(App\Controllers\Municipios))
 8 SYSTEMPATH\CodeIgniter.php(368): CodeIgniter\CodeIgniter->handleRequest(null, Object(Config\Cache), false)
 9 FCPATH\index.php(67): CodeIgniter\CodeIgniter->run()
ERROR - 2023-03-17 18:20:58 --> Error connecting to the database: mysqli_sql_exception: No se puede establecer una conexión ya que el equipo de destino denegó expresamente dicha conexión in C:\xamppa\htdocs\miproyecto\system\Database\MySQLi\Connection.php:173
Stack trace:
#0 C:\xamppa\htdocs\miproyecto\system\Database\MySQLi\Connection.php(173): mysqli->real_connect('localhost', 'root', Object(SensitiveParameterValue), 'bd_taller', 3307, '', 0)
#1 C:\xamppa\htdocs\miproyecto\system\Database\BaseConnection.php(391): CodeIgniter\Database\MySQLi\Connection->connect(false)
#2 C:\xamppa\htdocs\miproyecto\system\Database\BaseConnection.php(573): CodeIgniter\Database\BaseConnection->initialize()
#3 C:\xamppa\htdocs\miproyecto\system\Database\BaseBuilder.php(1616): CodeIgniter\Database\BaseConnection->query('SELECT `paises`...', Array, false)
#4 C:\xamppa\htdocs\miproyecto\system\Model.php(241): CodeIgniter\Database\BaseBuilder->get()
#5 C:\xamppa\htdocs\miproyecto\system\BaseModel.php(618): CodeIgniter\Model->doFindAll(0, 0)
#6 C:\xamppa\htdocs\miproyecto\app\Models\PaisModel.php(31): CodeIgniter\BaseModel->findAll()
#7 C:\xamppa\htdocs\miproyecto\app\Controllers\Paises.php(18): App\Models\PaisModel->paisesActivos()
#8 C:\xamppa\htdocs\miproyecto\system\CodeIgniter.php(934): App\Controllers\Paises->index()
#9 C:\xamppa\htdocs\miproyecto\system\CodeIgniter.php(499): CodeIgniter\CodeIgniter->runController(Object(App\Controllers\Paises))
#10 C:\xamppa\htdocs\miproyecto\system\CodeIgniter.php(368): CodeIgniter\CodeIgniter->handleRequest(NULL, Object(Config\Cache), false)
#11 C:\xamppa\htdocs\miproyecto\public\index.php(67): CodeIgniter\CodeIgniter->run()
#12 {main}

Next CodeIgniter\Database\Exceptions\DatabaseException: No se puede establecer una conexión ya que el equipo de destino denegó expresamente dicha conexión in C:\xamppa\htdocs\miproyecto\system\Database\MySQLi\Connection.php:218
Stack trace:
#0 C:\xamppa\htdocs\miproyecto\system\Database\BaseConnection.php(391): CodeIgniter\Database\MySQLi\Connection->connect(false)
#1 C:\xamppa\htdocs\miproyecto\system\Database\BaseConnection.php(573): CodeIgniter\Database\BaseConnection->initialize()
#2 C:\xamppa\htdocs\miproyecto\system\Database\BaseBuilder.php(1616): CodeIgniter\Database\BaseConnection->query('SELECT `paises`...', Array, false)
#3 C:\xamppa\htdocs\miproyecto\system\Model.php(241): CodeIgniter\Database\BaseBuilder->get()
#4 C:\xamppa\htdocs\miproyecto\system\BaseModel.php(618): CodeIgniter\Model->doFindAll(0, 0)
#5 C:\xamppa\htdocs\miproyecto\app\Models\PaisModel.php(31): CodeIgniter\BaseModel->findAll()
#6 C:\xamppa\htdocs\miproyecto\app\Controllers\Paises.php(18): App\Models\PaisModel->paisesActivos()
#7 C:\xamppa\htdocs\miproyecto\system\CodeIgniter.php(934): App\Controllers\Paises->index()
#8 C:\xamppa\htdocs\miproyecto\system\CodeIgniter.php(499): CodeIgniter\CodeIgniter->runController(Object(App\Controllers\Paises))
#9 C:\xamppa\htdocs\miproyecto\system\CodeIgniter.php(368): CodeIgniter\CodeIgniter->handleRequest(NULL, Object(Config\Cache), false)
#10 C:\xamppa\htdocs\miproyecto\public\index.php(67): CodeIgniter\CodeIgniter->run()
#11 {main}
CRITICAL - 2023-03-17 18:20:58 --> Unable to connect to the database.
Main connection [MySQLi]: No se puede establecer una conexión ya que el equipo de destino denegó expresamente dicha conexión
in SYSTEMPATH\Database\BaseConnection.php on line 427.
 1 SYSTEMPATH\Database\BaseConnection.php(573): CodeIgniter\Database\BaseConnection->initialize()
 2 SYSTEMPATH\Database\BaseBuilder.php(1616): CodeIgniter\Database\BaseConnection->query('SELECT `paises`.*
FROM `paises`
WHERE `estado` = :estado:', [...], false)
 3 SYSTEMPATH\Model.php(241): CodeIgniter\Database\BaseBuilder->get()
 4 SYSTEMPATH\BaseModel.php(618): CodeIgniter\Model->doFindAll(0, 0)
 5 APPPATH\Models\PaisModel.php(31): CodeIgniter\BaseModel->findAll()
 6 APPPATH\Controllers\Paises.php(18): App\Models\PaisModel->paisesActivos()
 7 SYSTEMPATH\CodeIgniter.php(934): App\Controllers\Paises->index()
 8 SYSTEMPATH\CodeIgniter.php(499): CodeIgniter\CodeIgniter->runController(Object(App\Controllers\Paises))
 9 SYSTEMPATH\CodeIgniter.php(368): CodeIgniter\CodeIgniter->handleRequest(null, Object(Config\Cache), false)
10 FCPATH\index.php(67): CodeIgniter\CodeIgniter->run()
ERROR - 2023-03-17 18:20:58 --> Error connecting to the database: mysqli_sql_exception: No se puede establecer una conexión ya que el equipo de destino denegó expresamente dicha conexión in C:\xamppa\htdocs\miproyecto\system\Database\MySQLi\Connection.php:173
Stack trace:
#0 C:\xamppa\htdocs\miproyecto\system\Database\MySQLi\Connection.php(173): mysqli->real_connect('localhost', 'root', Object(SensitiveParameterValue), 'bd_taller', 3307, '', 0)
#1 C:\xamppa\htdocs\miproyecto\system\Database\BaseConnection.php(391): CodeIgniter\Database\MySQLi\Connection->connect(false)
#2 C:\xamppa\htdocs\miproyecto\system\Database\BaseConnection.php(573): CodeIgniter\Database\BaseConnection->initialize()
#3 C:\xamppa\htdocs\miproyecto\system\Database\BaseBuilder.php(1616): CodeIgniter\Database\BaseConnection->query('SELECT `paises`...', Array, false)
#4 C:\xamppa\htdocs\miproyecto\system\Model.php(241): CodeIgniter\Database\BaseBuilder->get()
#5 C:\xamppa\htdocs\miproyecto\system\BaseModel.php(618): CodeIgniter\Model->doFindAll(0, 0)
#6 C:\xamppa\htdocs\miproyecto\app\Models\PaisModel.php(31): CodeIgniter\BaseModel->findAll()
#7 C:\xamppa\htdocs\miproyecto\app\Controllers\Paises.php(18): App\Models\PaisModel->paisesActivos()
#8 C:\xamppa\htdocs\miproyecto\system\CodeIgniter.php(934): App\Controllers\Paises->index()
#9 C:\xamppa\htdocs\miproyecto\system\CodeIgniter.php(499): CodeIgniter\CodeIgniter->runController(Object(App\Controllers\Paises))
#10 C:\xamppa\htdocs\miproyecto\system\CodeIgniter.php(368): CodeIgniter\CodeIgniter->handleRequest(NULL, Object(Config\Cache), false)
#11 C:\xamppa\htdocs\miproyecto\public\index.php(67): CodeIgniter\CodeIgniter->run()
#12 {main}

Next CodeIgniter\Database\Exceptions\DatabaseException: No se puede establecer una conexión ya que el equipo de destino denegó expresamente dicha conexión in C:\xamppa\htdocs\miproyecto\system\Database\MySQLi\Connection.php:218
Stack trace:
#0 C:\xamppa\htdocs\miproyecto\system\Database\BaseConnection.php(391): CodeIgniter\Database\MySQLi\Connection->connect(false)
#1 C:\xamppa\htdocs\miproyecto\system\Database\BaseConnection.php(573): CodeIgniter\Database\BaseConnection->initialize()
#2 C:\xamppa\htdocs\miproyecto\system\Database\BaseBuilder.php(1616): CodeIgniter\Database\BaseConnection->query('SELECT `paises`...', Array, false)
#3 C:\xamppa\htdocs\miproyecto\system\Model.php(241): CodeIgniter\Database\BaseBuilder->get()
#4 C:\xamppa\htdocs\miproyecto\system\BaseModel.php(618): CodeIgniter\Model->doFindAll(0, 0)
#5 C:\xamppa\htdocs\miproyecto\app\Models\PaisModel.php(31): CodeIgniter\BaseModel->findAll()
#6 C:\xamppa\htdocs\miproyecto\app\Controllers\Paises.php(18): App\Models\PaisModel->paisesActivos()
#7 C:\xamppa\htdocs\miproyecto\system\CodeIgniter.php(934): App\Controllers\Paises->index()
#8 C:\xamppa\htdocs\miproyecto\system\CodeIgniter.php(499): CodeIgniter\CodeIgniter->runController(Object(App\Controllers\Paises))
#9 C:\xamppa\htdocs\miproyecto\system\CodeIgniter.php(368): CodeIgniter\CodeIgniter->handleRequest(NULL, Object(Config\Cache), false)
#10 C:\xamppa\htdocs\miproyecto\public\index.php(67): CodeIgniter\CodeIgniter->run()
#11 {main}
CRITICAL - 2023-03-17 18:20:58 --> Unable to connect to the database.
Main connection [MySQLi]: No se puede establecer una conexión ya que el equipo de destino denegó expresamente dicha conexión
in SYSTEMPATH\Database\BaseConnection.php on line 427.
 1 SYSTEMPATH\Database\BaseConnection.php(573): CodeIgniter\Database\BaseConnection->initialize()
 2 SYSTEMPATH\Database\BaseBuilder.php(1616): CodeIgniter\Database\BaseConnection->query('SELECT `paises`.*
FROM `paises`
WHERE `estado` = :estado:', [...], false)
 3 SYSTEMPATH\Model.php(241): CodeIgniter\Database\BaseBuilder->get()
 4 SYSTEMPATH\BaseModel.php(618): CodeIgniter\Model->doFindAll(0, 0)
 5 APPPATH\Models\PaisModel.php(31): CodeIgniter\BaseModel->findAll()
 6 APPPATH\Controllers\Paises.php(18): App\Models\PaisModel->paisesActivos()
 7 SYSTEMPATH\CodeIgniter.php(934): App\Controllers\Paises->index()
 8 SYSTEMPATH\CodeIgniter.php(499): CodeIgniter\CodeIgniter->runController(Object(App\Controllers\Paises))
 9 SYSTEMPATH\CodeIgniter.php(368): CodeIgniter\CodeIgniter->handleRequest(null, Object(Config\Cache), false)
10 FCPATH\index.php(67): CodeIgniter\CodeIgniter->run()
ERROR - 2023-03-17 18:20:59 --> Error connecting to the database: mysqli_sql_exception: No se puede establecer una conexión ya que el equipo de destino denegó expresamente dicha conexión in C:\xamppa\htdocs\miproyecto\system\Database\MySQLi\Connection.php:173
Stack trace:
#0 C:\xamppa\htdocs\miproyecto\system\Database\MySQLi\Connection.php(173): mysqli->real_connect('localhost', 'root', Object(SensitiveParameterValue), 'bd_taller', 3307, '', 0)
#1 C:\xamppa\htdocs\miproyecto\system\Database\BaseConnection.php(391): CodeIgniter\Database\MySQLi\Connection->connect(false)
#2 C:\xamppa\htdocs\miproyecto\system\Database\BaseConnection.php(573): CodeIgniter\Database\BaseConnection->initialize()
#3 C:\xamppa\htdocs\miproyecto\system\Database\BaseBuilder.php(1616): CodeIgniter\Database\BaseConnection->query('SELECT *\nFROM `...', Array, false)
#4 C:\xamppa\htdocs\miproyecto\system\Model.php(241): CodeIgniter\Database\BaseBuilder->get()
#5 C:\xamppa\htdocs\miproyecto\system\BaseModel.php(618): CodeIgniter\Model->doFindAll(0, 0)
#6 C:\xamppa\htdocs\miproyecto\app\Controllers\Cargos.php(20): CodeIgniter\BaseModel->findAll()
#7 C:\xamppa\htdocs\miproyecto\system\CodeIgniter.php(934): App\Controllers\Cargos->index()
#8 C:\xamppa\htdocs\miproyecto\system\CodeIgniter.php(499): CodeIgniter\CodeIgniter->runController(Object(App\Controllers\Cargos))
#9 C:\xamppa\htdocs\miproyecto\system\CodeIgniter.php(368): CodeIgniter\CodeIgniter->handleRequest(NULL, Object(Config\Cache), false)
#10 C:\xamppa\htdocs\miproyecto\public\index.php(67): CodeIgniter\CodeIgniter->run()
#11 {main}

Next CodeIgniter\Database\Exceptions\DatabaseException: No se puede establecer una conexión ya que el equipo de destino denegó expresamente dicha conexión in C:\xamppa\htdocs\miproyecto\system\Database\MySQLi\Connection.php:218
Stack trace:
#0 C:\xamppa\htdocs\miproyecto\system\Database\BaseConnection.php(391): CodeIgniter\Database\MySQLi\Connection->connect(false)
#1 C:\xamppa\htdocs\miproyecto\system\Database\BaseConnection.php(573): CodeIgniter\Database\BaseConnection->initialize()
#2 C:\xamppa\htdocs\miproyecto\system\Database\BaseBuilder.php(1616): CodeIgniter\Database\BaseConnection->query('SELECT *\nFROM `...', Array, false)
#3 C:\xamppa\htdocs\miproyecto\system\Model.php(241): CodeIgniter\Database\BaseBuilder->get()
#4 C:\xamppa\htdocs\miproyecto\system\BaseModel.php(618): CodeIgniter\Model->doFindAll(0, 0)
#5 C:\xamppa\htdocs\miproyecto\app\Controllers\Cargos.php(20): CodeIgniter\BaseModel->findAll()
#6 C:\xamppa\htdocs\miproyecto\system\CodeIgniter.php(934): App\Controllers\Cargos->index()
#7 C:\xamppa\htdocs\miproyecto\system\CodeIgniter.php(499): CodeIgniter\CodeIgniter->runController(Object(App\Controllers\Cargos))
#8 C:\xamppa\htdocs\miproyecto\system\CodeIgniter.php(368): CodeIgniter\CodeIgniter->handleRequest(NULL, Object(Config\Cache), false)
#9 C:\xamppa\htdocs\miproyecto\public\index.php(67): CodeIgniter\CodeIgniter->run()
#10 {main}
CRITICAL - 2023-03-17 18:20:59 --> Unable to connect to the database.
Main connection [MySQLi]: No se puede establecer una conexión ya que el equipo de destino denegó expresamente dicha conexión
in SYSTEMPATH\Database\BaseConnection.php on line 427.
 1 SYSTEMPATH\Database\BaseConnection.php(573): CodeIgniter\Database\BaseConnection->initialize()
 2 SYSTEMPATH\Database\BaseBuilder.php(1616): CodeIgniter\Database\BaseConnection->query('SELECT *
FROM `cargos`
WHERE `estado` = :estado:', [...], false)
 3 SYSTEMPATH\Model.php(241): CodeIgniter\Database\BaseBuilder->get()
 4 SYSTEMPATH\BaseModel.php(618): CodeIgniter\Model->doFindAll(0, 0)
 5 APPPATH\Controllers\Cargos.php(20): CodeIgniter\BaseModel->findAll()
 6 SYSTEMPATH\CodeIgniter.php(934): App\Controllers\Cargos->index()
 7 SYSTEMPATH\CodeIgniter.php(499): CodeIgniter\CodeIgniter->runController(Object(App\Controllers\Cargos))
 8 SYSTEMPATH\CodeIgniter.php(368): CodeIgniter\CodeIgniter->handleRequest(null, Object(Config\Cache), false)
 9 FCPATH\index.php(67): CodeIgniter\CodeIgniter->run()
ERROR - 2023-03-17 18:21:01 --> Error connecting to the database: mysqli_sql_exception: No se puede establecer una conexión ya que el equipo de destino denegó expresamente dicha conexión in C:\xamppa\htdocs\miproyecto\system\Database\MySQLi\Connection.php:173
Stack trace:
#0 C:\xamppa\htdocs\miproyecto\system\Database\MySQLi\Connection.php(173): mysqli->real_connect('localhost', 'root', Object(SensitiveParameterValue), 'bd_taller', 3307, '', 0)
#1 C:\xamppa\htdocs\miproyecto\system\Database\BaseConnection.php(391): CodeIgniter\Database\MySQLi\Connection->connect(false)
#2 C:\xamppa\htdocs\miproyecto\system\Database\BaseConnection.php(573): CodeIgniter\Database\BaseConnection->initialize()
#3 C:\xamppa\htdocs\miproyecto\system\Database\BaseBuilder.php(1616): CodeIgniter\Database\BaseConnection->query('SELECT *\nFROM `...', Array, false)
#4 C:\xamppa\htdocs\miproyecto\system\Model.php(241): CodeIgniter\Database\BaseBuilder->get()
#5 C:\xamppa\htdocs\miproyecto\system\BaseModel.php(618): CodeIgniter\Model->doFindAll(0, 0)
#6 C:\xamppa\htdocs\miproyecto\app\Controllers\Empleados.php(20): CodeIgniter\BaseModel->findAll()
#7 C:\xamppa\htdocs\miproyecto\system\CodeIgniter.php(934): App\Controllers\Empleados->index()
#8 C:\xamppa\htdocs\miproyecto\system\CodeIgniter.php(499): CodeIgniter\CodeIgniter->runController(Object(App\Controllers\Empleados))
#9 C:\xamppa\htdocs\miproyecto\system\CodeIgniter.php(368): CodeIgniter\CodeIgniter->handleRequest(NULL, Object(Config\Cache), false)
#10 C:\xamppa\htdocs\miproyecto\public\index.php(67): CodeIgniter\CodeIgniter->run()
#11 {main}

Next CodeIgniter\Database\Exceptions\DatabaseException: No se puede establecer una conexión ya que el equipo de destino denegó expresamente dicha conexión in C:\xamppa\htdocs\miproyecto\system\Database\MySQLi\Connection.php:218
Stack trace:
#0 C:\xamppa\htdocs\miproyecto\system\Database\BaseConnection.php(391): CodeIgniter\Database\MySQLi\Connection->connect(false)
#1 C:\xamppa\htdocs\miproyecto\system\Database\BaseConnection.php(573): CodeIgniter\Database\BaseConnection->initialize()
#2 C:\xamppa\htdocs\miproyecto\system\Database\BaseBuilder.php(1616): CodeIgniter\Database\BaseConnection->query('SELECT *\nFROM `...', Array, false)
#3 C:\xamppa\htdocs\miproyecto\system\Model.php(241): CodeIgniter\Database\BaseBuilder->get()
#4 C:\xamppa\htdocs\miproyecto\system\BaseModel.php(618): CodeIgniter\Model->doFindAll(0, 0)
#5 C:\xamppa\htdocs\miproyecto\app\Controllers\Empleados.php(20): CodeIgniter\BaseModel->findAll()
#6 C:\xamppa\htdocs\miproyecto\system\CodeIgniter.php(934): App\Controllers\Empleados->index()
#7 C:\xamppa\htdocs\miproyecto\system\CodeIgniter.php(499): CodeIgniter\CodeIgniter->runController(Object(App\Controllers\Empleados))
#8 C:\xamppa\htdocs\miproyecto\system\CodeIgniter.php(368): CodeIgniter\CodeIgniter->handleRequest(NULL, Object(Config\Cache), false)
#9 C:\xamppa\htdocs\miproyecto\public\index.php(67): CodeIgniter\CodeIgniter->run()
#10 {main}
CRITICAL - 2023-03-17 18:21:01 --> Unable to connect to the database.
Main connection [MySQLi]: No se puede establecer una conexión ya que el equipo de destino denegó expresamente dicha conexión
in SYSTEMPATH\Database\BaseConnection.php on line 427.
 1 SYSTEMPATH\Database\BaseConnection.php(573): CodeIgniter\Database\BaseConnection->initialize()
 2 SYSTEMPATH\Database\BaseBuilder.php(1616): CodeIgniter\Database\BaseConnection->query('SELECT *
FROM `empleados`
WHERE `estado` = :estado:', [...], false)
 3 SYSTEMPATH\Model.php(241): CodeIgniter\Database\BaseBuilder->get()
 4 SYSTEMPATH\BaseModel.php(618): CodeIgniter\Model->doFindAll(0, 0)
 5 APPPATH\Controllers\Empleados.php(20): CodeIgniter\BaseModel->findAll()
 6 SYSTEMPATH\CodeIgniter.php(934): App\Controllers\Empleados->index()
 7 SYSTEMPATH\CodeIgniter.php(499): CodeIgniter\CodeIgniter->runController(Object(App\Controllers\Empleados))
 8 SYSTEMPATH\CodeIgniter.php(368): CodeIgniter\CodeIgniter->handleRequest(null, Object(Config\Cache), false)
 9 FCPATH\index.php(67): CodeIgniter\CodeIgniter->run()
ERROR - 2023-03-17 18:21:01 --> Error connecting to the database: mysqli_sql_exception: No se puede establecer una conexión ya que el equipo de destino denegó expresamente dicha conexión in C:\xamppa\htdocs\miproyecto\system\Database\MySQLi\Connection.php:173
Stack trace:
#0 C:\xamppa\htdocs\miproyecto\system\Database\MySQLi\Connection.php(173): mysqli->real_connect('localhost', 'root', Object(SensitiveParameterValue), 'bd_taller', 3307, '', 0)
#1 C:\xamppa\htdocs\miproyecto\system\Database\BaseConnection.php(391): CodeIgniter\Database\MySQLi\Connection->connect(false)
#2 C:\xamppa\htdocs\miproyecto\system\Database\BaseConnection.php(573): CodeIgniter\Database\BaseConnection->initialize()
#3 C:\xamppa\htdocs\miproyecto\system\Database\BaseBuilder.php(1616): CodeIgniter\Database\BaseConnection->query('SELECT *\nFROM `...', Array, false)
#4 C:\xamppa\htdocs\miproyecto\system\Model.php(241): CodeIgniter\Database\BaseBuilder->get()
#5 C:\xamppa\htdocs\miproyecto\system\BaseModel.php(618): CodeIgniter\Model->doFindAll(0, 0)
#6 C:\xamppa\htdocs\miproyecto\app\Controllers\Cargos.php(20): CodeIgniter\BaseModel->findAll()
#7 C:\xamppa\htdocs\miproyecto\system\CodeIgniter.php(934): App\Controllers\Cargos->index()
#8 C:\xamppa\htdocs\miproyecto\system\CodeIgniter.php(499): CodeIgniter\CodeIgniter->runController(Object(App\Controllers\Cargos))
#9 C:\xamppa\htdocs\miproyecto\system\CodeIgniter.php(368): CodeIgniter\CodeIgniter->handleRequest(NULL, Object(Config\Cache), false)
#10 C:\xamppa\htdocs\miproyecto\public\index.php(67): CodeIgniter\CodeIgniter->run()
#11 {main}

Next CodeIgniter\Database\Exceptions\DatabaseException: No se puede establecer una conexión ya que el equipo de destino denegó expresamente dicha conexión in C:\xamppa\htdocs\miproyecto\system\Database\MySQLi\Connection.php:218
Stack trace:
#0 C:\xamppa\htdocs\miproyecto\system\Database\BaseConnection.php(391): CodeIgniter\Database\MySQLi\Connection->connect(false)
#1 C:\xamppa\htdocs\miproyecto\system\Database\BaseConnection.php(573): CodeIgniter\Database\BaseConnection->initialize()
#2 C:\xamppa\htdocs\miproyecto\system\Database\BaseBuilder.php(1616): CodeIgniter\Database\BaseConnection->query('SELECT *\nFROM `...', Array, false)
#3 C:\xamppa\htdocs\miproyecto\system\Model.php(241): CodeIgniter\Database\BaseBuilder->get()
#4 C:\xamppa\htdocs\miproyecto\system\BaseModel.php(618): CodeIgniter\Model->doFindAll(0, 0)
#5 C:\xamppa\htdocs\miproyecto\app\Controllers\Cargos.php(20): CodeIgniter\BaseModel->findAll()
#6 C:\xamppa\htdocs\miproyecto\system\CodeIgniter.php(934): App\Controllers\Cargos->index()
#7 C:\xamppa\htdocs\miproyecto\system\CodeIgniter.php(499): CodeIgniter\CodeIgniter->runController(Object(App\Controllers\Cargos))
#8 C:\xamppa\htdocs\miproyecto\system\CodeIgniter.php(368): CodeIgniter\CodeIgniter->handleRequest(NULL, Object(Config\Cache), false)
#9 C:\xamppa\htdocs\miproyecto\public\index.php(67): CodeIgniter\CodeIgniter->run()
#10 {main}
CRITICAL - 2023-03-17 18:21:01 --> Unable to connect to the database.
Main connection [MySQLi]: No se puede establecer una conexión ya que el equipo de destino denegó expresamente dicha conexión
in SYSTEMPATH\Database\BaseConnection.php on line 427.
 1 SYSTEMPATH\Database\BaseConnection.php(573): CodeIgniter\Database\BaseConnection->initialize()
 2 SYSTEMPATH\Database\BaseBuilder.php(1616): CodeIgniter\Database\BaseConnection->query('SELECT *
FROM `cargos`
WHERE `estado` = :estado:', [...], false)
 3 SYSTEMPATH\Model.php(241): CodeIgniter\Database\BaseBuilder->get()
 4 SYSTEMPATH\BaseModel.php(618): CodeIgniter\Model->doFindAll(0, 0)
 5 APPPATH\Controllers\Cargos.php(20): CodeIgniter\BaseModel->findAll()
 6 SYSTEMPATH\CodeIgniter.php(934): App\Controllers\Cargos->index()
 7 SYSTEMPATH\CodeIgniter.php(499): CodeIgniter\CodeIgniter->runController(Object(App\Controllers\Cargos))
 8 SYSTEMPATH\CodeIgniter.php(368): CodeIgniter\CodeIgniter->handleRequest(null, Object(Config\Cache), false)
 9 FCPATH\index.php(67): CodeIgniter\CodeIgniter->run()
ERROR - 2023-03-17 18:21:02 --> Error connecting to the database: mysqli_sql_exception: No se puede establecer una conexión ya que el equipo de destino denegó expresamente dicha conexión in C:\xamppa\htdocs\miproyecto\system\Database\MySQLi\Connection.php:173
Stack trace:
#0 C:\xamppa\htdocs\miproyecto\system\Database\MySQLi\Connection.php(173): mysqli->real_connect('localhost', 'root', Object(SensitiveParameterValue), 'bd_taller', 3307, '', 0)
#1 C:\xamppa\htdocs\miproyecto\system\Database\BaseConnection.php(391): CodeIgniter\Database\MySQLi\Connection->connect(false)
#2 C:\xamppa\htdocs\miproyecto\system\Database\BaseConnection.php(573): CodeIgniter\Database\BaseConnection->initialize()
#3 C:\xamppa\htdocs\miproyecto\system\Database\BaseBuilder.php(1616): CodeIgniter\Database\BaseConnection->query('SELECT *\nFROM `...', Array, false)
#4 C:\xamppa\htdocs\miproyecto\system\Model.php(241): CodeIgniter\Database\BaseBuilder->get()
#5 C:\xamppa\htdocs\miproyecto\system\BaseModel.php(618): CodeIgniter\Model->doFindAll(0, 0)
#6 C:\xamppa\htdocs\miproyecto\app\Controllers\Cargos.php(20): CodeIgniter\BaseModel->findAll()
#7 C:\xamppa\htdocs\miproyecto\system\CodeIgniter.php(934): App\Controllers\Cargos->index()
#8 C:\xamppa\htdocs\miproyecto\system\CodeIgniter.php(499): CodeIgniter\CodeIgniter->runController(Object(App\Controllers\Cargos))
#9 C:\xamppa\htdocs\miproyecto\system\CodeIgniter.php(368): CodeIgniter\CodeIgniter->handleRequest(NULL, Object(Config\Cache), false)
#10 C:\xamppa\htdocs\miproyecto\public\index.php(67): CodeIgniter\CodeIgniter->run()
#11 {main}

Next CodeIgniter\Database\Exceptions\DatabaseException: No se puede establecer una conexión ya que el equipo de destino denegó expresamente dicha conexión in C:\xamppa\htdocs\miproyecto\system\Database\MySQLi\Connection.php:218
Stack trace:
#0 C:\xamppa\htdocs\miproyecto\system\Database\BaseConnection.php(391): CodeIgniter\Database\MySQLi\Connection->connect(false)
#1 C:\xamppa\htdocs\miproyecto\system\Database\BaseConnection.php(573): CodeIgniter\Database\BaseConnection->initialize()
#2 C:\xamppa\htdocs\miproyecto\system\Database\BaseBuilder.php(1616): CodeIgniter\Database\BaseConnection->query('SELECT *\nFROM `...', Array, false)
#3 C:\xamppa\htdocs\miproyecto\system\Model.php(241): CodeIgniter\Database\BaseBuilder->get()
#4 C:\xamppa\htdocs\miproyecto\system\BaseModel.php(618): CodeIgniter\Model->doFindAll(0, 0)
#5 C:\xamppa\htdocs\miproyecto\app\Controllers\Cargos.php(20): CodeIgniter\BaseModel->findAll()
#6 C:\xamppa\htdocs\miproyecto\system\CodeIgniter.php(934): App\Controllers\Cargos->index()
#7 C:\xamppa\htdocs\miproyecto\system\CodeIgniter.php(499): CodeIgniter\CodeIgniter->runController(Object(App\Controllers\Cargos))
#8 C:\xamppa\htdocs\miproyecto\system\CodeIgniter.php(368): CodeIgniter\CodeIgniter->handleRequest(NULL, Object(Config\Cache), false)
#9 C:\xamppa\htdocs\miproyecto\public\index.php(67): CodeIgniter\CodeIgniter->run()
#10 {main}
CRITICAL - 2023-03-17 18:21:02 --> Unable to connect to the database.
Main connection [MySQLi]: No se puede establecer una conexión ya que el equipo de destino denegó expresamente dicha conexión
in SYSTEMPATH\Database\BaseConnection.php on line 427.
 1 SYSTEMPATH\Database\BaseConnection.php(573): CodeIgniter\Database\BaseConnection->initialize()
 2 SYSTEMPATH\Database\BaseBuilder.php(1616): CodeIgniter\Database\BaseConnection->query('SELECT *
FROM `cargos`
WHERE `estado` = :estado:', [...], false)
 3 SYSTEMPATH\Model.php(241): CodeIgniter\Database\BaseBuilder->get()
 4 SYSTEMPATH\BaseModel.php(618): CodeIgniter\Model->doFindAll(0, 0)
 5 APPPATH\Controllers\Cargos.php(20): CodeIgniter\BaseModel->findAll()
 6 SYSTEMPATH\CodeIgniter.php(934): App\Controllers\Cargos->index()
 7 SYSTEMPATH\CodeIgniter.php(499): CodeIgniter\CodeIgniter->runController(Object(App\Controllers\Cargos))
 8 SYSTEMPATH\CodeIgniter.php(368): CodeIgniter\CodeIgniter->handleRequest(null, Object(Config\Cache), false)
 9 FCPATH\index.php(67): CodeIgniter\CodeIgniter->run()
ERROR - 2023-03-17 18:21:02 --> Error connecting to the database: mysqli_sql_exception: No se puede establecer una conexión ya que el equipo de destino denegó expresamente dicha conexión in C:\xamppa\htdocs\miproyecto\system\Database\MySQLi\Connection.php:173
Stack trace:
#0 C:\xamppa\htdocs\miproyecto\system\Database\MySQLi\Connection.php(173): mysqli->real_connect('localhost', 'root', Object(SensitiveParameterValue), 'bd_taller', 3307, '', 0)
#1 C:\xamppa\htdocs\miproyecto\system\Database\BaseConnection.php(391): CodeIgniter\Database\MySQLi\Connection->connect(false)
#2 C:\xamppa\htdocs\miproyecto\system\Database\BaseConnection.php(573): CodeIgniter\Database\BaseConnection->initialize()
#3 C:\xamppa\htdocs\miproyecto\system\Database\BaseBuilder.php(1616): CodeIgniter\Database\BaseConnection->query('SELECT *\nFROM `...', Array, false)
#4 C:\xamppa\htdocs\miproyecto\system\Model.php(241): CodeIgniter\Database\BaseBuilder->get()
#5 C:\xamppa\htdocs\miproyecto\system\BaseModel.php(618): CodeIgniter\Model->doFindAll(0, 0)
#6 C:\xamppa\htdocs\miproyecto\app\Controllers\Cargos.php(20): CodeIgniter\BaseModel->findAll()
#7 C:\xamppa\htdocs\miproyecto\system\CodeIgniter.php(934): App\Controllers\Cargos->index()
#8 C:\xamppa\htdocs\miproyecto\system\CodeIgniter.php(499): CodeIgniter\CodeIgniter->runController(Object(App\Controllers\Cargos))
#9 C:\xamppa\htdocs\miproyecto\system\CodeIgniter.php(368): CodeIgniter\CodeIgniter->handleRequest(NULL, Object(Config\Cache), false)
#10 C:\xamppa\htdocs\miproyecto\public\index.php(67): CodeIgniter\CodeIgniter->run()
#11 {main}

Next CodeIgniter\Database\Exceptions\DatabaseException: No se puede establecer una conexión ya que el equipo de destino denegó expresamente dicha conexión in C:\xamppa\htdocs\miproyecto\system\Database\MySQLi\Connection.php:218
Stack trace:
#0 C:\xamppa\htdocs\miproyecto\system\Database\BaseConnection.php(391): CodeIgniter\Database\MySQLi\Connection->connect(false)
#1 C:\xamppa\htdocs\miproyecto\system\Database\BaseConnection.php(573): CodeIgniter\Database\BaseConnection->initialize()
#2 C:\xamppa\htdocs\miproyecto\system\Database\BaseBuilder.php(1616): CodeIgniter\Database\BaseConnection->query('SELECT *\nFROM `...', Array, false)
#3 C:\xamppa\htdocs\miproyecto\system\Model.php(241): CodeIgniter\Database\BaseBuilder->get()
#4 C:\xamppa\htdocs\miproyecto\system\BaseModel.php(618): CodeIgniter\Model->doFindAll(0, 0)
#5 C:\xamppa\htdocs\miproyecto\app\Controllers\Cargos.php(20): CodeIgniter\BaseModel->findAll()
#6 C:\xamppa\htdocs\miproyecto\system\CodeIgniter.php(934): App\Controllers\Cargos->index()
#7 C:\xamppa\htdocs\miproyecto\system\CodeIgniter.php(499): CodeIgniter\CodeIgniter->runController(Object(App\Controllers\Cargos))
#8 C:\xamppa\htdocs\miproyecto\system\CodeIgniter.php(368): CodeIgniter\CodeIgniter->handleRequest(NULL, Object(Config\Cache), false)
#9 C:\xamppa\htdocs\miproyecto\public\index.php(67): CodeIgniter\CodeIgniter->run()
#10 {main}
CRITICAL - 2023-03-17 18:21:02 --> Unable to connect to the database.
Main connection [MySQLi]: No se puede establecer una conexión ya que el equipo de destino denegó expresamente dicha conexión
in SYSTEMPATH\Database\BaseConnection.php on line 427.
 1 SYSTEMPATH\Database\BaseConnection.php(573): CodeIgniter\Database\BaseConnection->initialize()
 2 SYSTEMPATH\Database\BaseBuilder.php(1616): CodeIgniter\Database\BaseConnection->query('SELECT *
FROM `cargos`
WHERE `estado` = :estado:', [...], false)
 3 SYSTEMPATH\Model.php(241): CodeIgniter\Database\BaseBuilder->get()
 4 SYSTEMPATH\BaseModel.php(618): CodeIgniter\Model->doFindAll(0, 0)
 5 APPPATH\Controllers\Cargos.php(20): CodeIgniter\BaseModel->findAll()
 6 SYSTEMPATH\CodeIgniter.php(934): App\Controllers\Cargos->index()
 7 SYSTEMPATH\CodeIgniter.php(499): CodeIgniter\CodeIgniter->runController(Object(App\Controllers\Cargos))
 8 SYSTEMPATH\CodeIgniter.php(368): CodeIgniter\CodeIgniter->handleRequest(null, Object(Config\Cache), false)
 9 FCPATH\index.php(67): CodeIgniter\CodeIgniter->run()
ERROR - 2023-03-17 18:21:07 --> Error connecting to the database: mysqli_sql_exception: No se puede establecer una conexión ya que el equipo de destino denegó expresamente dicha conexión in C:\xamppa\htdocs\miproyecto\system\Database\MySQLi\Connection.php:173
Stack trace:
#0 C:\xamppa\htdocs\miproyecto\system\Database\MySQLi\Connection.php(173): mysqli->real_connect('localhost', 'root', Object(SensitiveParameterValue), 'bd_taller', 3307, '', 0)
#1 C:\xamppa\htdocs\miproyecto\system\Database\BaseConnection.php(391): CodeIgniter\Database\MySQLi\Connection->connect(false)
#2 C:\xamppa\htdocs\miproyecto\system\Database\BaseConnection.php(573): CodeIgniter\Database\BaseConnection->initialize()
#3 C:\xamppa\htdocs\miproyecto\system\Database\BaseBuilder.php(1616): CodeIgniter\Database\BaseConnection->query('SELECT *\nFROM `...', Array, false)
#4 C:\xamppa\htdocs\miproyecto\system\Model.php(241): CodeIgniter\Database\BaseBuilder->get()
#5 C:\xamppa\htdocs\miproyecto\system\BaseModel.php(618): CodeIgniter\Model->doFindAll(0, 0)
#6 C:\xamppa\htdocs\miproyecto\app\Controllers\Cargos.php(20): CodeIgniter\BaseModel->findAll()
#7 C:\xamppa\htdocs\miproyecto\system\CodeIgniter.php(934): App\Controllers\Cargos->index()
#8 C:\xamppa\htdocs\miproyecto\system\CodeIgniter.php(499): CodeIgniter\CodeIgniter->runController(Object(App\Controllers\Cargos))
#9 C:\xamppa\htdocs\miproyecto\system\CodeIgniter.php(368): CodeIgniter\CodeIgniter->handleRequest(NULL, Object(Config\Cache), false)
#10 C:\xamppa\htdocs\miproyecto\public\index.php(67): CodeIgniter\CodeIgniter->run()
#11 {main}

Next CodeIgniter\Database\Exceptions\DatabaseException: No se puede establecer una conexión ya que el equipo de destino denegó expresamente dicha conexión in C:\xamppa\htdocs\miproyecto\system\Database\MySQLi\Connection.php:218
Stack trace:
#0 C:\xamppa\htdocs\miproyecto\system\Database\BaseConnection.php(391): CodeIgniter\Database\MySQLi\Connection->connect(false)
#1 C:\xamppa\htdocs\miproyecto\system\Database\BaseConnection.php(573): CodeIgniter\Database\BaseConnection->initialize()
#2 C:\xamppa\htdocs\miproyecto\system\Database\BaseBuilder.php(1616): CodeIgniter\Database\BaseConnection->query('SELECT *\nFROM `...', Array, false)
#3 C:\xamppa\htdocs\miproyecto\system\Model.php(241): CodeIgniter\Database\BaseBuilder->get()
#4 C:\xamppa\htdocs\miproyecto\system\BaseModel.php(618): CodeIgniter\Model->doFindAll(0, 0)
#5 C:\xamppa\htdocs\miproyecto\app\Controllers\Cargos.php(20): CodeIgniter\BaseModel->findAll()
#6 C:\xamppa\htdocs\miproyecto\system\CodeIgniter.php(934): App\Controllers\Cargos->index()
#7 C:\xamppa\htdocs\miproyecto\system\CodeIgniter.php(499): CodeIgniter\CodeIgniter->runController(Object(App\Controllers\Cargos))
#8 C:\xamppa\htdocs\miproyecto\system\CodeIgniter.php(368): CodeIgniter\CodeIgniter->handleRequest(NULL, Object(Config\Cache), false)
#9 C:\xamppa\htdocs\miproyecto\public\index.php(67): CodeIgniter\CodeIgniter->run()
#10 {main}
CRITICAL - 2023-03-17 18:21:07 --> Unable to connect to the database.
Main connection [MySQLi]: No se puede establecer una conexión ya que el equipo de destino denegó expresamente dicha conexión
in SYSTEMPATH\Database\BaseConnection.php on line 427.
 1 SYSTEMPATH\Database\BaseConnection.php(573): CodeIgniter\Database\BaseConnection->initialize()
 2 SYSTEMPATH\Database\BaseBuilder.php(1616): CodeIgniter\Database\BaseConnection->query('SELECT *
FROM `cargos`
WHERE `estado` = :estado:', [...], false)
 3 SYSTEMPATH\Model.php(241): CodeIgniter\Database\BaseBuilder->get()
 4 SYSTEMPATH\BaseModel.php(618): CodeIgniter\Model->doFindAll(0, 0)
 5 APPPATH\Controllers\Cargos.php(20): CodeIgniter\BaseModel->findAll()
 6 SYSTEMPATH\CodeIgniter.php(934): App\Controllers\Cargos->index()
 7 SYSTEMPATH\CodeIgniter.php(499): CodeIgniter\CodeIgniter->runController(Object(App\Controllers\Cargos))
 8 SYSTEMPATH\CodeIgniter.php(368): CodeIgniter\CodeIgniter->handleRequest(null, Object(Config\Cache), false)
 9 FCPATH\index.php(67): CodeIgniter\CodeIgniter->run()
ERROR - 2023-03-17 18:21:36 --> Error connecting to the database: mysqli_sql_exception: No se puede establecer una conexión ya que el equipo de destino denegó expresamente dicha conexión in C:\xamppa\htdocs\miproyecto\system\Database\MySQLi\Connection.php:173
Stack trace:
#0 C:\xamppa\htdocs\miproyecto\system\Database\MySQLi\Connection.php(173): mysqli->real_connect('localhost', 'root', Object(SensitiveParameterValue), 'bd_taller', 3307, '', 0)
#1 C:\xamppa\htdocs\miproyecto\system\Database\BaseConnection.php(391): CodeIgniter\Database\MySQLi\Connection->connect(false)
#2 C:\xamppa\htdocs\miproyecto\system\Database\BaseConnection.php(573): CodeIgniter\Database\BaseConnection->initialize()
#3 C:\xamppa\htdocs\miproyecto\system\Database\BaseBuilder.php(1616): CodeIgniter\Database\BaseConnection->query('SELECT *\nFROM `...', Array, false)
#4 C:\xamppa\htdocs\miproyecto\system\Model.php(241): CodeIgniter\Database\BaseBuilder->get()
#5 C:\xamppa\htdocs\miproyecto\system\BaseModel.php(618): CodeIgniter\Model->doFindAll(0, 0)
#6 C:\xamppa\htdocs\miproyecto\app\Controllers\Cargos.php(20): CodeIgniter\BaseModel->findAll()
#7 C:\xamppa\htdocs\miproyecto\system\CodeIgniter.php(934): App\Controllers\Cargos->index()
#8 C:\xamppa\htdocs\miproyecto\system\CodeIgniter.php(499): CodeIgniter\CodeIgniter->runController(Object(App\Controllers\Cargos))
#9 C:\xamppa\htdocs\miproyecto\system\CodeIgniter.php(368): CodeIgniter\CodeIgniter->handleRequest(NULL, Object(Config\Cache), false)
#10 C:\xamppa\htdocs\miproyecto\public\index.php(67): CodeIgniter\CodeIgniter->run()
#11 {main}

Next CodeIgniter\Database\Exceptions\DatabaseException: No se puede establecer una conexión ya que el equipo de destino denegó expresamente dicha conexión in C:\xamppa\htdocs\miproyecto\system\Database\MySQLi\Connection.php:218
Stack trace:
#0 C:\xamppa\htdocs\miproyecto\system\Database\BaseConnection.php(391): CodeIgniter\Database\MySQLi\Connection->connect(false)
#1 C:\xamppa\htdocs\miproyecto\system\Database\BaseConnection.php(573): CodeIgniter\Database\BaseConnection->initialize()
#2 C:\xamppa\htdocs\miproyecto\system\Database\BaseBuilder.php(1616): CodeIgniter\Database\BaseConnection->query('SELECT *\nFROM `...', Array, false)
#3 C:\xamppa\htdocs\miproyecto\system\Model.php(241): CodeIgniter\Database\BaseBuilder->get()
#4 C:\xamppa\htdocs\miproyecto\system\BaseModel.php(618): CodeIgniter\Model->doFindAll(0, 0)
#5 C:\xamppa\htdocs\miproyecto\app\Controllers\Cargos.php(20): CodeIgniter\BaseModel->findAll()
#6 C:\xamppa\htdocs\miproyecto\system\CodeIgniter.php(934): App\Controllers\Cargos->index()
#7 C:\xamppa\htdocs\miproyecto\system\CodeIgniter.php(499): CodeIgniter\CodeIgniter->runController(Object(App\Controllers\Cargos))
#8 C:\xamppa\htdocs\miproyecto\system\CodeIgniter.php(368): CodeIgniter\CodeIgniter->handleRequest(NULL, Object(Config\Cache), false)
#9 C:\xamppa\htdocs\miproyecto\public\index.php(67): CodeIgniter\CodeIgniter->run()
#10 {main}
CRITICAL - 2023-03-17 18:21:36 --> Unable to connect to the database.
Main connection [MySQLi]: No se puede establecer una conexión ya que el equipo de destino denegó expresamente dicha conexión
in SYSTEMPATH\Database\BaseConnection.php on line 427.
 1 SYSTEMPATH\Database\BaseConnection.php(573): CodeIgniter\Database\BaseConnection->initialize()
 2 SYSTEMPATH\Database\BaseBuilder.php(1616): CodeIgniter\Database\BaseConnection->query('SELECT *
FROM `cargos`
WHERE `estado` = :estado:', [...], false)
 3 SYSTEMPATH\Model.php(241): CodeIgniter\Database\BaseBuilder->get()
 4 SYSTEMPATH\BaseModel.php(618): CodeIgniter\Model->doFindAll(0, 0)
 5 APPPATH\Controllers\Cargos.php(20): CodeIgniter\BaseModel->findAll()
 6 SYSTEMPATH\CodeIgniter.php(934): App\Controllers\Cargos->index()
 7 SYSTEMPATH\CodeIgniter.php(499): CodeIgniter\CodeIgniter->runController(Object(App\Controllers\Cargos))
 8 SYSTEMPATH\CodeIgniter.php(368): CodeIgniter\CodeIgniter->handleRequest(null, Object(Config\Cache), false)
 9 FCPATH\index.php(67): CodeIgniter\CodeIgniter->run()
ERROR - 2023-03-17 18:21:48 --> Error connecting to the database: mysqli_sql_exception: No se puede establecer una conexión ya que el equipo de destino denegó expresamente dicha conexión in C:\xamppa\htdocs\miproyecto\system\Database\MySQLi\Connection.php:173
Stack trace:
#0 C:\xamppa\htdocs\miproyecto\system\Database\MySQLi\Connection.php(173): mysqli->real_connect('localhost', 'root', Object(SensitiveParameterValue), 'bd_taller', 3307, '', 0)
#1 C:\xamppa\htdocs\miproyecto\system\Database\BaseConnection.php(391): CodeIgniter\Database\MySQLi\Connection->connect(false)
#2 C:\xamppa\htdocs\miproyecto\system\Database\BaseConnection.php(573): CodeIgniter\Database\BaseConnection->initialize()
#3 C:\xamppa\htdocs\miproyecto\system\Database\BaseBuilder.php(1616): CodeIgniter\Database\BaseConnection->query('SELECT `paises`...', Array, false)
#4 C:\xamppa\htdocs\miproyecto\system\Model.php(241): CodeIgniter\Database\BaseBuilder->get()
#5 C:\xamppa\htdocs\miproyecto\system\BaseModel.php(618): CodeIgniter\Model->doFindAll(0, 0)
#6 C:\xamppa\htdocs\miproyecto\app\Models\PaisModel.php(31): CodeIgniter\BaseModel->findAll()
#7 C:\xamppa\htdocs\miproyecto\app\Controllers\Paises.php(18): App\Models\PaisModel->paisesActivos()
#8 C:\xamppa\htdocs\miproyecto\system\CodeIgniter.php(934): App\Controllers\Paises->index()
#9 C:\xamppa\htdocs\miproyecto\system\CodeIgniter.php(499): CodeIgniter\CodeIgniter->runController(Object(App\Controllers\Paises))
#10 C:\xamppa\htdocs\miproyecto\system\CodeIgniter.php(368): CodeIgniter\CodeIgniter->handleRequest(NULL, Object(Config\Cache), false)
#11 C:\xamppa\htdocs\miproyecto\public\index.php(67): CodeIgniter\CodeIgniter->run()
#12 {main}

Next CodeIgniter\Database\Exceptions\DatabaseException: No se puede establecer una conexión ya que el equipo de destino denegó expresamente dicha conexión in C:\xamppa\htdocs\miproyecto\system\Database\MySQLi\Connection.php:218
Stack trace:
#0 C:\xamppa\htdocs\miproyecto\system\Database\BaseConnection.php(391): CodeIgniter\Database\MySQLi\Connection->connect(false)
#1 C:\xamppa\htdocs\miproyecto\system\Database\BaseConnection.php(573): CodeIgniter\Database\BaseConnection->initialize()
#2 C:\xamppa\htdocs\miproyecto\system\Database\BaseBuilder.php(1616): CodeIgniter\Database\BaseConnection->query('SELECT `paises`...', Array, false)
#3 C:\xamppa\htdocs\miproyecto\system\Model.php(241): CodeIgniter\Database\BaseBuilder->get()
#4 C:\xamppa\htdocs\miproyecto\system\BaseModel.php(618): CodeIgniter\Model->doFindAll(0, 0)
#5 C:\xamppa\htdocs\miproyecto\app\Models\PaisModel.php(31): CodeIgniter\BaseModel->findAll()
#6 C:\xamppa\htdocs\miproyecto\app\Controllers\Paises.php(18): App\Models\PaisModel->paisesActivos()
#7 C:\xamppa\htdocs\miproyecto\system\CodeIgniter.php(934): App\Controllers\Paises->index()
#8 C:\xamppa\htdocs\miproyecto\system\CodeIgniter.php(499): CodeIgniter\CodeIgniter->runController(Object(App\Controllers\Paises))
#9 C:\xamppa\htdocs\miproyecto\system\CodeIgniter.php(368): CodeIgniter\CodeIgniter->handleRequest(NULL, Object(Config\Cache), false)
#10 C:\xamppa\htdocs\miproyecto\public\index.php(67): CodeIgniter\CodeIgniter->run()
#11 {main}
CRITICAL - 2023-03-17 18:21:48 --> Unable to connect to the database.
Main connection [MySQLi]: No se puede establecer una conexión ya que el equipo de destino denegó expresamente dicha conexión
in SYSTEMPATH\Database\BaseConnection.php on line 427.
 1 SYSTEMPATH\Database\BaseConnection.php(573): CodeIgniter\Database\BaseConnection->initialize()
 2 SYSTEMPATH\Database\BaseBuilder.php(1616): CodeIgniter\Database\BaseConnection->query('SELECT `paises`.*
FROM `paises`
WHERE `estado` = :estado:', [...], false)
 3 SYSTEMPATH\Model.php(241): CodeIgniter\Database\BaseBuilder->get()
 4 SYSTEMPATH\BaseModel.php(618): CodeIgniter\Model->doFindAll(0, 0)
 5 APPPATH\Models\PaisModel.php(31): CodeIgniter\BaseModel->findAll()
 6 APPPATH\Controllers\Paises.php(18): App\Models\PaisModel->paisesActivos()
 7 SYSTEMPATH\CodeIgniter.php(934): App\Controllers\Paises->index()
 8 SYSTEMPATH\CodeIgniter.php(499): CodeIgniter\CodeIgniter->runController(Object(App\Controllers\Paises))
 9 SYSTEMPATH\CodeIgniter.php(368): CodeIgniter\CodeIgniter->handleRequest(null, Object(Config\Cache), false)
10 FCPATH\index.php(67): CodeIgniter\CodeIgniter->run()
ERROR - 2023-03-17 18:21:53 --> Error connecting to the database: mysqli_sql_exception: No se puede establecer una conexión ya que el equipo de destino denegó expresamente dicha conexión in C:\xamppa\htdocs\miproyecto\system\Database\MySQLi\Connection.php:173
Stack trace:
#0 C:\xamppa\htdocs\miproyecto\system\Database\MySQLi\Connection.php(173): mysqli->real_connect('localhost', 'root', Object(SensitiveParameterValue), 'bd_taller', 3307, '', 0)
#1 C:\xamppa\htdocs\miproyecto\system\Database\BaseConnection.php(391): CodeIgniter\Database\MySQLi\Connection->connect(false)
#2 C:\xamppa\htdocs\miproyecto\system\Database\BaseConnection.php(573): CodeIgniter\Database\BaseConnection->initialize()
#3 C:\xamppa\htdocs\miproyecto\system\Database\BaseBuilder.php(1616): CodeIgniter\Database\BaseConnection->query('SELECT `paises`...', Array, false)
#4 C:\xamppa\htdocs\miproyecto\system\Model.php(241): CodeIgniter\Database\BaseBuilder->get()
#5 C:\xamppa\htdocs\miproyecto\system\BaseModel.php(618): CodeIgniter\Model->doFindAll(0, 0)
#6 C:\xamppa\htdocs\miproyecto\app\Models\PaisModel.php(31): CodeIgniter\BaseModel->findAll()
#7 C:\xamppa\htdocs\miproyecto\app\Controllers\Paises.php(18): App\Models\PaisModel->paisesActivos()
#8 C:\xamppa\htdocs\miproyecto\system\CodeIgniter.php(934): App\Controllers\Paises->index()
#9 C:\xamppa\htdocs\miproyecto\system\CodeIgniter.php(499): CodeIgniter\CodeIgniter->runController(Object(App\Controllers\Paises))
#10 C:\xamppa\htdocs\miproyecto\system\CodeIgniter.php(368): CodeIgniter\CodeIgniter->handleRequest(NULL, Object(Config\Cache), false)
#11 C:\xamppa\htdocs\miproyecto\public\index.php(67): CodeIgniter\CodeIgniter->run()
#12 {main}

Next CodeIgniter\Database\Exceptions\DatabaseException: No se puede establecer una conexión ya que el equipo de destino denegó expresamente dicha conexión in C:\xamppa\htdocs\miproyecto\system\Database\MySQLi\Connection.php:218
Stack trace:
#0 C:\xamppa\htdocs\miproyecto\system\Database\BaseConnection.php(391): CodeIgniter\Database\MySQLi\Connection->connect(false)
#1 C:\xamppa\htdocs\miproyecto\system\Database\BaseConnection.php(573): CodeIgniter\Database\BaseConnection->initialize()
#2 C:\xamppa\htdocs\miproyecto\system\Database\BaseBuilder.php(1616): CodeIgniter\Database\BaseConnection->query('SELECT `paises`...', Array, false)
#3 C:\xamppa\htdocs\miproyecto\system\Model.php(241): CodeIgniter\Database\BaseBuilder->get()
#4 C:\xamppa\htdocs\miproyecto\system\BaseModel.php(618): CodeIgniter\Model->doFindAll(0, 0)
#5 C:\xamppa\htdocs\miproyecto\app\Models\PaisModel.php(31): CodeIgniter\BaseModel->findAll()
#6 C:\xamppa\htdocs\miproyecto\app\Controllers\Paises.php(18): App\Models\PaisModel->paisesActivos()
#7 C:\xamppa\htdocs\miproyecto\system\CodeIgniter.php(934): App\Controllers\Paises->index()
#8 C:\xamppa\htdocs\miproyecto\system\CodeIgniter.php(499): CodeIgniter\CodeIgniter->runController(Object(App\Controllers\Paises))
#9 C:\xamppa\htdocs\miproyecto\system\CodeIgniter.php(368): CodeIgniter\CodeIgniter->handleRequest(NULL, Object(Config\Cache), false)
#10 C:\xamppa\htdocs\miproyecto\public\index.php(67): CodeIgniter\CodeIgniter->run()
#11 {main}
CRITICAL - 2023-03-17 18:21:53 --> Unable to connect to the database.
Main connection [MySQLi]: No se puede establecer una conexión ya que el equipo de destino denegó expresamente dicha conexión
in SYSTEMPATH\Database\BaseConnection.php on line 427.
 1 SYSTEMPATH\Database\BaseConnection.php(573): CodeIgniter\Database\BaseConnection->initialize()
 2 SYSTEMPATH\Database\BaseBuilder.php(1616): CodeIgniter\Database\BaseConnection->query('SELECT `paises`.*
FROM `paises`
WHERE `estado` = :estado:', [...], false)
 3 SYSTEMPATH\Model.php(241): CodeIgniter\Database\BaseBuilder->get()
 4 SYSTEMPATH\BaseModel.php(618): CodeIgniter\Model->doFindAll(0, 0)
 5 APPPATH\Models\PaisModel.php(31): CodeIgniter\BaseModel->findAll()
 6 APPPATH\Controllers\Paises.php(18): App\Models\PaisModel->paisesActivos()
 7 SYSTEMPATH\CodeIgniter.php(934): App\Controllers\Paises->index()
 8 SYSTEMPATH\CodeIgniter.php(499): CodeIgniter\CodeIgniter->runController(Object(App\Controllers\Paises))
 9 SYSTEMPATH\CodeIgniter.php(368): CodeIgniter\CodeIgniter->handleRequest(null, Object(Config\Cache), false)
10 FCPATH\index.php(67): CodeIgniter\CodeIgniter->run()
ERROR - 2023-03-17 18:21:58 --> Error connecting to the database: mysqli_sql_exception: No se puede establecer una conexión ya que el equipo de destino denegó expresamente dicha conexión in C:\xamppa\htdocs\miproyecto\system\Database\MySQLi\Connection.php:173
Stack trace:
#0 C:\xamppa\htdocs\miproyecto\system\Database\MySQLi\Connection.php(173): mysqli->real_connect('localhost', 'root', Object(SensitiveParameterValue), 'bd_taller', 3307, '', 0)
#1 C:\xamppa\htdocs\miproyecto\system\Database\BaseConnection.php(391): CodeIgniter\Database\MySQLi\Connection->connect(false)
#2 C:\xamppa\htdocs\miproyecto\system\Database\BaseConnection.php(573): CodeIgniter\Database\BaseConnection->initialize()
#3 C:\xamppa\htdocs\miproyecto\system\Database\BaseBuilder.php(1616): CodeIgniter\Database\BaseConnection->query('SELECT `paises`...', Array, false)
#4 C:\xamppa\htdocs\miproyecto\system\Model.php(241): CodeIgniter\Database\BaseBuilder->get()
#5 C:\xamppa\htdocs\miproyecto\system\BaseModel.php(618): CodeIgniter\Model->doFindAll(0, 0)
#6 C:\xamppa\htdocs\miproyecto\app\Models\PaisModel.php(31): CodeIgniter\BaseModel->findAll()
#7 C:\xamppa\htdocs\miproyecto\app\Controllers\Paises.php(18): App\Models\PaisModel->paisesActivos()
#8 C:\xamppa\htdocs\miproyecto\system\CodeIgniter.php(934): App\Controllers\Paises->index()
#9 C:\xamppa\htdocs\miproyecto\system\CodeIgniter.php(499): CodeIgniter\CodeIgniter->runController(Object(App\Controllers\Paises))
#10 C:\xamppa\htdocs\miproyecto\system\CodeIgniter.php(368): CodeIgniter\CodeIgniter->handleRequest(NULL, Object(Config\Cache), false)
#11 C:\xamppa\htdocs\miproyecto\public\index.php(67): CodeIgniter\CodeIgniter->run()
#12 {main}

Next CodeIgniter\Database\Exceptions\DatabaseException: No se puede establecer una conexión ya que el equipo de destino denegó expresamente dicha conexión in C:\xamppa\htdocs\miproyecto\system\Database\MySQLi\Connection.php:218
Stack trace:
#0 C:\xamppa\htdocs\miproyecto\system\Database\BaseConnection.php(391): CodeIgniter\Database\MySQLi\Connection->connect(false)
#1 C:\xamppa\htdocs\miproyecto\system\Database\BaseConnection.php(573): CodeIgniter\Database\BaseConnection->initialize()
#2 C:\xamppa\htdocs\miproyecto\system\Database\BaseBuilder.php(1616): CodeIgniter\Database\BaseConnection->query('SELECT `paises`...', Array, false)
#3 C:\xamppa\htdocs\miproyecto\system\Model.php(241): CodeIgniter\Database\BaseBuilder->get()
#4 C:\xamppa\htdocs\miproyecto\system\BaseModel.php(618): CodeIgniter\Model->doFindAll(0, 0)
#5 C:\xamppa\htdocs\miproyecto\app\Models\PaisModel.php(31): CodeIgniter\BaseModel->findAll()
#6 C:\xamppa\htdocs\miproyecto\app\Controllers\Paises.php(18): App\Models\PaisModel->paisesActivos()
#7 C:\xamppa\htdocs\miproyecto\system\CodeIgniter.php(934): App\Controllers\Paises->index()
#8 C:\xamppa\htdocs\miproyecto\system\CodeIgniter.php(499): CodeIgniter\CodeIgniter->runController(Object(App\Controllers\Paises))
#9 C:\xamppa\htdocs\miproyecto\system\CodeIgniter.php(368): CodeIgniter\CodeIgniter->handleRequest(NULL, Object(Config\Cache), false)
#10 C:\xamppa\htdocs\miproyecto\public\index.php(67): CodeIgniter\CodeIgniter->run()
#11 {main}
CRITICAL - 2023-03-17 18:21:58 --> Unable to connect to the database.
Main connection [MySQLi]: No se puede establecer una conexión ya que el equipo de destino denegó expresamente dicha conexión
in SYSTEMPATH\Database\BaseConnection.php on line 427.
 1 SYSTEMPATH\Database\BaseConnection.php(573): CodeIgniter\Database\BaseConnection->initialize()
 2 SYSTEMPATH\Database\BaseBuilder.php(1616): CodeIgniter\Database\BaseConnection->query('SELECT `paises`.*
FROM `paises`
WHERE `estado` = :estado:', [...], false)
 3 SYSTEMPATH\Model.php(241): CodeIgniter\Database\BaseBuilder->get()
 4 SYSTEMPATH\BaseModel.php(618): CodeIgniter\Model->doFindAll(0, 0)
 5 APPPATH\Models\PaisModel.php(31): CodeIgniter\BaseModel->findAll()
 6 APPPATH\Controllers\Paises.php(18): App\Models\PaisModel->paisesActivos()
 7 SYSTEMPATH\CodeIgniter.php(934): App\Controllers\Paises->index()
 8 SYSTEMPATH\CodeIgniter.php(499): CodeIgniter\CodeIgniter->runController(Object(App\Controllers\Paises))
 9 SYSTEMPATH\CodeIgniter.php(368): CodeIgniter\CodeIgniter->handleRequest(null, Object(Config\Cache), false)
10 FCPATH\index.php(67): CodeIgniter\CodeIgniter->run()
CRITICAL - 2023-03-17 18:24:13 --> Undefined array key "Pnombre"
in APPPATH\Views\departamentos\departamentos.php on line 49.
 1 APPPATH\Views\departamentos\departamentos.php(49): CodeIgniter\Debug\Exceptions->errorHandler(2, 'Undefined array key "Pnombre"', 'APPPATH\\Views\\departamentos\\departamentos.php', 49)
 2 SYSTEMPATH\View\View.php(213): include('APPPATH\\Views\\departamentos\\departamentos.php')
 3 SYSTEMPATH\View\View.php(216): CodeIgniter\View\View->CodeIgniter\View\{closure}()
 4 SYSTEMPATH\Common.php(1184): CodeIgniter\View\View->render('/departamentos/departamentos', [], true)
 5 APPPATH\Controllers\Departamentos.php(27): view('/departamentos/departamentos')
 6 SYSTEMPATH\CodeIgniter.php(934): App\Controllers\Departamentos->index()
 7 SYSTEMPATH\CodeIgniter.php(499): CodeIgniter\CodeIgniter->runController(Object(App\Controllers\Departamentos))
 8 SYSTEMPATH\CodeIgniter.php(368): CodeIgniter\CodeIgniter->handleRequest(null, Object(Config\Cache), false)
 9 FCPATH\index.php(67): CodeIgniter\CodeIgniter->run()
CRITICAL - 2023-03-17 18:24:14 --> Undefined array key "Pnombre"
in APPPATH\Views\departamentos\departamentos.php on line 49.
 1 APPPATH\Views\departamentos\departamentos.php(49): CodeIgniter\Debug\Exceptions->errorHandler(2, 'Undefined array key "Pnombre"', 'APPPATH\\Views\\departamentos\\departamentos.php', 49)
 2 SYSTEMPATH\View\View.php(213): include('APPPATH\\Views\\departamentos\\departamentos.php')
 3 SYSTEMPATH\View\View.php(216): CodeIgniter\View\View->CodeIgniter\View\{closure}()
 4 SYSTEMPATH\Common.php(1184): CodeIgniter\View\View->render('/departamentos/departamentos', [], true)
 5 APPPATH\Controllers\Departamentos.php(27): view('/departamentos/departamentos')
 6 SYSTEMPATH\CodeIgniter.php(934): App\Controllers\Departamentos->index()
 7 SYSTEMPATH\CodeIgniter.php(499): CodeIgniter\CodeIgniter->runController(Object(App\Controllers\Departamentos))
 8 SYSTEMPATH\CodeIgniter.php(368): CodeIgniter\CodeIgniter->handleRequest(null, Object(Config\Cache), false)
 9 FCPATH\index.php(67): CodeIgniter\CodeIgniter->run()
