CRITICAL - 2023-03-24 19:19:47 --> The framework needs the following extension(s) installed and loaded: intl.
in SYSTEMPATH\CodeIgniter.php on line 226.
 1 SYSTEMPATH\CodeIgniter.php(226): CodeIgniter\Exceptions\FrameworkException::forMissingExtension('intl')
 2 SYSTEMPATH\CodeIgniter.php(190): CodeIgniter\CodeIgniter->resolvePlatformExtensions()
 3 FCPATH\index.php(55): CodeIgniter\CodeIgniter->initialize()
CRITICAL - 2023-03-24 19:19:48 --> The framework needs the following extension(s) installed and loaded: intl.
in SYSTEMPATH\CodeIgniter.php on line 226.
 1 SYSTEMPATH\CodeIgniter.php(226): CodeIgniter\Exceptions\FrameworkException::forMissingExtension('intl')
 2 SYSTEMPATH\CodeIgniter.php(190): CodeIgniter\CodeIgniter->resolvePlatformExtensions()
 3 FCPATH\index.php(55): CodeIgniter\CodeIgniter->initialize()
CRITICAL - 2023-03-24 19:19:54 --> The framework needs the following extension(s) installed and loaded: intl.
in SYSTEMPATH\CodeIgniter.php on line 226.
 1 SYSTEMPATH\CodeIgniter.php(226): CodeIgniter\Exceptions\FrameworkException::forMissingExtension('intl')
 2 SYSTEMPATH\CodeIgniter.php(190): CodeIgniter\CodeIgniter->resolvePlatformExtensions()
 3 FCPATH\index.php(55): CodeIgniter\CodeIgniter->initialize()
CRITICAL - 2023-03-24 19:19:54 --> The framework needs the following extension(s) installed and loaded: intl.
in SYSTEMPATH\CodeIgniter.php on line 226.
 1 SYSTEMPATH\CodeIgniter.php(226): CodeIgniter\Exceptions\FrameworkException::forMissingExtension('intl')
 2 SYSTEMPATH\CodeIgniter.php(190): CodeIgniter\CodeIgniter->resolvePlatformExtensions()
 3 FCPATH\index.php(55): CodeIgniter\CodeIgniter->initialize()
CRITICAL - 2023-03-24 19:19:54 --> The framework needs the following extension(s) installed and loaded: intl.
in SYSTEMPATH\CodeIgniter.php on line 226.
 1 SYSTEMPATH\CodeIgniter.php(226): CodeIgniter\Exceptions\FrameworkException::forMissingExtension('intl')
 2 SYSTEMPATH\CodeIgniter.php(190): CodeIgniter\CodeIgniter->resolvePlatformExtensions()
 3 FCPATH\index.php(55): CodeIgniter\CodeIgniter->initialize()
CRITICAL - 2023-03-24 19:19:55 --> The framework needs the following extension(s) installed and loaded: intl.
in SYSTEMPATH\CodeIgniter.php on line 226.
 1 SYSTEMPATH\CodeIgniter.php(226): CodeIgniter\Exceptions\FrameworkException::forMissingExtension('intl')
 2 SYSTEMPATH\CodeIgniter.php(190): CodeIgniter\CodeIgniter->resolvePlatformExtensions()
 3 FCPATH\index.php(55): CodeIgniter\CodeIgniter->initialize()
CRITICAL - 2023-03-24 19:19:55 --> The framework needs the following extension(s) installed and loaded: intl.
in SYSTEMPATH\CodeIgniter.php on line 226.
 1 SYSTEMPATH\CodeIgniter.php(226): CodeIgniter\Exceptions\FrameworkException::forMissingExtension('intl')
 2 SYSTEMPATH\CodeIgniter.php(190): CodeIgniter\CodeIgniter->resolvePlatformExtensions()
 3 FCPATH\index.php(55): CodeIgniter\CodeIgniter->initialize()
CRITICAL - 2023-03-24 19:19:55 --> The framework needs the following extension(s) installed and loaded: intl.
in SYSTEMPATH\CodeIgniter.php on line 226.
 1 SYSTEMPATH\CodeIgniter.php(226): CodeIgniter\Exceptions\FrameworkException::forMissingExtension('intl')
 2 SYSTEMPATH\CodeIgniter.php(190): CodeIgniter\CodeIgniter->resolvePlatformExtensions()
 3 FCPATH\index.php(55): CodeIgniter\CodeIgniter->initialize()
CRITICAL - 2023-03-24 19:19:55 --> The framework needs the following extension(s) installed and loaded: intl.
in SYSTEMPATH\CodeIgniter.php on line 226.
 1 SYSTEMPATH\CodeIgniter.php(226): CodeIgniter\Exceptions\FrameworkException::forMissingExtension('intl')
 2 SYSTEMPATH\CodeIgniter.php(190): CodeIgniter\CodeIgniter->resolvePlatformExtensions()
 3 FCPATH\index.php(55): CodeIgniter\CodeIgniter->initialize()
CRITICAL - 2023-03-24 19:19:56 --> The framework needs the following extension(s) installed and loaded: intl.
in SYSTEMPATH\CodeIgniter.php on line 226.
 1 SYSTEMPATH\CodeIgniter.php(226): CodeIgniter\Exceptions\FrameworkException::forMissingExtension('intl')
 2 SYSTEMPATH\CodeIgniter.php(190): CodeIgniter\CodeIgniter->resolvePlatformExtensions()
 3 FCPATH\index.php(55): CodeIgniter\CodeIgniter->initialize()
CRITICAL - 2023-03-24 19:19:56 --> The framework needs the following extension(s) installed and loaded: intl.
in SYSTEMPATH\CodeIgniter.php on line 226.
 1 SYSTEMPATH\CodeIgniter.php(226): CodeIgniter\Exceptions\FrameworkException::forMissingExtension('intl')
 2 SYSTEMPATH\CodeIgniter.php(190): CodeIgniter\CodeIgniter->resolvePlatformExtensions()
 3 FCPATH\index.php(55): CodeIgniter\CodeIgniter->initialize()
CRITICAL - 2023-03-24 19:19:56 --> The framework needs the following extension(s) installed and loaded: intl.
in SYSTEMPATH\CodeIgniter.php on line 226.
 1 SYSTEMPATH\CodeIgniter.php(226): CodeIgniter\Exceptions\FrameworkException::forMissingExtension('intl')
 2 SYSTEMPATH\CodeIgniter.php(190): CodeIgniter\CodeIgniter->resolvePlatformExtensions()
 3 FCPATH\index.php(55): CodeIgniter\CodeIgniter->initialize()
ERROR - 2023-03-24 20:07:20 --> mysqli_sql_exception: Column 'estado' in where clause is ambiguous in C:\xampp 2\htdocs\miproyecto\system\Database\MySQLi\Connection.php:295
Stack trace:
#0 C:\xampp 2\htdocs\miproyecto\system\Database\MySQLi\Connection.php(295): mysqli->query('SELECT `municip...', 0)
#1 C:\xampp 2\htdocs\miproyecto\system\Database\BaseConnection.php(691): CodeIgniter\Database\MySQLi\Connection->execute('SELECT `municip...')
#2 C:\xampp 2\htdocs\miproyecto\system\Database\BaseConnection.php(605): CodeIgniter\Database\BaseConnection->simpleQuery('SELECT `municip...')
#3 C:\xampp 2\htdocs\miproyecto\system\Database\BaseBuilder.php(1616): CodeIgniter\Database\BaseConnection->query('SELECT `municip...', Array, false)
#4 C:\xampp 2\htdocs\miproyecto\system\Model.php(241): CodeIgniter\Database\BaseBuilder->get()
#5 C:\xampp 2\htdocs\miproyecto\system\BaseModel.php(618): CodeIgniter\Model->doFindAll(0, 0)
#6 C:\xampp 2\htdocs\miproyecto\app\Models\MunicipioModel.php(89): CodeIgniter\BaseModel->findAll()
#7 C:\xampp 2\htdocs\miproyecto\app\Controllers\Empleados.php(80): App\Models\MunicipioModel->traer_municipiosAndDptoByIdPais('1')
#8 C:\xampp 2\htdocs\miproyecto\system\CodeIgniter.php(934): App\Controllers\Empleados->traer_dptosAndMunicipios('1')
#9 C:\xampp 2\htdocs\miproyecto\system\CodeIgniter.php(499): CodeIgniter\CodeIgniter->runController(Object(App\Controllers\Empleados))
#10 C:\xampp 2\htdocs\miproyecto\system\CodeIgniter.php(368): CodeIgniter\CodeIgniter->handleRequest(NULL, Object(Config\Cache), false)
#11 C:\xampp 2\htdocs\miproyecto\public\index.php(67): CodeIgniter\CodeIgniter->run()
#12 {main}
CRITICAL - 2023-03-24 20:07:20 --> Column 'estado' in where clause is ambiguous
in SYSTEMPATH\Database\BaseConnection.php on line 645.
 1 SYSTEMPATH\Database\BaseBuilder.php(1616): CodeIgniter\Database\BaseConnection->query('SELECT `municipios`.*, `departamentos`.`id` AS `dpto_id`, `departamentos`.`nombre` AS `dpto_nombre`
FROM `municipios`
JOIN `departamentos` ON `departamentos`.`id` = `municipios`.`id_departamento`
WHERE `estado` = :estado:
AND `id_departamento` = :id_departamento:', [...], false)
 2 SYSTEMPATH\Model.php(241): CodeIgniter\Database\BaseBuilder->get()
 3 SYSTEMPATH\BaseModel.php(618): CodeIgniter\Model->doFindAll(0, 0)
 4 APPPATH\Models\MunicipioModel.php(89): CodeIgniter\BaseModel->findAll()
 5 APPPATH\Controllers\Empleados.php(80): App\Models\MunicipioModel->traer_municipiosAndDptoByIdPais('1')
 6 SYSTEMPATH\CodeIgniter.php(934): App\Controllers\Empleados->traer_dptosAndMunicipios('1')
 7 SYSTEMPATH\CodeIgniter.php(499): CodeIgniter\CodeIgniter->runController(Object(App\Controllers\Empleados))
 8 SYSTEMPATH\CodeIgniter.php(368): CodeIgniter\CodeIgniter->handleRequest(null, Object(Config\Cache), false)
 9 FCPATH\index.php(67): CodeIgniter\CodeIgniter->run()
ERROR - 2023-03-24 20:08:07 --> mysqli_sql_exception: Column 'estado' in where clause is ambiguous in C:\xampp 2\htdocs\miproyecto\system\Database\MySQLi\Connection.php:295
Stack trace:
#0 C:\xampp 2\htdocs\miproyecto\system\Database\MySQLi\Connection.php(295): mysqli->query('SELECT `municip...', 0)
#1 C:\xampp 2\htdocs\miproyecto\system\Database\BaseConnection.php(691): CodeIgniter\Database\MySQLi\Connection->execute('SELECT `municip...')
#2 C:\xampp 2\htdocs\miproyecto\system\Database\BaseConnection.php(605): CodeIgniter\Database\BaseConnection->simpleQuery('SELECT `municip...')
#3 C:\xampp 2\htdocs\miproyecto\system\Database\BaseBuilder.php(1616): CodeIgniter\Database\BaseConnection->query('SELECT `municip...', Array, false)
#4 C:\xampp 2\htdocs\miproyecto\system\Model.php(241): CodeIgniter\Database\BaseBuilder->get()
#5 C:\xampp 2\htdocs\miproyecto\system\BaseModel.php(618): CodeIgniter\Model->doFindAll(0, 0)
#6 C:\xampp 2\htdocs\miproyecto\app\Models\MunicipioModel.php(89): CodeIgniter\BaseModel->findAll()
#7 C:\xampp 2\htdocs\miproyecto\app\Controllers\Empleados.php(80): App\Models\MunicipioModel->traer_municipiosAndDptoByIdPais('1')
#8 C:\xampp 2\htdocs\miproyecto\system\CodeIgniter.php(934): App\Controllers\Empleados->traer_dptosAndMunicipios('1')
#9 C:\xampp 2\htdocs\miproyecto\system\CodeIgniter.php(499): CodeIgniter\CodeIgniter->runController(Object(App\Controllers\Empleados))
#10 C:\xampp 2\htdocs\miproyecto\system\CodeIgniter.php(368): CodeIgniter\CodeIgniter->handleRequest(NULL, Object(Config\Cache), false)
#11 C:\xampp 2\htdocs\miproyecto\public\index.php(67): CodeIgniter\CodeIgniter->run()
#12 {main}
CRITICAL - 2023-03-24 20:08:07 --> Column 'estado' in where clause is ambiguous
in SYSTEMPATH\Database\BaseConnection.php on line 645.
 1 SYSTEMPATH\Database\BaseBuilder.php(1616): CodeIgniter\Database\BaseConnection->query('SELECT `municipios`.*, `departamentos`.`id` AS `dpto_id`, `departamentos`.`nombre` AS `dpto_nombre`
FROM `municipios`
JOIN `departamentos` ON `departamentos`.`id` = `municipios`.`id_departamento`
WHERE `estado` = :estado:
AND `id_departamentos` = :id_departamentos:', [...], false)
 2 SYSTEMPATH\Model.php(241): CodeIgniter\Database\BaseBuilder->get()
 3 SYSTEMPATH\BaseModel.php(618): CodeIgniter\Model->doFindAll(0, 0)
 4 APPPATH\Models\MunicipioModel.php(89): CodeIgniter\BaseModel->findAll()
 5 APPPATH\Controllers\Empleados.php(80): App\Models\MunicipioModel->traer_municipiosAndDptoByIdPais('1')
 6 SYSTEMPATH\CodeIgniter.php(934): App\Controllers\Empleados->traer_dptosAndMunicipios('1')
 7 SYSTEMPATH\CodeIgniter.php(499): CodeIgniter\CodeIgniter->runController(Object(App\Controllers\Empleados))
 8 SYSTEMPATH\CodeIgniter.php(368): CodeIgniter\CodeIgniter->handleRequest(null, Object(Config\Cache), false)
 9 FCPATH\index.php(67): CodeIgniter\CodeIgniter->run()
ERROR - 2023-03-24 20:08:43 --> mysqli_sql_exception: Unknown column 'id_departamentos' in 'where clause' in C:\xampp 2\htdocs\miproyecto\system\Database\MySQLi\Connection.php:295
Stack trace:
#0 C:\xampp 2\htdocs\miproyecto\system\Database\MySQLi\Connection.php(295): mysqli->query('SELECT `municip...', 0)
#1 C:\xampp 2\htdocs\miproyecto\system\Database\BaseConnection.php(691): CodeIgniter\Database\MySQLi\Connection->execute('SELECT `municip...')
#2 C:\xampp 2\htdocs\miproyecto\system\Database\BaseConnection.php(605): CodeIgniter\Database\BaseConnection->simpleQuery('SELECT `municip...')
#3 C:\xampp 2\htdocs\miproyecto\system\Database\BaseBuilder.php(1616): CodeIgniter\Database\BaseConnection->query('SELECT `municip...', Array, false)
#4 C:\xampp 2\htdocs\miproyecto\system\Model.php(241): CodeIgniter\Database\BaseBuilder->get()
#5 C:\xampp 2\htdocs\miproyecto\system\BaseModel.php(618): CodeIgniter\Model->doFindAll(0, 0)
#6 C:\xampp 2\htdocs\miproyecto\app\Models\MunicipioModel.php(89): CodeIgniter\BaseModel->findAll()
#7 C:\xampp 2\htdocs\miproyecto\app\Controllers\Empleados.php(80): App\Models\MunicipioModel->traer_municipiosAndDptoByIdPais('1')
#8 C:\xampp 2\htdocs\miproyecto\system\CodeIgniter.php(934): App\Controllers\Empleados->traer_dptosAndMunicipios('1')
#9 C:\xampp 2\htdocs\miproyecto\system\CodeIgniter.php(499): CodeIgniter\CodeIgniter->runController(Object(App\Controllers\Empleados))
#10 C:\xampp 2\htdocs\miproyecto\system\CodeIgniter.php(368): CodeIgniter\CodeIgniter->handleRequest(NULL, Object(Config\Cache), false)
#11 C:\xampp 2\htdocs\miproyecto\public\index.php(67): CodeIgniter\CodeIgniter->run()
#12 {main}
CRITICAL - 2023-03-24 20:08:43 --> Unknown column 'id_departamentos' in 'where clause'
in SYSTEMPATH\Database\BaseConnection.php on line 645.
 1 SYSTEMPATH\Database\BaseBuilder.php(1616): CodeIgniter\Database\BaseConnection->query('SELECT `municipios`.*, `departamentos`.`id` AS `dpto_id`, `departamentos`.`nombre` AS `dpto_nombre`
FROM `municipios`
JOIN `departamentos` ON `departamentos`.`id` = `municipios`.`id_departamento`
WHERE `departamentos`.`estado` = :departamentos.estado:
AND `id_departamentos` = :id_departamentos:', [...], false)
 2 SYSTEMPATH\Model.php(241): CodeIgniter\Database\BaseBuilder->get()
 3 SYSTEMPATH\BaseModel.php(618): CodeIgniter\Model->doFindAll(0, 0)
 4 APPPATH\Models\MunicipioModel.php(89): CodeIgniter\BaseModel->findAll()
 5 APPPATH\Controllers\Empleados.php(80): App\Models\MunicipioModel->traer_municipiosAndDptoByIdPais('1')
 6 SYSTEMPATH\CodeIgniter.php(934): App\Controllers\Empleados->traer_dptosAndMunicipios('1')
 7 SYSTEMPATH\CodeIgniter.php(499): CodeIgniter\CodeIgniter->runController(Object(App\Controllers\Empleados))
 8 SYSTEMPATH\CodeIgniter.php(368): CodeIgniter\CodeIgniter->handleRequest(null, Object(Config\Cache), false)
 9 FCPATH\index.php(67): CodeIgniter\CodeIgniter->run()
ERROR - 2023-03-24 20:08:51 --> mysqli_sql_exception: Unknown column 'id_departamentos' in 'where clause' in C:\xampp 2\htdocs\miproyecto\system\Database\MySQLi\Connection.php:295
Stack trace:
#0 C:\xampp 2\htdocs\miproyecto\system\Database\MySQLi\Connection.php(295): mysqli->query('SELECT `municip...', 0)
#1 C:\xampp 2\htdocs\miproyecto\system\Database\BaseConnection.php(691): CodeIgniter\Database\MySQLi\Connection->execute('SELECT `municip...')
#2 C:\xampp 2\htdocs\miproyecto\system\Database\BaseConnection.php(605): CodeIgniter\Database\BaseConnection->simpleQuery('SELECT `municip...')
#3 C:\xampp 2\htdocs\miproyecto\system\Database\BaseBuilder.php(1616): CodeIgniter\Database\BaseConnection->query('SELECT `municip...', Array, false)
#4 C:\xampp 2\htdocs\miproyecto\system\Model.php(241): CodeIgniter\Database\BaseBuilder->get()
#5 C:\xampp 2\htdocs\miproyecto\system\BaseModel.php(618): CodeIgniter\Model->doFindAll(0, 0)
#6 C:\xampp 2\htdocs\miproyecto\app\Models\MunicipioModel.php(89): CodeIgniter\BaseModel->findAll()
#7 C:\xampp 2\htdocs\miproyecto\app\Controllers\Empleados.php(80): App\Models\MunicipioModel->traer_municipiosAndDptoByIdPais('1')
#8 C:\xampp 2\htdocs\miproyecto\system\CodeIgniter.php(934): App\Controllers\Empleados->traer_dptosAndMunicipios('1')
#9 C:\xampp 2\htdocs\miproyecto\system\CodeIgniter.php(499): CodeIgniter\CodeIgniter->runController(Object(App\Controllers\Empleados))
#10 C:\xampp 2\htdocs\miproyecto\system\CodeIgniter.php(368): CodeIgniter\CodeIgniter->handleRequest(NULL, Object(Config\Cache), false)
#11 C:\xampp 2\htdocs\miproyecto\public\index.php(67): CodeIgniter\CodeIgniter->run()
#12 {main}
CRITICAL - 2023-03-24 20:08:51 --> Unknown column 'id_departamentos' in 'where clause'
in SYSTEMPATH\Database\BaseConnection.php on line 645.
 1 SYSTEMPATH\Database\BaseBuilder.php(1616): CodeIgniter\Database\BaseConnection->query('SELECT `municipios`.*, `departamentos`.`id` AS `dpto_id`, `departamentos`.`nombre` AS `dpto_nombre`
FROM `municipios`
JOIN `departamentos` ON `departamentos`.`id` = `municipios`.`id_departamento`
WHERE `municipios`.`estado` = :municipios.estado:
AND `id_departamentos` = :id_departamentos:', [...], false)
 2 SYSTEMPATH\Model.php(241): CodeIgniter\Database\BaseBuilder->get()
 3 SYSTEMPATH\BaseModel.php(618): CodeIgniter\Model->doFindAll(0, 0)
 4 APPPATH\Models\MunicipioModel.php(89): CodeIgniter\BaseModel->findAll()
 5 APPPATH\Controllers\Empleados.php(80): App\Models\MunicipioModel->traer_municipiosAndDptoByIdPais('1')
 6 SYSTEMPATH\CodeIgniter.php(934): App\Controllers\Empleados->traer_dptosAndMunicipios('1')
 7 SYSTEMPATH\CodeIgniter.php(499): CodeIgniter\CodeIgniter->runController(Object(App\Controllers\Empleados))
 8 SYSTEMPATH\CodeIgniter.php(368): CodeIgniter\CodeIgniter->handleRequest(null, Object(Config\Cache), false)
 9 FCPATH\index.php(67): CodeIgniter\CodeIgniter->run()
CRITICAL - 2023-03-24 20:28:05 --> Undefined constant "rs"
in APPPATH\Views\empleados\empleados.php on line 159.
 1 SYSTEMPATH\View\View.php(213): include()
 2 SYSTEMPATH\View\View.php(216): CodeIgniter\View\View->CodeIgniter\View\{closure}()
 3 SYSTEMPATH\Common.php(1184): CodeIgniter\View\View->render('empleados/empleados', [], true)
 4 APPPATH\Controllers\Empleados.php(49): view('empleados/empleados', [...])
 5 SYSTEMPATH\CodeIgniter.php(934): App\Controllers\Empleados->index()
 6 SYSTEMPATH\CodeIgniter.php(499): CodeIgniter\CodeIgniter->runController(Object(App\Controllers\Empleados))
 7 SYSTEMPATH\CodeIgniter.php(368): CodeIgniter\CodeIgniter->handleRequest(null, Object(Config\Cache), false)
 8 FCPATH\index.php(67): CodeIgniter\CodeIgniter->run()
CRITICAL - 2023-03-24 21:09:22 --> syntax error, unexpected token "public", expecting end of file
in APPPATH\Controllers\Empleados.php on line 72.
 1 SYSTEMPATH\Router\Router.php(507): CodeIgniter\Router\AutoRouter->getRoute('empleados/insertar')
 2 SYSTEMPATH\Router\Router.php(206): CodeIgniter\Router\Router->autoRoute('empleados/insertar')
 3 SYSTEMPATH\CodeIgniter.php(815): CodeIgniter\Router\Router->handle('empleados/insertar')
 4 SYSTEMPATH\CodeIgniter.php(449): CodeIgniter\CodeIgniter->tryToRouteIt(Object(CodeIgniter\Router\RouteCollection))
 5 SYSTEMPATH\CodeIgniter.php(368): CodeIgniter\CodeIgniter->handleRequest(null, Object(Config\Cache), false)
 6 FCPATH\index.php(67): CodeIgniter\CodeIgniter->run()
CRITICAL - 2023-03-24 21:09:23 --> syntax error, unexpected token "public", expecting end of file
in APPPATH\Controllers\Empleados.php on line 72.
 1 SYSTEMPATH\Router\Router.php(507): CodeIgniter\Router\AutoRouter->getRoute('empleados/insertar')
 2 SYSTEMPATH\Router\Router.php(206): CodeIgniter\Router\Router->autoRoute('empleados/insertar')
 3 SYSTEMPATH\CodeIgniter.php(815): CodeIgniter\Router\Router->handle('empleados/insertar')
 4 SYSTEMPATH\CodeIgniter.php(449): CodeIgniter\CodeIgniter->tryToRouteIt(Object(CodeIgniter\Router\RouteCollection))
 5 SYSTEMPATH\CodeIgniter.php(368): CodeIgniter\CodeIgniter->handleRequest(null, Object(Config\Cache), false)
 6 FCPATH\index.php(67): CodeIgniter\CodeIgniter->run()
CRITICAL - 2023-03-24 21:09:23 --> syntax error, unexpected token "public", expecting end of file
in APPPATH\Controllers\Empleados.php on line 72.
 1 SYSTEMPATH\Router\Router.php(507): CodeIgniter\Router\AutoRouter->getRoute('empleados')
 2 SYSTEMPATH\Router\Router.php(206): CodeIgniter\Router\Router->autoRoute('empleados')
 3 SYSTEMPATH\CodeIgniter.php(815): CodeIgniter\Router\Router->handle('empleados')
 4 SYSTEMPATH\CodeIgniter.php(449): CodeIgniter\CodeIgniter->tryToRouteIt(Object(CodeIgniter\Router\RouteCollection))
 5 SYSTEMPATH\CodeIgniter.php(368): CodeIgniter\CodeIgniter->handleRequest(null, Object(Config\Cache), false)
 6 FCPATH\index.php(67): CodeIgniter\CodeIgniter->run()
CRITICAL - 2023-03-24 21:09:26 --> syntax error, unexpected token "public", expecting end of file
in APPPATH\Controllers\Empleados.php on line 72.
 1 SYSTEMPATH\Router\Router.php(507): CodeIgniter\Router\AutoRouter->getRoute('empleados')
 2 SYSTEMPATH\Router\Router.php(206): CodeIgniter\Router\Router->autoRoute('empleados')
 3 SYSTEMPATH\CodeIgniter.php(815): CodeIgniter\Router\Router->handle('empleados')
 4 SYSTEMPATH\CodeIgniter.php(449): CodeIgniter\CodeIgniter->tryToRouteIt(Object(CodeIgniter\Router\RouteCollection))
 5 SYSTEMPATH\CodeIgniter.php(368): CodeIgniter\CodeIgniter->handleRequest(null, Object(Config\Cache), false)
 6 FCPATH\index.php(67): CodeIgniter\CodeIgniter->run()
