CRITICAL - 2023-03-25 12:41:32 --> Too few arguments to function App\Models\EmpleadoModel::empleadosActivos(), 0 passed in C:\xampp 2\htdocs\miproyecto\app\Controllers\Empleados.php on line 33 and exactly 2 expected
in APPPATH\Models\EmpleadoModel.php on line 28.
 1 APPPATH\Controllers\Empleados.php(33): App\Models\EmpleadoModel->empleadosActivos()
 2 SYSTEMPATH\CodeIgniter.php(934): App\Controllers\Empleados->index()
 3 SYSTEMPATH\CodeIgniter.php(499): CodeIgniter\CodeIgniter->runController(Object(App\Controllers\Empleados))
 4 SYSTEMPATH\CodeIgniter.php(368): CodeIgniter\CodeIgniter->handleRequest(null, Object(Config\Cache), false)
 5 FCPATH\index.php(67): CodeIgniter\CodeIgniter->run()
CRITICAL - 2023-03-25 13:39:57 --> syntax error, unexpected token "}", expecting "," or ";"
in APPPATH\Controllers\Empleados.php on line 73.
 1 SYSTEMPATH\Router\Router.php(507): CodeIgniter\Router\AutoRouter->getRoute('empleados')
 2 SYSTEMPATH\Router\Router.php(206): CodeIgniter\Router\Router->autoRoute('empleados')
 3 SYSTEMPATH\CodeIgniter.php(815): CodeIgniter\Router\Router->handle('empleados')
 4 SYSTEMPATH\CodeIgniter.php(449): CodeIgniter\CodeIgniter->tryToRouteIt(Object(CodeIgniter\Router\RouteCollection))
 5 SYSTEMPATH\CodeIgniter.php(368): CodeIgniter\CodeIgniter->handleRequest(null, Object(Config\Cache), false)
 6 FCPATH\index.php(67): CodeIgniter\CodeIgniter->run()
CRITICAL - 2023-03-25 13:39:58 --> syntax error, unexpected token "}", expecting "," or ";"
in APPPATH\Controllers\Empleados.php on line 73.
 1 SYSTEMPATH\Router\Router.php(507): CodeIgniter\Router\AutoRouter->getRoute('empleados')
 2 SYSTEMPATH\Router\Router.php(206): CodeIgniter\Router\Router->autoRoute('empleados')
 3 SYSTEMPATH\CodeIgniter.php(815): CodeIgniter\Router\Router->handle('empleados')
 4 SYSTEMPATH\CodeIgniter.php(449): CodeIgniter\CodeIgniter->tryToRouteIt(Object(CodeIgniter\Router\RouteCollection))
 5 SYSTEMPATH\CodeIgniter.php(368): CodeIgniter\CodeIgniter->handleRequest(null, Object(Config\Cache), false)
 6 FCPATH\index.php(67): CodeIgniter\CodeIgniter->run()
